<html>
<head>
<title>TestNG:  Default test</title>
<link href="../testng.css" rel="stylesheet" type="text/css" />
<link href="../my-testng.css" rel="stylesheet" type="text/css" />

<style type="text/css">
.log { display: none;} 
.stack-trace { display: none;} 
</style>
<script type="text/javascript">
<!--
function flip(e) {
  current = e.style.display;
  if (current == 'block') {
    e.style.display = 'none';
    return 0;
  }
  else {
    e.style.display = 'block';
    return 1;
  }
}

function toggleBox(szDivId, elem, msg1, msg2)
{
  var res = -1;  if (document.getElementById) {
    res = flip(document.getElementById(szDivId));
  }
  else if (document.all) {
    // this is the way old msie versions work
    res = flip(document.all[szDivId]);
  }
  if(elem) {
    if(res == 0) elem.innerHTML = msg1; else elem.innerHTML = msg2;
  }

}

function toggleAllBoxes() {
  if (document.getElementsByTagName) {
    d = document.getElementsByTagName('div');
    for (i = 0; i < d.length; i++) {
      if (d[i].className == 'log') {
        flip(d[i]);
      }
    }
  }
}

// -->
</script>

</head>
<body>
<h2 align='center'>Default test</h2><table border='1' align="center">
<tr>
<td>Tests passed/Failed/Skipped:</td><td>22/8/0</td>
</tr><tr>
<td>Started on:</td><td>Sun Jul 26 15:34:57 PDT 2020</td>
</tr>
<tr><td>Total time:</td><td>291 seconds (291426 ms)</td>
</tr><tr>
<td>Included groups:</td><td></td>
</tr><tr>
<td>Excluded groups:</td><td></td>
</tr>
</table><p/>
<small><i>(Hover the method name to see the test class name)</i></small><p/>
<table width='100%' border='1' class='invocation-failed'>
<tr><td colspan='4' align='center'><b>FAILED TESTS</b></td></tr>
<tr><td><b>Test method</b></td>
<td width="30%"><b>Exception</b></td>
<td width="10%"><b>Time (seconds)</b></td>
<td><b>Instance</b></td>
</tr>
<tr>
<td title='com.webdriver.runner.GenericRunner.runScenario()'><b>runScenario</b><br>Test class: com.webdriver.runner.GenericRunner<br>Test method: Runs Cucumber Scenarios<br>Parameters: "Browser Function", "Browser Function"</td>
<td><div><pre>org.openqa.selenium.SessionNotCreatedException: session not created: This version of ChromeDriver only supports Chrome version 80
Build info: version: &apos;3.8.1&apos;, revision: &apos;6e95a6684b&apos;, time: &apos;2017-12-01T18:33:54.468Z&apos;
System info: host: &apos;L33986WUS&apos;, ip: &apos;55.55.55.1&apos;, os.name: &apos;Windows 10&apos;, os.arch: &apos;amd64&apos;, os.version: &apos;10.0&apos;, java.version: &apos;1.8.0_202&apos;
Driver info: driver.version: ChromeDriver
remote stacktrace: Backtrace:
	Ordinal0 [0x01490C83+1707139]
	Ordinal0 [0x013F68F1+1075441]
	Ordinal0 [0x0136DFC9+516041]
	Ordinal0 [0x01300554+66900]
	Ordinal0 [0x012FCCE2+52450]
	Ordinal0 [0x0131BFD7+180183]
	Ordinal0 [0x0131BDDD+179677]
	Ordinal0 [0x01319D4B+171339]
	Ordinal0 [0x01301D4A+73034]
	Ordinal0 [0x01302DC0+77248]
	Ordinal0 [0x01302D59+77145]
	Ordinal0 [0x0140BB67+1162087]
	GetHandleVerifier [0x0152A966+508998]
	GetHandleVerifier [0x0152A6A4+508292]
	GetHandleVerifier [0x0153F7B7+594583]
	GetHandleVerifier [0x0152B1D6+511158]
	Ordinal0 [0x0140402C+1130540]
	Ordinal0 [0x0140D4CB+1168587]
	Ordinal0 [0x0140D633+1168947]
	Ordinal0 [0x01425B35+1268533]
	BaseThreadInitThunk [0x76620419+25]
	RtlGetAppContainerNamedObjectPath [0x771C66DD+237]
	RtlGetAppContainerNamedObjectPath [0x771C66AD+189]

	at sun.reflect.NativeConstructorAccessorImpl.newInstance0(Native Method)
	at sun.reflect.NativeConstructorAccessorImpl.newInstance(NativeConstructorAccessorImpl.java:62)
	at sun.reflect.DelegatingConstructorAccessorImpl.newInstance(DelegatingConstructorAccessorImpl.java:45)
	at java.lang.reflect.Constructor.newInstance(Constructor.java:423)
	at org.openqa.selenium.remote.W3CHandshakeResponse.lambda$new$0(W3CHandshakeResponse.java:57)
	at org.openqa.selenium.remote.W3CHandshakeResponse.lambda$getResponseFunction$2(W3CHandshakeResponse.java:104)
	at org.openqa.selenium.remote.ProtocolHandshake.lambda$createSession$0(ProtocolHandshake.java:123)
	at java.util.stream.ReferencePipeline$3$1.accept(ReferencePipeline.java:193)
	at java.util.Spliterators$ArraySpliterator.tryAdvance(Spliterators.java:958)
	at java.util.stream.ReferencePipeline.forEachWithCancel(ReferencePipeline.java:126)
	at java.util.stream.AbstractPipeline.copyIntoWithCancel(AbstractPipeline.java:498)
	at java.util.stream.AbstractPipeline.copyInto(AbstractPipeline.java:485)
	at java.util.stream.AbstractPipeline.wrapAndCopyInto(AbstractPipeline.java:471)
	at java.util.stream.FindOps$FindOp.evaluateSequential(FindOps.java:152)
	at java.util.stream.AbstractPipeline.evaluate(AbstractPipeline.java:234)
	at java.util.stream.ReferencePipeline.findFirst(ReferencePipeline.java:464)
	at org.openqa.selenium.remote.ProtocolHandshake.createSession(ProtocolHandshake.java:126)
	at org.openqa.selenium.remote.ProtocolHandshake.createSession(ProtocolHandshake.java:73)
	at org.openqa.selenium.remote.HttpCommandExecutor.execute(HttpCommandExecutor.java:142)
	at org.openqa.selenium.remote.service.DriverCommandExecutor.execute(DriverCommandExecutor.java:83)
	at org.openqa.selenium.remote.RemoteWebDriver.execute(RemoteWebDriver.java:601)
	at org.openqa.selenium.remote.RemoteWebDriver.startSession(RemoteWebDriver.java:219)
	at org.openqa.selenium.remote.RemoteWebDriver.&lt;init&gt;(RemoteWebDriver.java:142)
	at org.openqa.selenium.chrome.ChromeDriver.&lt;init&gt;(ChromeDriver.java:181)
	at org.openqa.selenium.chrome.ChromeDriver.&lt;init&gt;(ChromeDriver.java:168)
	at org.openqa.selenium.chrome.ChromeDriver.&lt;init&gt;(ChromeDriver.java:123)
	at com.webdriver.browserfunction.BrowserFunctionStepDfn.browserfunction_i_have_chrome_driver_instance(BrowserFunctionStepDfn.java:32)
	at ?.BrowserFunction_I have chrome driver instance(file:///C:/Data/GitHub/SeleniumWebdriverWithCucumber-io/src/main/java/com/webdriver/browserfunction/BrowserFunction.feature:5)
</pre></div><a href='#' onClick='toggleBox("stack-trace1620301064", this, "Click to show all stack frames", "Click to hide stack frames")'>Click to show all stack frames</a>
<div class='stack-trace' id='stack-trace1620301064'><pre>org.openqa.selenium.SessionNotCreatedException: session not created: This version of ChromeDriver only supports Chrome version 80
Build info: version: &apos;3.8.1&apos;, revision: &apos;6e95a6684b&apos;, time: &apos;2017-12-01T18:33:54.468Z&apos;
System info: host: &apos;L33986WUS&apos;, ip: &apos;55.55.55.1&apos;, os.name: &apos;Windows 10&apos;, os.arch: &apos;amd64&apos;, os.version: &apos;10.0&apos;, java.version: &apos;1.8.0_202&apos;
Driver info: driver.version: ChromeDriver
remote stacktrace: Backtrace:
	Ordinal0 [0x01490C83+1707139]
	Ordinal0 [0x013F68F1+1075441]
	Ordinal0 [0x0136DFC9+516041]
	Ordinal0 [0x01300554+66900]
	Ordinal0 [0x012FCCE2+52450]
	Ordinal0 [0x0131BFD7+180183]
	Ordinal0 [0x0131BDDD+179677]
	Ordinal0 [0x01319D4B+171339]
	Ordinal0 [0x01301D4A+73034]
	Ordinal0 [0x01302DC0+77248]
	Ordinal0 [0x01302D59+77145]
	Ordinal0 [0x0140BB67+1162087]
	GetHandleVerifier [0x0152A966+508998]
	GetHandleVerifier [0x0152A6A4+508292]
	GetHandleVerifier [0x0153F7B7+594583]
	GetHandleVerifier [0x0152B1D6+511158]
	Ordinal0 [0x0140402C+1130540]
	Ordinal0 [0x0140D4CB+1168587]
	Ordinal0 [0x0140D633+1168947]
	Ordinal0 [0x01425B35+1268533]
	BaseThreadInitThunk [0x76620419+25]
	RtlGetAppContainerNamedObjectPath [0x771C66DD+237]
	RtlGetAppContainerNamedObjectPath [0x771C66AD+189]

	at sun.reflect.NativeConstructorAccessorImpl.newInstance0(Native Method)
	at sun.reflect.NativeConstructorAccessorImpl.newInstance(NativeConstructorAccessorImpl.java:62)
	at sun.reflect.DelegatingConstructorAccessorImpl.newInstance(DelegatingConstructorAccessorImpl.java:45)
	at java.lang.reflect.Constructor.newInstance(Constructor.java:423)
	at org.openqa.selenium.remote.W3CHandshakeResponse.lambda$new$0(W3CHandshakeResponse.java:57)
	at org.openqa.selenium.remote.W3CHandshakeResponse.lambda$getResponseFunction$2(W3CHandshakeResponse.java:104)
	at org.openqa.selenium.remote.ProtocolHandshake.lambda$createSession$0(ProtocolHandshake.java:123)
	at java.util.stream.ReferencePipeline$3$1.accept(ReferencePipeline.java:193)
	at java.util.Spliterators$ArraySpliterator.tryAdvance(Spliterators.java:958)
	at java.util.stream.ReferencePipeline.forEachWithCancel(ReferencePipeline.java:126)
	at java.util.stream.AbstractPipeline.copyIntoWithCancel(AbstractPipeline.java:498)
	at java.util.stream.AbstractPipeline.copyInto(AbstractPipeline.java:485)
	at java.util.stream.AbstractPipeline.wrapAndCopyInto(AbstractPipeline.java:471)
	at java.util.stream.FindOps$FindOp.evaluateSequential(FindOps.java:152)
	at java.util.stream.AbstractPipeline.evaluate(AbstractPipeline.java:234)
	at java.util.stream.ReferencePipeline.findFirst(ReferencePipeline.java:464)
	at org.openqa.selenium.remote.ProtocolHandshake.createSession(ProtocolHandshake.java:126)
	at org.openqa.selenium.remote.ProtocolHandshake.createSession(ProtocolHandshake.java:73)
	at org.openqa.selenium.remote.HttpCommandExecutor.execute(HttpCommandExecutor.java:142)
	at org.openqa.selenium.remote.service.DriverCommandExecutor.execute(DriverCommandExecutor.java:83)
	at org.openqa.selenium.remote.RemoteWebDriver.execute(RemoteWebDriver.java:601)
	at org.openqa.selenium.remote.RemoteWebDriver.startSession(RemoteWebDriver.java:219)
	at org.openqa.selenium.remote.RemoteWebDriver.&lt;init&gt;(RemoteWebDriver.java:142)
	at org.openqa.selenium.chrome.ChromeDriver.&lt;init&gt;(ChromeDriver.java:181)
	at org.openqa.selenium.chrome.ChromeDriver.&lt;init&gt;(ChromeDriver.java:168)
	at org.openqa.selenium.chrome.ChromeDriver.&lt;init&gt;(ChromeDriver.java:123)
	at com.webdriver.browserfunction.BrowserFunctionStepDfn.browserfunction_i_have_chrome_driver_instance(BrowserFunctionStepDfn.java:32)
	at ?.BrowserFunction_I have chrome driver instance(file:///C:/Data/GitHub/SeleniumWebdriverWithCucumber-io/src/main/java/com/webdriver/browserfunction/BrowserFunction.feature:5)
</pre></div></td>
<td>5</td>
<td>com.webdriver.runner.GenericRunner@23529fee</td></tr>
<tr>
<td title='com.webdriver.runner.GenericRunner.runScenario()'><b>runScenario</b><br>Test class: com.webdriver.runner.GenericRunner<br>Test method: Runs Cucumber Scenarios<br>Parameters: "Browser Function Open Webpage", "Browser Function"</td>
<td><div><pre>org.openqa.selenium.SessionNotCreatedException: session not created: This version of ChromeDriver only supports Chrome version 80
Build info: version: &apos;3.8.1&apos;, revision: &apos;6e95a6684b&apos;, time: &apos;2017-12-01T18:33:54.468Z&apos;
System info: host: &apos;L33986WUS&apos;, ip: &apos;55.55.55.1&apos;, os.name: &apos;Windows 10&apos;, os.arch: &apos;amd64&apos;, os.version: &apos;10.0&apos;, java.version: &apos;1.8.0_202&apos;
Driver info: driver.version: ChromeDriver
remote stacktrace: Backtrace:
	Ordinal0 [0x01490C83+1707139]
	Ordinal0 [0x013F68F1+1075441]
	Ordinal0 [0x0136DFC9+516041]
	Ordinal0 [0x01300554+66900]
	Ordinal0 [0x012FCCE2+52450]
	Ordinal0 [0x0131BFD7+180183]
	Ordinal0 [0x0131BDDD+179677]
	Ordinal0 [0x01319D4B+171339]
	Ordinal0 [0x01301D4A+73034]
	Ordinal0 [0x01302DC0+77248]
	Ordinal0 [0x01302D59+77145]
	Ordinal0 [0x0140BB67+1162087]
	GetHandleVerifier [0x0152A966+508998]
	GetHandleVerifier [0x0152A6A4+508292]
	GetHandleVerifier [0x0153F7B7+594583]
	GetHandleVerifier [0x0152B1D6+511158]
	Ordinal0 [0x0140402C+1130540]
	Ordinal0 [0x0140D4CB+1168587]
	Ordinal0 [0x0140D633+1168947]
	Ordinal0 [0x01425B35+1268533]
	BaseThreadInitThunk [0x76620419+25]
	RtlGetAppContainerNamedObjectPath [0x771C66DD+237]
	RtlGetAppContainerNamedObjectPath [0x771C66AD+189]

	at sun.reflect.NativeConstructorAccessorImpl.newInstance0(Native Method)
	at sun.reflect.NativeConstructorAccessorImpl.newInstance(NativeConstructorAccessorImpl.java:62)
	at sun.reflect.DelegatingConstructorAccessorImpl.newInstance(DelegatingConstructorAccessorImpl.java:45)
	at java.lang.reflect.Constructor.newInstance(Constructor.java:423)
	at org.openqa.selenium.remote.W3CHandshakeResponse.lambda$new$0(W3CHandshakeResponse.java:57)
	at org.openqa.selenium.remote.W3CHandshakeResponse.lambda$getResponseFunction$2(W3CHandshakeResponse.java:104)
	at org.openqa.selenium.remote.ProtocolHandshake.lambda$createSession$0(ProtocolHandshake.java:123)
	at java.util.stream.ReferencePipeline$3$1.accept(ReferencePipeline.java:193)
	at java.util.Spliterators$ArraySpliterator.tryAdvance(Spliterators.java:958)
	at java.util.stream.ReferencePipeline.forEachWithCancel(ReferencePipeline.java:126)
	at java.util.stream.AbstractPipeline.copyIntoWithCancel(AbstractPipeline.java:498)
	at java.util.stream.AbstractPipeline.copyInto(AbstractPipeline.java:485)
	at java.util.stream.AbstractPipeline.wrapAndCopyInto(AbstractPipeline.java:471)
	at java.util.stream.FindOps$FindOp.evaluateSequential(FindOps.java:152)
	at java.util.stream.AbstractPipeline.evaluate(AbstractPipeline.java:234)
	at java.util.stream.ReferencePipeline.findFirst(ReferencePipeline.java:464)
	at org.openqa.selenium.remote.ProtocolHandshake.createSession(ProtocolHandshake.java:126)
	at org.openqa.selenium.remote.ProtocolHandshake.createSession(ProtocolHandshake.java:73)
	at org.openqa.selenium.remote.HttpCommandExecutor.execute(HttpCommandExecutor.java:142)
	at org.openqa.selenium.remote.service.DriverCommandExecutor.execute(DriverCommandExecutor.java:83)
	at org.openqa.selenium.remote.RemoteWebDriver.execute(RemoteWebDriver.java:601)
	at org.openqa.selenium.remote.RemoteWebDriver.startSession(RemoteWebDriver.java:219)
	at org.openqa.selenium.remote.RemoteWebDriver.&lt;init&gt;(RemoteWebDriver.java:142)
	at org.openqa.selenium.chrome.ChromeDriver.&lt;init&gt;(ChromeDriver.java:181)
	at org.openqa.selenium.chrome.ChromeDriver.&lt;init&gt;(ChromeDriver.java:168)
	at org.openqa.selenium.chrome.ChromeDriver.&lt;init&gt;(ChromeDriver.java:123)
	at com.webdriver.browserfunction.BrowserFunctionStepDfn.browserfunction_i_have_chrome_driver_instance(BrowserFunctionStepDfn.java:32)
	at ?.BrowserFunction_I have chrome driver instance(file:///C:/Data/GitHub/SeleniumWebdriverWithCucumber-io/src/main/java/com/webdriver/browserfunction/BrowserFunction.feature:5)
</pre></div><a href='#' onClick='toggleBox("stack-trace2028510206", this, "Click to show all stack frames", "Click to hide stack frames")'>Click to show all stack frames</a>
<div class='stack-trace' id='stack-trace2028510206'><pre>org.openqa.selenium.SessionNotCreatedException: session not created: This version of ChromeDriver only supports Chrome version 80
Build info: version: &apos;3.8.1&apos;, revision: &apos;6e95a6684b&apos;, time: &apos;2017-12-01T18:33:54.468Z&apos;
System info: host: &apos;L33986WUS&apos;, ip: &apos;55.55.55.1&apos;, os.name: &apos;Windows 10&apos;, os.arch: &apos;amd64&apos;, os.version: &apos;10.0&apos;, java.version: &apos;1.8.0_202&apos;
Driver info: driver.version: ChromeDriver
remote stacktrace: Backtrace:
	Ordinal0 [0x01490C83+1707139]
	Ordinal0 [0x013F68F1+1075441]
	Ordinal0 [0x0136DFC9+516041]
	Ordinal0 [0x01300554+66900]
	Ordinal0 [0x012FCCE2+52450]
	Ordinal0 [0x0131BFD7+180183]
	Ordinal0 [0x0131BDDD+179677]
	Ordinal0 [0x01319D4B+171339]
	Ordinal0 [0x01301D4A+73034]
	Ordinal0 [0x01302DC0+77248]
	Ordinal0 [0x01302D59+77145]
	Ordinal0 [0x0140BB67+1162087]
	GetHandleVerifier [0x0152A966+508998]
	GetHandleVerifier [0x0152A6A4+508292]
	GetHandleVerifier [0x0153F7B7+594583]
	GetHandleVerifier [0x0152B1D6+511158]
	Ordinal0 [0x0140402C+1130540]
	Ordinal0 [0x0140D4CB+1168587]
	Ordinal0 [0x0140D633+1168947]
	Ordinal0 [0x01425B35+1268533]
	BaseThreadInitThunk [0x76620419+25]
	RtlGetAppContainerNamedObjectPath [0x771C66DD+237]
	RtlGetAppContainerNamedObjectPath [0x771C66AD+189]

	at sun.reflect.NativeConstructorAccessorImpl.newInstance0(Native Method)
	at sun.reflect.NativeConstructorAccessorImpl.newInstance(NativeConstructorAccessorImpl.java:62)
	at sun.reflect.DelegatingConstructorAccessorImpl.newInstance(DelegatingConstructorAccessorImpl.java:45)
	at java.lang.reflect.Constructor.newInstance(Constructor.java:423)
	at org.openqa.selenium.remote.W3CHandshakeResponse.lambda$new$0(W3CHandshakeResponse.java:57)
	at org.openqa.selenium.remote.W3CHandshakeResponse.lambda$getResponseFunction$2(W3CHandshakeResponse.java:104)
	at org.openqa.selenium.remote.ProtocolHandshake.lambda$createSession$0(ProtocolHandshake.java:123)
	at java.util.stream.ReferencePipeline$3$1.accept(ReferencePipeline.java:193)
	at java.util.Spliterators$ArraySpliterator.tryAdvance(Spliterators.java:958)
	at java.util.stream.ReferencePipeline.forEachWithCancel(ReferencePipeline.java:126)
	at java.util.stream.AbstractPipeline.copyIntoWithCancel(AbstractPipeline.java:498)
	at java.util.stream.AbstractPipeline.copyInto(AbstractPipeline.java:485)
	at java.util.stream.AbstractPipeline.wrapAndCopyInto(AbstractPipeline.java:471)
	at java.util.stream.FindOps$FindOp.evaluateSequential(FindOps.java:152)
	at java.util.stream.AbstractPipeline.evaluate(AbstractPipeline.java:234)
	at java.util.stream.ReferencePipeline.findFirst(ReferencePipeline.java:464)
	at org.openqa.selenium.remote.ProtocolHandshake.createSession(ProtocolHandshake.java:126)
	at org.openqa.selenium.remote.ProtocolHandshake.createSession(ProtocolHandshake.java:73)
	at org.openqa.selenium.remote.HttpCommandExecutor.execute(HttpCommandExecutor.java:142)
	at org.openqa.selenium.remote.service.DriverCommandExecutor.execute(DriverCommandExecutor.java:83)
	at org.openqa.selenium.remote.RemoteWebDriver.execute(RemoteWebDriver.java:601)
	at org.openqa.selenium.remote.RemoteWebDriver.startSession(RemoteWebDriver.java:219)
	at org.openqa.selenium.remote.RemoteWebDriver.&lt;init&gt;(RemoteWebDriver.java:142)
	at org.openqa.selenium.chrome.ChromeDriver.&lt;init&gt;(ChromeDriver.java:181)
	at org.openqa.selenium.chrome.ChromeDriver.&lt;init&gt;(ChromeDriver.java:168)
	at org.openqa.selenium.chrome.ChromeDriver.&lt;init&gt;(ChromeDriver.java:123)
	at com.webdriver.browserfunction.BrowserFunctionStepDfn.browserfunction_i_have_chrome_driver_instance(BrowserFunctionStepDfn.java:32)
	at ?.BrowserFunction_I have chrome driver instance(file:///C:/Data/GitHub/SeleniumWebdriverWithCucumber-io/src/main/java/com/webdriver/browserfunction/BrowserFunction.feature:5)
</pre></div></td>
<td>5</td>
<td>com.webdriver.runner.GenericRunner@23529fee</td></tr>
<tr>
<td title='com.webdriver.runner.GenericRunner.runScenario()'><b>runScenario</b><br>Test class: com.webdriver.runner.GenericRunner<br>Test method: Runs Cucumber Scenarios<br>Parameters: "Browser Function Back, Forward and Refresh", "Browser Function"</td>
<td><div><pre>org.openqa.selenium.SessionNotCreatedException: session not created: This version of ChromeDriver only supports Chrome version 80
Build info: version: &apos;3.8.1&apos;, revision: &apos;6e95a6684b&apos;, time: &apos;2017-12-01T18:33:54.468Z&apos;
System info: host: &apos;L33986WUS&apos;, ip: &apos;55.55.55.1&apos;, os.name: &apos;Windows 10&apos;, os.arch: &apos;amd64&apos;, os.version: &apos;10.0&apos;, java.version: &apos;1.8.0_202&apos;
Driver info: driver.version: ChromeDriver
remote stacktrace: Backtrace:
	Ordinal0 [0x01490C83+1707139]
	Ordinal0 [0x013F68F1+1075441]
	Ordinal0 [0x0136DFC9+516041]
	Ordinal0 [0x01300554+66900]
	Ordinal0 [0x012FCCE2+52450]
	Ordinal0 [0x0131BFD7+180183]
	Ordinal0 [0x0131BDDD+179677]
	Ordinal0 [0x01319D4B+171339]
	Ordinal0 [0x01301D4A+73034]
	Ordinal0 [0x01302DC0+77248]
	Ordinal0 [0x01302D59+77145]
	Ordinal0 [0x0140BB67+1162087]
	GetHandleVerifier [0x0152A966+508998]
	GetHandleVerifier [0x0152A6A4+508292]
	GetHandleVerifier [0x0153F7B7+594583]
	GetHandleVerifier [0x0152B1D6+511158]
	Ordinal0 [0x0140402C+1130540]
	Ordinal0 [0x0140D4CB+1168587]
	Ordinal0 [0x0140D633+1168947]
	Ordinal0 [0x01425B35+1268533]
	BaseThreadInitThunk [0x76620419+25]
	RtlGetAppContainerNamedObjectPath [0x771C66DD+237]
	RtlGetAppContainerNamedObjectPath [0x771C66AD+189]

	at sun.reflect.NativeConstructorAccessorImpl.newInstance0(Native Method)
	at sun.reflect.NativeConstructorAccessorImpl.newInstance(NativeConstructorAccessorImpl.java:62)
	at sun.reflect.DelegatingConstructorAccessorImpl.newInstance(DelegatingConstructorAccessorImpl.java:45)
	at java.lang.reflect.Constructor.newInstance(Constructor.java:423)
	at org.openqa.selenium.remote.W3CHandshakeResponse.lambda$new$0(W3CHandshakeResponse.java:57)
	at org.openqa.selenium.remote.W3CHandshakeResponse.lambda$getResponseFunction$2(W3CHandshakeResponse.java:104)
	at org.openqa.selenium.remote.ProtocolHandshake.lambda$createSession$0(ProtocolHandshake.java:123)
	at java.util.stream.ReferencePipeline$3$1.accept(ReferencePipeline.java:193)
	at java.util.Spliterators$ArraySpliterator.tryAdvance(Spliterators.java:958)
	at java.util.stream.ReferencePipeline.forEachWithCancel(ReferencePipeline.java:126)
	at java.util.stream.AbstractPipeline.copyIntoWithCancel(AbstractPipeline.java:498)
	at java.util.stream.AbstractPipeline.copyInto(AbstractPipeline.java:485)
	at java.util.stream.AbstractPipeline.wrapAndCopyInto(AbstractPipeline.java:471)
	at java.util.stream.FindOps$FindOp.evaluateSequential(FindOps.java:152)
	at java.util.stream.AbstractPipeline.evaluate(AbstractPipeline.java:234)
	at java.util.stream.ReferencePipeline.findFirst(ReferencePipeline.java:464)
	at org.openqa.selenium.remote.ProtocolHandshake.createSession(ProtocolHandshake.java:126)
	at org.openqa.selenium.remote.ProtocolHandshake.createSession(ProtocolHandshake.java:73)
	at org.openqa.selenium.remote.HttpCommandExecutor.execute(HttpCommandExecutor.java:142)
	at org.openqa.selenium.remote.service.DriverCommandExecutor.execute(DriverCommandExecutor.java:83)
	at org.openqa.selenium.remote.RemoteWebDriver.execute(RemoteWebDriver.java:601)
	at org.openqa.selenium.remote.RemoteWebDriver.startSession(RemoteWebDriver.java:219)
	at org.openqa.selenium.remote.RemoteWebDriver.&lt;init&gt;(RemoteWebDriver.java:142)
	at org.openqa.selenium.chrome.ChromeDriver.&lt;init&gt;(ChromeDriver.java:181)
	at org.openqa.selenium.chrome.ChromeDriver.&lt;init&gt;(ChromeDriver.java:168)
	at org.openqa.selenium.chrome.ChromeDriver.&lt;init&gt;(ChromeDriver.java:123)
	at com.webdriver.browserfunction.BrowserFunctionStepDfn.browserfunction_i_have_chrome_driver_instance(BrowserFunctionStepDfn.java:32)
	at ?.BrowserFunction_I have chrome driver instance(file:///C:/Data/GitHub/SeleniumWebdriverWithCucumber-io/src/main/java/com/webdriver/browserfunction/BrowserFunction.feature:5)
</pre></div><a href='#' onClick='toggleBox("stack-trace1133573230", this, "Click to show all stack frames", "Click to hide stack frames")'>Click to show all stack frames</a>
<div class='stack-trace' id='stack-trace1133573230'><pre>org.openqa.selenium.SessionNotCreatedException: session not created: This version of ChromeDriver only supports Chrome version 80
Build info: version: &apos;3.8.1&apos;, revision: &apos;6e95a6684b&apos;, time: &apos;2017-12-01T18:33:54.468Z&apos;
System info: host: &apos;L33986WUS&apos;, ip: &apos;55.55.55.1&apos;, os.name: &apos;Windows 10&apos;, os.arch: &apos;amd64&apos;, os.version: &apos;10.0&apos;, java.version: &apos;1.8.0_202&apos;
Driver info: driver.version: ChromeDriver
remote stacktrace: Backtrace:
	Ordinal0 [0x01490C83+1707139]
	Ordinal0 [0x013F68F1+1075441]
	Ordinal0 [0x0136DFC9+516041]
	Ordinal0 [0x01300554+66900]
	Ordinal0 [0x012FCCE2+52450]
	Ordinal0 [0x0131BFD7+180183]
	Ordinal0 [0x0131BDDD+179677]
	Ordinal0 [0x01319D4B+171339]
	Ordinal0 [0x01301D4A+73034]
	Ordinal0 [0x01302DC0+77248]
	Ordinal0 [0x01302D59+77145]
	Ordinal0 [0x0140BB67+1162087]
	GetHandleVerifier [0x0152A966+508998]
	GetHandleVerifier [0x0152A6A4+508292]
	GetHandleVerifier [0x0153F7B7+594583]
	GetHandleVerifier [0x0152B1D6+511158]
	Ordinal0 [0x0140402C+1130540]
	Ordinal0 [0x0140D4CB+1168587]
	Ordinal0 [0x0140D633+1168947]
	Ordinal0 [0x01425B35+1268533]
	BaseThreadInitThunk [0x76620419+25]
	RtlGetAppContainerNamedObjectPath [0x771C66DD+237]
	RtlGetAppContainerNamedObjectPath [0x771C66AD+189]

	at sun.reflect.NativeConstructorAccessorImpl.newInstance0(Native Method)
	at sun.reflect.NativeConstructorAccessorImpl.newInstance(NativeConstructorAccessorImpl.java:62)
	at sun.reflect.DelegatingConstructorAccessorImpl.newInstance(DelegatingConstructorAccessorImpl.java:45)
	at java.lang.reflect.Constructor.newInstance(Constructor.java:423)
	at org.openqa.selenium.remote.W3CHandshakeResponse.lambda$new$0(W3CHandshakeResponse.java:57)
	at org.openqa.selenium.remote.W3CHandshakeResponse.lambda$getResponseFunction$2(W3CHandshakeResponse.java:104)
	at org.openqa.selenium.remote.ProtocolHandshake.lambda$createSession$0(ProtocolHandshake.java:123)
	at java.util.stream.ReferencePipeline$3$1.accept(ReferencePipeline.java:193)
	at java.util.Spliterators$ArraySpliterator.tryAdvance(Spliterators.java:958)
	at java.util.stream.ReferencePipeline.forEachWithCancel(ReferencePipeline.java:126)
	at java.util.stream.AbstractPipeline.copyIntoWithCancel(AbstractPipeline.java:498)
	at java.util.stream.AbstractPipeline.copyInto(AbstractPipeline.java:485)
	at java.util.stream.AbstractPipeline.wrapAndCopyInto(AbstractPipeline.java:471)
	at java.util.stream.FindOps$FindOp.evaluateSequential(FindOps.java:152)
	at java.util.stream.AbstractPipeline.evaluate(AbstractPipeline.java:234)
	at java.util.stream.ReferencePipeline.findFirst(ReferencePipeline.java:464)
	at org.openqa.selenium.remote.ProtocolHandshake.createSession(ProtocolHandshake.java:126)
	at org.openqa.selenium.remote.ProtocolHandshake.createSession(ProtocolHandshake.java:73)
	at org.openqa.selenium.remote.HttpCommandExecutor.execute(HttpCommandExecutor.java:142)
	at org.openqa.selenium.remote.service.DriverCommandExecutor.execute(DriverCommandExecutor.java:83)
	at org.openqa.selenium.remote.RemoteWebDriver.execute(RemoteWebDriver.java:601)
	at org.openqa.selenium.remote.RemoteWebDriver.startSession(RemoteWebDriver.java:219)
	at org.openqa.selenium.remote.RemoteWebDriver.&lt;init&gt;(RemoteWebDriver.java:142)
	at org.openqa.selenium.chrome.ChromeDriver.&lt;init&gt;(ChromeDriver.java:181)
	at org.openqa.selenium.chrome.ChromeDriver.&lt;init&gt;(ChromeDriver.java:168)
	at org.openqa.selenium.chrome.ChromeDriver.&lt;init&gt;(ChromeDriver.java:123)
	at com.webdriver.browserfunction.BrowserFunctionStepDfn.browserfunction_i_have_chrome_driver_instance(BrowserFunctionStepDfn.java:32)
	at ?.BrowserFunction_I have chrome driver instance(file:///C:/Data/GitHub/SeleniumWebdriverWithCucumber-io/src/main/java/com/webdriver/browserfunction/BrowserFunction.feature:5)
</pre></div></td>
<td>5</td>
<td>com.webdriver.runner.GenericRunner@23529fee</td></tr>
<tr>
<td title='com.webdriver.runner.GenericRunner.runScenario()'><b>runScenario</b><br>Test class: com.webdriver.runner.GenericRunner<br>Test method: Runs Cucumber Scenarios<br>Parameters: "Browser Function Maximize browse window while launching", "Browser Function"</td>
<td><div><pre>org.openqa.selenium.SessionNotCreatedException: session not created: This version of ChromeDriver only supports Chrome version 80
Build info: version: &apos;3.8.1&apos;, revision: &apos;6e95a6684b&apos;, time: &apos;2017-12-01T18:33:54.468Z&apos;
System info: host: &apos;L33986WUS&apos;, ip: &apos;55.55.55.1&apos;, os.name: &apos;Windows 10&apos;, os.arch: &apos;amd64&apos;, os.version: &apos;10.0&apos;, java.version: &apos;1.8.0_202&apos;
Driver info: driver.version: ChromeDriver
remote stacktrace: Backtrace:
	Ordinal0 [0x01490C83+1707139]
	Ordinal0 [0x013F68F1+1075441]
	Ordinal0 [0x0136DFC9+516041]
	Ordinal0 [0x01300554+66900]
	Ordinal0 [0x012FCCE2+52450]
	Ordinal0 [0x0131BFD7+180183]
	Ordinal0 [0x0131BDDD+179677]
	Ordinal0 [0x01319D4B+171339]
	Ordinal0 [0x01301D4A+73034]
	Ordinal0 [0x01302DC0+77248]
	Ordinal0 [0x01302D59+77145]
	Ordinal0 [0x0140BB67+1162087]
	GetHandleVerifier [0x0152A966+508998]
	GetHandleVerifier [0x0152A6A4+508292]
	GetHandleVerifier [0x0153F7B7+594583]
	GetHandleVerifier [0x0152B1D6+511158]
	Ordinal0 [0x0140402C+1130540]
	Ordinal0 [0x0140D4CB+1168587]
	Ordinal0 [0x0140D633+1168947]
	Ordinal0 [0x01425B35+1268533]
	BaseThreadInitThunk [0x76620419+25]
	RtlGetAppContainerNamedObjectPath [0x771C66DD+237]
	RtlGetAppContainerNamedObjectPath [0x771C66AD+189]

	at sun.reflect.NativeConstructorAccessorImpl.newInstance0(Native Method)
	at sun.reflect.NativeConstructorAccessorImpl.newInstance(NativeConstructorAccessorImpl.java:62)
	at sun.reflect.DelegatingConstructorAccessorImpl.newInstance(DelegatingConstructorAccessorImpl.java:45)
	at java.lang.reflect.Constructor.newInstance(Constructor.java:423)
	at org.openqa.selenium.remote.W3CHandshakeResponse.lambda$new$0(W3CHandshakeResponse.java:57)
	at org.openqa.selenium.remote.W3CHandshakeResponse.lambda$getResponseFunction$2(W3CHandshakeResponse.java:104)
	at org.openqa.selenium.remote.ProtocolHandshake.lambda$createSession$0(ProtocolHandshake.java:123)
	at java.util.stream.ReferencePipeline$3$1.accept(ReferencePipeline.java:193)
	at java.util.Spliterators$ArraySpliterator.tryAdvance(Spliterators.java:958)
	at java.util.stream.ReferencePipeline.forEachWithCancel(ReferencePipeline.java:126)
	at java.util.stream.AbstractPipeline.copyIntoWithCancel(AbstractPipeline.java:498)
	at java.util.stream.AbstractPipeline.copyInto(AbstractPipeline.java:485)
	at java.util.stream.AbstractPipeline.wrapAndCopyInto(AbstractPipeline.java:471)
	at java.util.stream.FindOps$FindOp.evaluateSequential(FindOps.java:152)
	at java.util.stream.AbstractPipeline.evaluate(AbstractPipeline.java:234)
	at java.util.stream.ReferencePipeline.findFirst(ReferencePipeline.java:464)
	at org.openqa.selenium.remote.ProtocolHandshake.createSession(ProtocolHandshake.java:126)
	at org.openqa.selenium.remote.ProtocolHandshake.createSession(ProtocolHandshake.java:73)
	at org.openqa.selenium.remote.HttpCommandExecutor.execute(HttpCommandExecutor.java:142)
	at org.openqa.selenium.remote.service.DriverCommandExecutor.execute(DriverCommandExecutor.java:83)
	at org.openqa.selenium.remote.RemoteWebDriver.execute(RemoteWebDriver.java:601)
	at org.openqa.selenium.remote.RemoteWebDriver.startSession(RemoteWebDriver.java:219)
	at org.openqa.selenium.remote.RemoteWebDriver.&lt;init&gt;(RemoteWebDriver.java:142)
	at org.openqa.selenium.chrome.ChromeDriver.&lt;init&gt;(ChromeDriver.java:181)
	at org.openqa.selenium.chrome.ChromeDriver.&lt;init&gt;(ChromeDriver.java:168)
	at org.openqa.selenium.chrome.ChromeDriver.&lt;init&gt;(ChromeDriver.java:123)
	at com.webdriver.browserfunction.BrowserFunctionStepDfn.browserfunction_i_have_chrome_driver_instance(BrowserFunctionStepDfn.java:32)
	at ?.BrowserFunction_I have chrome driver instance(file:///C:/Data/GitHub/SeleniumWebdriverWithCucumber-io/src/main/java/com/webdriver/browserfunction/BrowserFunction.feature:5)
</pre></div><a href='#' onClick='toggleBox("stack-trace1248598189", this, "Click to show all stack frames", "Click to hide stack frames")'>Click to show all stack frames</a>
<div class='stack-trace' id='stack-trace1248598189'><pre>org.openqa.selenium.SessionNotCreatedException: session not created: This version of ChromeDriver only supports Chrome version 80
Build info: version: &apos;3.8.1&apos;, revision: &apos;6e95a6684b&apos;, time: &apos;2017-12-01T18:33:54.468Z&apos;
System info: host: &apos;L33986WUS&apos;, ip: &apos;55.55.55.1&apos;, os.name: &apos;Windows 10&apos;, os.arch: &apos;amd64&apos;, os.version: &apos;10.0&apos;, java.version: &apos;1.8.0_202&apos;
Driver info: driver.version: ChromeDriver
remote stacktrace: Backtrace:
	Ordinal0 [0x01490C83+1707139]
	Ordinal0 [0x013F68F1+1075441]
	Ordinal0 [0x0136DFC9+516041]
	Ordinal0 [0x01300554+66900]
	Ordinal0 [0x012FCCE2+52450]
	Ordinal0 [0x0131BFD7+180183]
	Ordinal0 [0x0131BDDD+179677]
	Ordinal0 [0x01319D4B+171339]
	Ordinal0 [0x01301D4A+73034]
	Ordinal0 [0x01302DC0+77248]
	Ordinal0 [0x01302D59+77145]
	Ordinal0 [0x0140BB67+1162087]
	GetHandleVerifier [0x0152A966+508998]
	GetHandleVerifier [0x0152A6A4+508292]
	GetHandleVerifier [0x0153F7B7+594583]
	GetHandleVerifier [0x0152B1D6+511158]
	Ordinal0 [0x0140402C+1130540]
	Ordinal0 [0x0140D4CB+1168587]
	Ordinal0 [0x0140D633+1168947]
	Ordinal0 [0x01425B35+1268533]
	BaseThreadInitThunk [0x76620419+25]
	RtlGetAppContainerNamedObjectPath [0x771C66DD+237]
	RtlGetAppContainerNamedObjectPath [0x771C66AD+189]

	at sun.reflect.NativeConstructorAccessorImpl.newInstance0(Native Method)
	at sun.reflect.NativeConstructorAccessorImpl.newInstance(NativeConstructorAccessorImpl.java:62)
	at sun.reflect.DelegatingConstructorAccessorImpl.newInstance(DelegatingConstructorAccessorImpl.java:45)
	at java.lang.reflect.Constructor.newInstance(Constructor.java:423)
	at org.openqa.selenium.remote.W3CHandshakeResponse.lambda$new$0(W3CHandshakeResponse.java:57)
	at org.openqa.selenium.remote.W3CHandshakeResponse.lambda$getResponseFunction$2(W3CHandshakeResponse.java:104)
	at org.openqa.selenium.remote.ProtocolHandshake.lambda$createSession$0(ProtocolHandshake.java:123)
	at java.util.stream.ReferencePipeline$3$1.accept(ReferencePipeline.java:193)
	at java.util.Spliterators$ArraySpliterator.tryAdvance(Spliterators.java:958)
	at java.util.stream.ReferencePipeline.forEachWithCancel(ReferencePipeline.java:126)
	at java.util.stream.AbstractPipeline.copyIntoWithCancel(AbstractPipeline.java:498)
	at java.util.stream.AbstractPipeline.copyInto(AbstractPipeline.java:485)
	at java.util.stream.AbstractPipeline.wrapAndCopyInto(AbstractPipeline.java:471)
	at java.util.stream.FindOps$FindOp.evaluateSequential(FindOps.java:152)
	at java.util.stream.AbstractPipeline.evaluate(AbstractPipeline.java:234)
	at java.util.stream.ReferencePipeline.findFirst(ReferencePipeline.java:464)
	at org.openqa.selenium.remote.ProtocolHandshake.createSession(ProtocolHandshake.java:126)
	at org.openqa.selenium.remote.ProtocolHandshake.createSession(ProtocolHandshake.java:73)
	at org.openqa.selenium.remote.HttpCommandExecutor.execute(HttpCommandExecutor.java:142)
	at org.openqa.selenium.remote.service.DriverCommandExecutor.execute(DriverCommandExecutor.java:83)
	at org.openqa.selenium.remote.RemoteWebDriver.execute(RemoteWebDriver.java:601)
	at org.openqa.selenium.remote.RemoteWebDriver.startSession(RemoteWebDriver.java:219)
	at org.openqa.selenium.remote.RemoteWebDriver.&lt;init&gt;(RemoteWebDriver.java:142)
	at org.openqa.selenium.chrome.ChromeDriver.&lt;init&gt;(ChromeDriver.java:181)
	at org.openqa.selenium.chrome.ChromeDriver.&lt;init&gt;(ChromeDriver.java:168)
	at org.openqa.selenium.chrome.ChromeDriver.&lt;init&gt;(ChromeDriver.java:123)
	at com.webdriver.browserfunction.BrowserFunctionStepDfn.browserfunction_i_have_chrome_driver_instance(BrowserFunctionStepDfn.java:32)
	at ?.BrowserFunction_I have chrome driver instance(file:///C:/Data/GitHub/SeleniumWebdriverWithCucumber-io/src/main/java/com/webdriver/browserfunction/BrowserFunction.feature:5)
</pre></div></td>
<td>5</td>
<td>com.webdriver.runner.GenericRunner@23529fee</td></tr>
<tr>
<td title='com.webdriver.runner.GenericRunner.runScenario()'><b>runScenario</b><br>Test class: com.webdriver.runner.GenericRunner<br>Test method: Runs Cucumber Scenarios<br>Parameters: "Data Driven using Excel file", "Data Driven Testing"</td>
<td><div><pre>org.openqa.selenium.NoSuchElementException: Cannot locate option with value: test1         
For documentation on this error, please visit: http://seleniumhq.org/exceptions/no_such_element.html
Build info: version: &apos;3.8.1&apos;, revision: &apos;6e95a6684b&apos;, time: &apos;2017-12-01T18:33:54.468Z&apos;
System info: host: &apos;L33986WUS&apos;, ip: &apos;55.55.55.1&apos;, os.name: &apos;Windows 10&apos;, os.arch: &apos;amd64&apos;, os.version: &apos;10.0&apos;, java.version: &apos;1.8.0_202&apos;
Driver info: driver.version: unknown
	at org.openqa.selenium.support.ui.Select.selectByValue(Select.java:209)
	at com.webdriver.helper.DropdownHelper.selectByValue(DropdownHelper.java:55)
	at com.webdriver.page.DetailPageClass.provideDetails(DetailPageClass.java:62)
	at com.webdriver.datadriven.DataDrivenStepDfn.datadriven_i_provide_the_following_information_in_the_detail_page_from_excel_file_as_follow(DataDrivenStepDfn.java:86)
	at ?.DataDriven_I provide the following information in the detail page from excel file as follow(file:///C:/Data/GitHub/SeleniumWebdriverWithCucumber-io/src/main/java/com/webdriver/datadriven/DataDriven.feature:23)
</pre></div><a href='#' onClick='toggleBox("stack-trace773300030", this, "Click to show all stack frames", "Click to hide stack frames")'>Click to show all stack frames</a>
<div class='stack-trace' id='stack-trace773300030'><pre>org.openqa.selenium.NoSuchElementException: Cannot locate option with value: test1         
For documentation on this error, please visit: http://seleniumhq.org/exceptions/no_such_element.html
Build info: version: &apos;3.8.1&apos;, revision: &apos;6e95a6684b&apos;, time: &apos;2017-12-01T18:33:54.468Z&apos;
System info: host: &apos;L33986WUS&apos;, ip: &apos;55.55.55.1&apos;, os.name: &apos;Windows 10&apos;, os.arch: &apos;amd64&apos;, os.version: &apos;10.0&apos;, java.version: &apos;1.8.0_202&apos;
Driver info: driver.version: unknown
	at org.openqa.selenium.support.ui.Select.selectByValue(Select.java:209)
	at com.webdriver.helper.DropdownHelper.selectByValue(DropdownHelper.java:55)
	at com.webdriver.page.DetailPageClass.provideDetails(DetailPageClass.java:62)
	at com.webdriver.datadriven.DataDrivenStepDfn.datadriven_i_provide_the_following_information_in_the_detail_page_from_excel_file_as_follow(DataDrivenStepDfn.java:86)
	at ?.DataDriven_I provide the following information in the detail page from excel file as follow(file:///C:/Data/GitHub/SeleniumWebdriverWithCucumber-io/src/main/java/com/webdriver/datadriven/DataDriven.feature:23)
</pre></div></td>
<td>9</td>
<td>com.webdriver.runner.GenericRunner@23529fee</td></tr>
<tr>
<td title='com.webdriver.runner.GenericRunner.runScenario()'><b>runScenario</b><br>Test class: com.webdriver.runner.GenericRunner<br>Test method: Runs Cucumber Scenarios<br>Parameters: "Bug Creation", "Create bug in bugzila application"</td>
<td><div><pre>java.lang.AssertionError: To Take the Screen Shot
	at org.testng.Assert.fail(Assert.java:96)
	at com.webdriver.page.BugCreationStepDfn.bugzilla_the_title_of_login_page_should_be(BugCreationStepDfn.java:58)
	at ?.Bugzilla_The title of login page should be &quot;Log in to Bugzilla&quot;(file:///C:/Data/GitHub/SeleniumWebdriverWithCucumber-io/src/main/java/com/webdriver/page/BugCreation.feature:6)
</pre></div><a href='#' onClick='toggleBox("stack-trace890060621", this, "Click to show all stack frames", "Click to hide stack frames")'>Click to show all stack frames</a>
<div class='stack-trace' id='stack-trace890060621'><pre>java.lang.AssertionError: To Take the Screen Shot
	at org.testng.Assert.fail(Assert.java:96)
	at com.webdriver.page.BugCreationStepDfn.bugzilla_the_title_of_login_page_should_be(BugCreationStepDfn.java:58)
	at ?.Bugzilla_The title of login page should be &quot;Log in to Bugzilla&quot;(file:///C:/Data/GitHub/SeleniumWebdriverWithCucumber-io/src/main/java/com/webdriver/page/BugCreation.feature:6)
</pre></div></td>
<td>6</td>
<td>com.webdriver.runner.GenericRunner@23529fee</td></tr>
<tr>
<td title='com.webdriver.runner.GenericRunner.runScenario()'><b>runScenario</b><br>Test class: com.webdriver.runner.GenericRunner<br>Test method: Runs Cucumber Scenarios<br>Parameters: "Web driver wait - Implicit wait", "Web driver wait fuction"</td>
<td><div><pre>org.openqa.selenium.StaleElementReferenceException: stale element reference: element is not attached to the page document
  (Session info: chrome=84.0.4147.89)
For documentation on this error, please visit: http://seleniumhq.org/exceptions/stale_element_reference.html
Build info: version: &apos;3.8.1&apos;, revision: &apos;6e95a6684b&apos;, time: &apos;2017-12-01T18:33:54.468Z&apos;
System info: host: &apos;L33986WUS&apos;, ip: &apos;55.55.55.1&apos;, os.name: &apos;Windows 10&apos;, os.arch: &apos;amd64&apos;, os.version: &apos;10.0&apos;, java.version: &apos;1.8.0_202&apos;
Driver info: org.openqa.selenium.chrome.ChromeDriver
Capabilities {acceptInsecureCerts: true, browserName: chrome, browserVersion: 84.0.4147.89, chrome: {chromedriverVersion: 84.0.4147.30 (48b3e868b4cc0..., userDataDir: C:\Users\rathr1\AppData\Loc...}, goog:chromeOptions: {debuggerAddress: localhost:61736}, javascriptEnabled: true, networkConnectionEnabled: false, pageLoadStrategy: normal, platform: WINDOWS, platformName: WINDOWS, proxy: Proxy(), setWindowRect: true, strictFileInteractability: false, timeouts: {implicit: 0, pageLoad: 300000, script: 30000}, unhandledPromptBehavior: dismiss and notify, webauthn:virtualAuthenticators: true}
Session ID: 57d7c35ada7d8d00a86d5d82423500a1
	at sun.reflect.NativeConstructorAccessorImpl.newInstance0(Native Method)
	at sun.reflect.NativeConstructorAccessorImpl.newInstance(NativeConstructorAccessorImpl.java:62)
	at sun.reflect.DelegatingConstructorAccessorImpl.newInstance(DelegatingConstructorAccessorImpl.java:45)
	at java.lang.reflect.Constructor.newInstance(Constructor.java:423)
	at org.openqa.selenium.remote.http.W3CHttpResponseCodec.createException(W3CHttpResponseCodec.java:187)
	at org.openqa.selenium.remote.http.W3CHttpResponseCodec.decode(W3CHttpResponseCodec.java:122)
	at org.openqa.selenium.remote.http.W3CHttpResponseCodec.decode(W3CHttpResponseCodec.java:49)
	at org.openqa.selenium.remote.HttpCommandExecutor.execute(HttpCommandExecutor.java:164)
	at org.openqa.selenium.remote.service.DriverCommandExecutor.execute(DriverCommandExecutor.java:83)
	at org.openqa.selenium.remote.RemoteWebDriver.execute(RemoteWebDriver.java:601)
	at org.openqa.selenium.remote.RemoteWebElement.execute(RemoteWebElement.java:279)
	at org.openqa.selenium.remote.RemoteWebElement.sendKeys(RemoteWebElement.java:100)
	at com.webdriver.helper.TextBoxHelper.setText(TextBoxHelper.java:25)
	at com.webdriver.wait.WebdriverWaitStepDfn.webdriverwaitfunction_i_send_the_to_the_username_text_box(WebdriverWaitStepDfn.java:79)
	at ?.WebdriverWaitFunction_I send the &quot;value&quot; to the username text box(file:///C:/Data/GitHub/SeleniumWebdriverWithCucumber-io/src/main/java/com/webdriver/wait/WebdriverWaitFunction.feature:18)
</pre></div><a href='#' onClick='toggleBox("stack-trace393549265", this, "Click to show all stack frames", "Click to hide stack frames")'>Click to show all stack frames</a>
<div class='stack-trace' id='stack-trace393549265'><pre>org.openqa.selenium.StaleElementReferenceException: stale element reference: element is not attached to the page document
  (Session info: chrome=84.0.4147.89)
For documentation on this error, please visit: http://seleniumhq.org/exceptions/stale_element_reference.html
Build info: version: &apos;3.8.1&apos;, revision: &apos;6e95a6684b&apos;, time: &apos;2017-12-01T18:33:54.468Z&apos;
System info: host: &apos;L33986WUS&apos;, ip: &apos;55.55.55.1&apos;, os.name: &apos;Windows 10&apos;, os.arch: &apos;amd64&apos;, os.version: &apos;10.0&apos;, java.version: &apos;1.8.0_202&apos;
Driver info: org.openqa.selenium.chrome.ChromeDriver
Capabilities {acceptInsecureCerts: true, browserName: chrome, browserVersion: 84.0.4147.89, chrome: {chromedriverVersion: 84.0.4147.30 (48b3e868b4cc0..., userDataDir: C:\Users\rathr1\AppData\Loc...}, goog:chromeOptions: {debuggerAddress: localhost:61736}, javascriptEnabled: true, networkConnectionEnabled: false, pageLoadStrategy: normal, platform: WINDOWS, platformName: WINDOWS, proxy: Proxy(), setWindowRect: true, strictFileInteractability: false, timeouts: {implicit: 0, pageLoad: 300000, script: 30000}, unhandledPromptBehavior: dismiss and notify, webauthn:virtualAuthenticators: true}
Session ID: 57d7c35ada7d8d00a86d5d82423500a1
	at sun.reflect.NativeConstructorAccessorImpl.newInstance0(Native Method)
	at sun.reflect.NativeConstructorAccessorImpl.newInstance(NativeConstructorAccessorImpl.java:62)
	at sun.reflect.DelegatingConstructorAccessorImpl.newInstance(DelegatingConstructorAccessorImpl.java:45)
	at java.lang.reflect.Constructor.newInstance(Constructor.java:423)
	at org.openqa.selenium.remote.http.W3CHttpResponseCodec.createException(W3CHttpResponseCodec.java:187)
	at org.openqa.selenium.remote.http.W3CHttpResponseCodec.decode(W3CHttpResponseCodec.java:122)
	at org.openqa.selenium.remote.http.W3CHttpResponseCodec.decode(W3CHttpResponseCodec.java:49)
	at org.openqa.selenium.remote.HttpCommandExecutor.execute(HttpCommandExecutor.java:164)
	at org.openqa.selenium.remote.service.DriverCommandExecutor.execute(DriverCommandExecutor.java:83)
	at org.openqa.selenium.remote.RemoteWebDriver.execute(RemoteWebDriver.java:601)
	at org.openqa.selenium.remote.RemoteWebElement.execute(RemoteWebElement.java:279)
	at org.openqa.selenium.remote.RemoteWebElement.sendKeys(RemoteWebElement.java:100)
	at com.webdriver.helper.TextBoxHelper.setText(TextBoxHelper.java:25)
	at com.webdriver.wait.WebdriverWaitStepDfn.webdriverwaitfunction_i_send_the_to_the_username_text_box(WebdriverWaitStepDfn.java:79)
	at ?.WebdriverWaitFunction_I send the &quot;value&quot; to the username text box(file:///C:/Data/GitHub/SeleniumWebdriverWithCucumber-io/src/main/java/com/webdriver/wait/WebdriverWaitFunction.feature:18)
</pre></div></td>
<td>9</td>
<td>com.webdriver.runner.GenericRunner@23529fee</td></tr>
<tr>
<td title='com.webdriver.runner.GenericRunner.runScenario()'><b>runScenario</b><br>Test class: com.webdriver.runner.GenericRunner<br>Test method: Runs Cucumber Scenarios<br>Parameters: "Web driver wait - Dynamic wait", "Web driver wait fuction"</td>
<td><div><pre>org.openqa.selenium.StaleElementReferenceException: stale element reference: element is not attached to the page document
  (Session info: chrome=84.0.4147.89)
For documentation on this error, please visit: http://seleniumhq.org/exceptions/stale_element_reference.html
Build info: version: &apos;3.8.1&apos;, revision: &apos;6e95a6684b&apos;, time: &apos;2017-12-01T18:33:54.468Z&apos;
System info: host: &apos;L33986WUS&apos;, ip: &apos;55.55.55.1&apos;, os.name: &apos;Windows 10&apos;, os.arch: &apos;amd64&apos;, os.version: &apos;10.0&apos;, java.version: &apos;1.8.0_202&apos;
Driver info: org.openqa.selenium.chrome.ChromeDriver
Capabilities {acceptInsecureCerts: true, browserName: chrome, browserVersion: 84.0.4147.89, chrome: {chromedriverVersion: 84.0.4147.30 (48b3e868b4cc0..., userDataDir: C:\Users\rathr1\AppData\Loc...}, goog:chromeOptions: {debuggerAddress: localhost:61779}, javascriptEnabled: true, networkConnectionEnabled: false, pageLoadStrategy: normal, platform: WINDOWS, platformName: WINDOWS, proxy: Proxy(), setWindowRect: true, strictFileInteractability: false, timeouts: {implicit: 0, pageLoad: 300000, script: 30000}, unhandledPromptBehavior: dismiss and notify, webauthn:virtualAuthenticators: true}
Session ID: 489e6b0a1b46419b68b0e33dfd0c0b51
	at sun.reflect.NativeConstructorAccessorImpl.newInstance0(Native Method)
	at sun.reflect.NativeConstructorAccessorImpl.newInstance(NativeConstructorAccessorImpl.java:62)
	at sun.reflect.DelegatingConstructorAccessorImpl.newInstance(DelegatingConstructorAccessorImpl.java:45)
	at java.lang.reflect.Constructor.newInstance(Constructor.java:423)
	at org.openqa.selenium.remote.http.W3CHttpResponseCodec.createException(W3CHttpResponseCodec.java:187)
	at org.openqa.selenium.remote.http.W3CHttpResponseCodec.decode(W3CHttpResponseCodec.java:122)
	at org.openqa.selenium.remote.http.W3CHttpResponseCodec.decode(W3CHttpResponseCodec.java:49)
	at org.openqa.selenium.remote.HttpCommandExecutor.execute(HttpCommandExecutor.java:164)
	at org.openqa.selenium.remote.service.DriverCommandExecutor.execute(DriverCommandExecutor.java:83)
	at org.openqa.selenium.remote.RemoteWebDriver.execute(RemoteWebDriver.java:601)
	at org.openqa.selenium.remote.RemoteWebElement.execute(RemoteWebElement.java:279)
	at org.openqa.selenium.remote.RemoteWebElement.sendKeys(RemoteWebElement.java:100)
	at com.webdriver.helper.TextBoxHelper.setText(TextBoxHelper.java:25)
	at com.webdriver.wait.WebdriverWaitStepDfn.webdriverwaitfunction_i_send_the_to_the_username_text_box(WebdriverWaitStepDfn.java:79)
	at ?.WebdriverWaitFunction_I send the &quot;value&quot; to the username text box(file:///C:/Data/GitHub/SeleniumWebdriverWithCucumber-io/src/main/java/com/webdriver/wait/WebdriverWaitFunction.feature:24)
</pre></div><a href='#' onClick='toggleBox("stack-trace522188921", this, "Click to show all stack frames", "Click to hide stack frames")'>Click to show all stack frames</a>
<div class='stack-trace' id='stack-trace522188921'><pre>org.openqa.selenium.StaleElementReferenceException: stale element reference: element is not attached to the page document
  (Session info: chrome=84.0.4147.89)
For documentation on this error, please visit: http://seleniumhq.org/exceptions/stale_element_reference.html
Build info: version: &apos;3.8.1&apos;, revision: &apos;6e95a6684b&apos;, time: &apos;2017-12-01T18:33:54.468Z&apos;
System info: host: &apos;L33986WUS&apos;, ip: &apos;55.55.55.1&apos;, os.name: &apos;Windows 10&apos;, os.arch: &apos;amd64&apos;, os.version: &apos;10.0&apos;, java.version: &apos;1.8.0_202&apos;
Driver info: org.openqa.selenium.chrome.ChromeDriver
Capabilities {acceptInsecureCerts: true, browserName: chrome, browserVersion: 84.0.4147.89, chrome: {chromedriverVersion: 84.0.4147.30 (48b3e868b4cc0..., userDataDir: C:\Users\rathr1\AppData\Loc...}, goog:chromeOptions: {debuggerAddress: localhost:61779}, javascriptEnabled: true, networkConnectionEnabled: false, pageLoadStrategy: normal, platform: WINDOWS, platformName: WINDOWS, proxy: Proxy(), setWindowRect: true, strictFileInteractability: false, timeouts: {implicit: 0, pageLoad: 300000, script: 30000}, unhandledPromptBehavior: dismiss and notify, webauthn:virtualAuthenticators: true}
Session ID: 489e6b0a1b46419b68b0e33dfd0c0b51
	at sun.reflect.NativeConstructorAccessorImpl.newInstance0(Native Method)
	at sun.reflect.NativeConstructorAccessorImpl.newInstance(NativeConstructorAccessorImpl.java:62)
	at sun.reflect.DelegatingConstructorAccessorImpl.newInstance(DelegatingConstructorAccessorImpl.java:45)
	at java.lang.reflect.Constructor.newInstance(Constructor.java:423)
	at org.openqa.selenium.remote.http.W3CHttpResponseCodec.createException(W3CHttpResponseCodec.java:187)
	at org.openqa.selenium.remote.http.W3CHttpResponseCodec.decode(W3CHttpResponseCodec.java:122)
	at org.openqa.selenium.remote.http.W3CHttpResponseCodec.decode(W3CHttpResponseCodec.java:49)
	at org.openqa.selenium.remote.HttpCommandExecutor.execute(HttpCommandExecutor.java:164)
	at org.openqa.selenium.remote.service.DriverCommandExecutor.execute(DriverCommandExecutor.java:83)
	at org.openqa.selenium.remote.RemoteWebDriver.execute(RemoteWebDriver.java:601)
	at org.openqa.selenium.remote.RemoteWebElement.execute(RemoteWebElement.java:279)
	at org.openqa.selenium.remote.RemoteWebElement.sendKeys(RemoteWebElement.java:100)
	at com.webdriver.helper.TextBoxHelper.setText(TextBoxHelper.java:25)
	at com.webdriver.wait.WebdriverWaitStepDfn.webdriverwaitfunction_i_send_the_to_the_username_text_box(WebdriverWaitStepDfn.java:79)
	at ?.WebdriverWaitFunction_I send the &quot;value&quot; to the username text box(file:///C:/Data/GitHub/SeleniumWebdriverWithCucumber-io/src/main/java/com/webdriver/wait/WebdriverWaitFunction.feature:24)
</pre></div></td>
<td>9</td>
<td>com.webdriver.runner.GenericRunner@23529fee</td></tr>
</table><p>
<table width='100%' border='1' class='invocation-passed'>
<tr><td colspan='4' align='center'><b>PASSED TESTS</b></td></tr>
<tr><td><b>Test method</b></td>
<td width="30%"><b>Exception</b></td>
<td width="10%"><b>Time (seconds)</b></td>
<td><b>Instance</b></td>
</tr>
<tr>
<td title='com.webdriver.runner.GenericRunner.runScenario()'><b>runScenario</b><br>Test class: com.webdriver.runner.GenericRunner<br>Test method: Runs Cucumber Scenarios<br>Parameters: "Handling Alerts", "Working with Java Script Popup"</td>
<td></td>
<td>10</td>
<td>com.webdriver.runner.GenericRunner@23529fee</td></tr>
<tr>
<td title='com.webdriver.runner.GenericRunner.runScenario()'><b>runScenario</b><br>Test class: com.webdriver.runner.GenericRunner<br>Test method: Runs Cucumber Scenarios<br>Parameters: "Working with confirmation popup", "Working with Java Script Popup"</td>
<td></td>
<td>9</td>
<td>com.webdriver.runner.GenericRunner@23529fee</td></tr>
<tr>
<td title='com.webdriver.runner.GenericRunner.runScenario()'><b>runScenario</b><br>Test class: com.webdriver.runner.GenericRunner<br>Test method: Runs Cucumber Scenarios<br>Parameters: "Working with prompt", "Working with Java Script Popup"</td>
<td></td>
<td>9</td>
<td>com.webdriver.runner.GenericRunner@23529fee</td></tr>
<tr>
<td title='com.webdriver.runner.GenericRunner.runScenario()'><b>runScenario</b><br>Test class: com.webdriver.runner.GenericRunner<br>Test method: Runs Cucumber Scenarios<br>Parameters: "Working with Bootstrap popup", "Working with Java Script Popup"</td>
<td></td>
<td>11</td>
<td>com.webdriver.runner.GenericRunner@23529fee</td></tr>
<tr>
<td title='com.webdriver.runner.GenericRunner.runScenario()'><b>runScenario</b><br>Test class: com.webdriver.runner.GenericRunner<br>Test method: Runs Cucumber Scenarios<br>Parameters: "Working with context click", "Working with Mouse and Keyboard actions"</td>
<td></td>
<td>7</td>
<td>com.webdriver.runner.GenericRunner@23529fee</td></tr>
<tr>
<td title='com.webdriver.runner.GenericRunner.runScenario()'><b>runScenario</b><br>Test class: com.webdriver.runner.GenericRunner<br>Test method: Runs Cucumber Scenarios<br>Parameters: "Working with drang and drop action", "Working with Mouse and Keyboard actions"</td>
<td></td>
<td>6</td>
<td>com.webdriver.runner.GenericRunner@23529fee</td></tr>
<tr>
<td title='com.webdriver.runner.GenericRunner.runScenario()'><b>runScenario</b><br>Test class: com.webdriver.runner.GenericRunner<br>Test method: Runs Cucumber Scenarios<br>Parameters: "Working with click and hold action", "Working with Mouse and Keyboard actions"</td>
<td></td>
<td>6</td>
<td>com.webdriver.runner.GenericRunner@23529fee</td></tr>
<tr>
<td title='com.webdriver.runner.GenericRunner.runScenario()'><b>runScenario</b><br>Test class: com.webdriver.runner.GenericRunner<br>Test method: Runs Cucumber Scenarios<br>Parameters: "Working with Keyboard action", "Working with Mouse and Keyboard actions"</td>
<td></td>
<td>6</td>
<td>com.webdriver.runner.GenericRunner@23529fee</td></tr>
<tr>
<td title='com.webdriver.runner.GenericRunner.runScenario()'><b>runScenario</b><br>Test class: com.webdriver.runner.GenericRunner<br>Test method: Runs Cucumber Scenarios<br>Parameters: "Data Driven using Data Table", "Data Driven Testing"</td>
<td></td>
<td>11</td>
<td>com.webdriver.runner.GenericRunner@23529fee</td></tr>
<tr>
<td title='com.webdriver.runner.GenericRunner.runScenario()'><b>runScenario</b><br>Test class: com.webdriver.runner.GenericRunner<br>Test method: Runs Cucumber Scenarios<br>Parameters: "Data Driven using scenario outline", "Data Driven Testing"</td>
<td></td>
<td>11</td>
<td>com.webdriver.runner.GenericRunner@23529fee</td></tr>
<tr>
<td title='com.webdriver.runner.GenericRunner.runScenario()'><b>runScenario</b><br>Test class: com.webdriver.runner.GenericRunner<br>Test method: Runs Cucumber Scenarios<br>Parameters: "Data Driven using scenario outline", "Data Driven Testing"</td>
<td></td>
<td>12</td>
<td>com.webdriver.runner.GenericRunner@23529fee</td></tr>
<tr>
<td title='com.webdriver.runner.GenericRunner.runScenario()'><b>runScenario</b><br>Test class: com.webdriver.runner.GenericRunner<br>Test method: Runs Cucumber Scenarios<br>Parameters: "Data Driven using scenario outline", "Data Driven Testing"</td>
<td></td>
<td>11</td>
<td>com.webdriver.runner.GenericRunner@23529fee</td></tr>
<tr>
<td title='com.webdriver.runner.GenericRunner.runScenario()'><b>runScenario</b><br>Test class: com.webdriver.runner.GenericRunner<br>Test method: Runs Cucumber Scenarios<br>Parameters: "Click on the element presetn in Iframe", "Working with Iframe"</td>
<td></td>
<td>34</td>
<td>com.webdriver.runner.GenericRunner@23529fee</td></tr>
<tr>
<td title='com.webdriver.runner.GenericRunner.runScenario()'><b>runScenario</b><br>Test class: com.webdriver.runner.GenericRunner<br>Test method: Runs Cucumber Scenarios<br>Parameters: "Working with MultipleWindow", "Working with Iframe"</td>
<td></td>
<td>16</td>
<td>com.webdriver.runner.GenericRunner@23529fee</td></tr>
<tr>
<td title='com.webdriver.runner.GenericRunner.runScenario()'><b>runScenario</b><br>Test class: com.webdriver.runner.GenericRunner<br>Test method: Runs Cucumber Scenarios<br>Parameters: "Bug Creation for Test Product", "Create bug in bugzila application"</td>
<td></td>
<td>11</td>
<td>com.webdriver.runner.GenericRunner@23529fee</td></tr>
<tr>
<td title='com.webdriver.runner.GenericRunner.runScenario()'><b>runScenario</b><br>Test class: com.webdriver.runner.GenericRunner<br>Test method: Runs Cucumber Scenarios<br>Parameters: "Usage of Custom Factory", "Create bug in bugzila application"</td>
<td></td>
<td>12</td>
<td>com.webdriver.runner.GenericRunner@23529fee</td></tr>
<tr>
<td title='com.webdriver.runner.GenericRunner.runScenario()'><b>runScenario</b><br>Test class: com.webdriver.runner.GenericRunner<br>Test method: Runs Cucumber Scenarios<br>Parameters: "Web driver wait - fixed wait", "Web driver wait fuction"</td>
<td></td>
<td>13</td>
<td>com.webdriver.runner.GenericRunner@23529fee</td></tr>
<tr>
<td title='com.webdriver.runner.GenericRunner.runScenario()'><b>runScenario</b><br>Test class: com.webdriver.runner.GenericRunner<br>Test method: Runs Cucumber Scenarios<br>Parameters: "Webelement Function for single element", "Web Element Functions"</td>
<td></td>
<td>5</td>
<td>com.webdriver.runner.GenericRunner@23529fee</td></tr>
<tr>
<td title='com.webdriver.runner.GenericRunner.runScenario()'><b>runScenario</b><br>Test class: com.webdriver.runner.GenericRunner<br>Test method: Runs Cucumber Scenarios<br>Parameters: "Webelement Function for multiple elements", "Web Element Functions"</td>
<td></td>
<td>5</td>
<td>com.webdriver.runner.GenericRunner@23529fee</td></tr>
<tr>
<td title='com.webdriver.runner.GenericRunner.runScenario()'><b>runScenario</b><br>Test class: com.webdriver.runner.GenericRunner<br>Test method: Runs Cucumber Scenarios<br>Parameters: "Working with text box", "Web Element Functions"</td>
<td></td>
<td>5</td>
<td>com.webdriver.runner.GenericRunner@23529fee</td></tr>
<tr>
<td title='com.webdriver.runner.GenericRunner.runScenario()'><b>runScenario</b><br>Test class: com.webdriver.runner.GenericRunner<br>Test method: Runs Cucumber Scenarios<br>Parameters: "Working with Button,CheckBox Hyperlink and Radio Button", "Web Element Functions"</td>
<td></td>
<td>8</td>
<td>com.webdriver.runner.GenericRunner@23529fee</td></tr>
<tr>
<td title='com.webdriver.runner.GenericRunner.runScenario()'><b>runScenario</b><br>Test class: com.webdriver.runner.GenericRunner<br>Test method: Runs Cucumber Scenarios<br>Parameters: "Working with drop down - Combo box", "Web Element Functions"</td>
<td></td>
<td>7</td>
<td>com.webdriver.runner.GenericRunner@23529fee</td></tr>
</table><p>
</body>
</html>