<?xml version="1.0" encoding="UTF-8"?>
<!-- Generated by org.testng.reporters.JUnitXMLReporter -->
<testsuite hostname="L33986WUS" ignored="0" name="Default test" tests="30" failures="8" timestamp="26 Jul 2020 22:39:48 GMT" time="291.426" errors="0">
  <testcase name="runScenario" time="10.392" classname="io.cucumber.testng.AbstractTestNGCucumberTests"/>
  <testcase name="runScenario" time="9.715" classname="io.cucumber.testng.AbstractTestNGCucumberTests"/>
  <testcase name="runScenario" time="9.854" classname="io.cucumber.testng.AbstractTestNGCucumberTests"/>
  <testcase name="runScenario" time="11.073" classname="io.cucumber.testng.AbstractTestNGCucumberTests"/>
  <testcase name="runScenario" time="5.565" classname="io.cucumber.testng.AbstractTestNGCucumberTests">
    <failure type="org.openqa.selenium.SessionNotCreatedException" message="session not created: This version of ChromeDriver only supports Chrome version 80
Build info: version: &amp;apos;3.8.1&amp;apos;, revision: &amp;apos;6e95a6684b&amp;apos;, time: &amp;apos;2017-12-01T18:33:54.468Z&amp;apos;
System info: host: &amp;apos;L33986WUS&amp;apos;, ip: &amp;apos;55.55.55.1&amp;apos;, os.name: &amp;apos;Windows 10&amp;apos;, os.arch: &amp;apos;amd64&amp;apos;, os.version: &amp;apos;10.0&amp;apos;, java.version: &amp;apos;1.8.0_202&amp;apos;
Driver info: driver.version: ChromeDriver
remote stacktrace: Backtrace:
	Ordinal0 [0x01490C83+1707139]
	Ordinal0 [0x013F68F1+1075441]
	Ordinal0 [0x0136DFC9+516041]
	Ordinal0 [0x01300554+66900]
	Ordinal0 [0x012FCCE2+52450]
	Ordinal0 [0x0131BFD7+180183]
	Ordinal0 [0x0131BDDD+179677]
	Ordinal0 [0x01319D4B+171339]
	Ordinal0 [0x01301D4A+73034]
	Ordinal0 [0x01302DC0+77248]
	Ordinal0 [0x01302D59+77145]
	Ordinal0 [0x0140BB67+1162087]
	GetHandleVerifier [0x0152A966+508998]
	GetHandleVerifier [0x0152A6A4+508292]
	GetHandleVerifier [0x0153F7B7+594583]
	GetHandleVerifier [0x0152B1D6+511158]
	Ordinal0 [0x0140402C+1130540]
	Ordinal0 [0x0140D4CB+1168587]
	Ordinal0 [0x0140D633+1168947]
	Ordinal0 [0x01425B35+1268533]
	BaseThreadInitThunk [0x76620419+25]
	RtlGetAppContainerNamedObjectPath [0x771C66DD+237]
	RtlGetAppContainerNamedObjectPath [0x771C66AD+189]
">
      <![CDATA[org.openqa.selenium.SessionNotCreatedException: session not created: This version of ChromeDriver only supports Chrome version 80Build info: version: '3.8.1', revision: '6e95a6684b', time: '2017-12-01T18:33:54.468Z'System info: host: 'L33986WUS', ip: '55.55.55.1', os.name: 'Windows 10', os.arch: 'amd64', os.version: '10.0', java.version: '1.8.0_202'Driver info: driver.version: ChromeDriverremote stacktrace: Backtrace:Ordinal0 [0x01490C83+1707139]Ordinal0 [0x013F68F1+1075441]Ordinal0 [0x0136DFC9+516041]Ordinal0 [0x01300554+66900]Ordinal0 [0x012FCCE2+52450]Ordinal0 [0x0131BFD7+180183]Ordinal0 [0x0131BDDD+179677]Ordinal0 [0x01319D4B+171339]Ordinal0 [0x01301D4A+73034]Ordinal0 [0x01302DC0+77248]Ordinal0 [0x01302D59+77145]Ordinal0 [0x0140BB67+1162087]GetHandleVerifier [0x0152A966+508998]GetHandleVerifier [0x0152A6A4+508292]GetHandleVerifier [0x0153F7B7+594583]GetHandleVerifier [0x0152B1D6+511158]Ordinal0 [0x0140402C+1130540]Ordinal0 [0x0140D4CB+1168587]Ordinal0 [0x0140D633+1168947]Ordinal0 [0x01425B35+1268533]BaseThreadInitThunk [0x76620419+25]RtlGetAppContainerNamedObjectPath [0x771C66DD+237]RtlGetAppContainerNamedObjectPath [0x771C66AD+189]at sun.reflect.NativeConstructorAccessorImpl.newInstance0(Native Method)at sun.reflect.NativeConstructorAccessorImpl.newInstance(NativeConstructorAccessorImpl.java:62)at sun.reflect.DelegatingConstructorAccessorImpl.newInstance(DelegatingConstructorAccessorImpl.java:45)at java.lang.reflect.Constructor.newInstance(Constructor.java:423)at org.openqa.selenium.remote.W3CHandshakeResponse.lambda$new$0(W3CHandshakeResponse.java:57)at org.openqa.selenium.remote.W3CHandshakeResponse.lambda$getResponseFunction$2(W3CHandshakeResponse.java:104)at org.openqa.selenium.remote.ProtocolHandshake.lambda$createSession$0(ProtocolHandshake.java:123)at java.util.stream.ReferencePipeline$3$1.accept(ReferencePipeline.java:193)at java.util.Spliterators$ArraySpliterator.tryAdvance(Spliterators.java:958)at java.util.stream.ReferencePipeline.forEachWithCancel(ReferencePipeline.java:126)at java.util.stream.AbstractPipeline.copyIntoWithCancel(AbstractPipeline.java:498)at java.util.stream.AbstractPipeline.copyInto(AbstractPipeline.java:485)at java.util.stream.AbstractPipeline.wrapAndCopyInto(AbstractPipeline.java:471)at java.util.stream.FindOps$FindOp.evaluateSequential(FindOps.java:152)at java.util.stream.AbstractPipeline.evaluate(AbstractPipeline.java:234)at java.util.stream.ReferencePipeline.findFirst(ReferencePipeline.java:464)at org.openqa.selenium.remote.ProtocolHandshake.createSession(ProtocolHandshake.java:126)at org.openqa.selenium.remote.ProtocolHandshake.createSession(ProtocolHandshake.java:73)at org.openqa.selenium.remote.HttpCommandExecutor.execute(HttpCommandExecutor.java:142)at org.openqa.selenium.remote.service.DriverCommandExecutor.execute(DriverCommandExecutor.java:83)at org.openqa.selenium.remote.RemoteWebDriver.execute(RemoteWebDriver.java:601)at org.openqa.selenium.remote.RemoteWebDriver.startSession(RemoteWebDriver.java:219)at org.openqa.selenium.remote.RemoteWebDriver.<init>(RemoteWebDriver.java:142)at org.openqa.selenium.chrome.ChromeDriver.<init>(ChromeDriver.java:181)at org.openqa.selenium.chrome.ChromeDriver.<init>(ChromeDriver.java:168)at org.openqa.selenium.chrome.ChromeDriver.<init>(ChromeDriver.java:123)at com.webdriver.browserfunction.BrowserFunctionStepDfn.browserfunction_i_have_chrome_driver_instance(BrowserFunctionStepDfn.java:32)at ✽.BrowserFunction_I have chrome driver instance(file:///C:/Data/GitHub/SeleniumWebdriverWithCucumber-io/src/main/java/com/webdriver/browserfunction/BrowserFunction.feature:5)]]>
    </failure>
  </testcase> <!-- runScenario -->
  <testcase name="runScenario" time="5.553" classname="io.cucumber.testng.AbstractTestNGCucumberTests">
    <failure type="org.openqa.selenium.SessionNotCreatedException" message="session not created: This version of ChromeDriver only supports Chrome version 80
Build info: version: &amp;apos;3.8.1&amp;apos;, revision: &amp;apos;6e95a6684b&amp;apos;, time: &amp;apos;2017-12-01T18:33:54.468Z&amp;apos;
System info: host: &amp;apos;L33986WUS&amp;apos;, ip: &amp;apos;55.55.55.1&amp;apos;, os.name: &amp;apos;Windows 10&amp;apos;, os.arch: &amp;apos;amd64&amp;apos;, os.version: &amp;apos;10.0&amp;apos;, java.version: &amp;apos;1.8.0_202&amp;apos;
Driver info: driver.version: ChromeDriver
remote stacktrace: Backtrace:
	Ordinal0 [0x01490C83+1707139]
	Ordinal0 [0x013F68F1+1075441]
	Ordinal0 [0x0136DFC9+516041]
	Ordinal0 [0x01300554+66900]
	Ordinal0 [0x012FCCE2+52450]
	Ordinal0 [0x0131BFD7+180183]
	Ordinal0 [0x0131BDDD+179677]
	Ordinal0 [0x01319D4B+171339]
	Ordinal0 [0x01301D4A+73034]
	Ordinal0 [0x01302DC0+77248]
	Ordinal0 [0x01302D59+77145]
	Ordinal0 [0x0140BB67+1162087]
	GetHandleVerifier [0x0152A966+508998]
	GetHandleVerifier [0x0152A6A4+508292]
	GetHandleVerifier [0x0153F7B7+594583]
	GetHandleVerifier [0x0152B1D6+511158]
	Ordinal0 [0x0140402C+1130540]
	Ordinal0 [0x0140D4CB+1168587]
	Ordinal0 [0x0140D633+1168947]
	Ordinal0 [0x01425B35+1268533]
	BaseThreadInitThunk [0x76620419+25]
	RtlGetAppContainerNamedObjectPath [0x771C66DD+237]
	RtlGetAppContainerNamedObjectPath [0x771C66AD+189]
">
      <![CDATA[org.openqa.selenium.SessionNotCreatedException: session not created: This version of ChromeDriver only supports Chrome version 80Build info: version: '3.8.1', revision: '6e95a6684b', time: '2017-12-01T18:33:54.468Z'System info: host: 'L33986WUS', ip: '55.55.55.1', os.name: 'Windows 10', os.arch: 'amd64', os.version: '10.0', java.version: '1.8.0_202'Driver info: driver.version: ChromeDriverremote stacktrace: Backtrace:Ordinal0 [0x01490C83+1707139]Ordinal0 [0x013F68F1+1075441]Ordinal0 [0x0136DFC9+516041]Ordinal0 [0x01300554+66900]Ordinal0 [0x012FCCE2+52450]Ordinal0 [0x0131BFD7+180183]Ordinal0 [0x0131BDDD+179677]Ordinal0 [0x01319D4B+171339]Ordinal0 [0x01301D4A+73034]Ordinal0 [0x01302DC0+77248]Ordinal0 [0x01302D59+77145]Ordinal0 [0x0140BB67+1162087]GetHandleVerifier [0x0152A966+508998]GetHandleVerifier [0x0152A6A4+508292]GetHandleVerifier [0x0153F7B7+594583]GetHandleVerifier [0x0152B1D6+511158]Ordinal0 [0x0140402C+1130540]Ordinal0 [0x0140D4CB+1168587]Ordinal0 [0x0140D633+1168947]Ordinal0 [0x01425B35+1268533]BaseThreadInitThunk [0x76620419+25]RtlGetAppContainerNamedObjectPath [0x771C66DD+237]RtlGetAppContainerNamedObjectPath [0x771C66AD+189]at sun.reflect.NativeConstructorAccessorImpl.newInstance0(Native Method)at sun.reflect.NativeConstructorAccessorImpl.newInstance(NativeConstructorAccessorImpl.java:62)at sun.reflect.DelegatingConstructorAccessorImpl.newInstance(DelegatingConstructorAccessorImpl.java:45)at java.lang.reflect.Constructor.newInstance(Constructor.java:423)at org.openqa.selenium.remote.W3CHandshakeResponse.lambda$new$0(W3CHandshakeResponse.java:57)at org.openqa.selenium.remote.W3CHandshakeResponse.lambda$getResponseFunction$2(W3CHandshakeResponse.java:104)at org.openqa.selenium.remote.ProtocolHandshake.lambda$createSession$0(ProtocolHandshake.java:123)at java.util.stream.ReferencePipeline$3$1.accept(ReferencePipeline.java:193)at java.util.Spliterators$ArraySpliterator.tryAdvance(Spliterators.java:958)at java.util.stream.ReferencePipeline.forEachWithCancel(ReferencePipeline.java:126)at java.util.stream.AbstractPipeline.copyIntoWithCancel(AbstractPipeline.java:498)at java.util.stream.AbstractPipeline.copyInto(AbstractPipeline.java:485)at java.util.stream.AbstractPipeline.wrapAndCopyInto(AbstractPipeline.java:471)at java.util.stream.FindOps$FindOp.evaluateSequential(FindOps.java:152)at java.util.stream.AbstractPipeline.evaluate(AbstractPipeline.java:234)at java.util.stream.ReferencePipeline.findFirst(ReferencePipeline.java:464)at org.openqa.selenium.remote.ProtocolHandshake.createSession(ProtocolHandshake.java:126)at org.openqa.selenium.remote.ProtocolHandshake.createSession(ProtocolHandshake.java:73)at org.openqa.selenium.remote.HttpCommandExecutor.execute(HttpCommandExecutor.java:142)at org.openqa.selenium.remote.service.DriverCommandExecutor.execute(DriverCommandExecutor.java:83)at org.openqa.selenium.remote.RemoteWebDriver.execute(RemoteWebDriver.java:601)at org.openqa.selenium.remote.RemoteWebDriver.startSession(RemoteWebDriver.java:219)at org.openqa.selenium.remote.RemoteWebDriver.<init>(RemoteWebDriver.java:142)at org.openqa.selenium.chrome.ChromeDriver.<init>(ChromeDriver.java:181)at org.openqa.selenium.chrome.ChromeDriver.<init>(ChromeDriver.java:168)at org.openqa.selenium.chrome.ChromeDriver.<init>(ChromeDriver.java:123)at com.webdriver.browserfunction.BrowserFunctionStepDfn.browserfunction_i_have_chrome_driver_instance(BrowserFunctionStepDfn.java:32)at ✽.BrowserFunction_I have chrome driver instance(file:///C:/Data/GitHub/SeleniumWebdriverWithCucumber-io/src/main/java/com/webdriver/browserfunction/BrowserFunction.feature:5)]]>
    </failure>
  </testcase> <!-- runScenario -->
  <testcase name="runScenario" time="5.537" classname="io.cucumber.testng.AbstractTestNGCucumberTests">
    <failure type="org.openqa.selenium.SessionNotCreatedException" message="session not created: This version of ChromeDriver only supports Chrome version 80
Build info: version: &amp;apos;3.8.1&amp;apos;, revision: &amp;apos;6e95a6684b&amp;apos;, time: &amp;apos;2017-12-01T18:33:54.468Z&amp;apos;
System info: host: &amp;apos;L33986WUS&amp;apos;, ip: &amp;apos;55.55.55.1&amp;apos;, os.name: &amp;apos;Windows 10&amp;apos;, os.arch: &amp;apos;amd64&amp;apos;, os.version: &amp;apos;10.0&amp;apos;, java.version: &amp;apos;1.8.0_202&amp;apos;
Driver info: driver.version: ChromeDriver
remote stacktrace: Backtrace:
	Ordinal0 [0x01490C83+1707139]
	Ordinal0 [0x013F68F1+1075441]
	Ordinal0 [0x0136DFC9+516041]
	Ordinal0 [0x01300554+66900]
	Ordinal0 [0x012FCCE2+52450]
	Ordinal0 [0x0131BFD7+180183]
	Ordinal0 [0x0131BDDD+179677]
	Ordinal0 [0x01319D4B+171339]
	Ordinal0 [0x01301D4A+73034]
	Ordinal0 [0x01302DC0+77248]
	Ordinal0 [0x01302D59+77145]
	Ordinal0 [0x0140BB67+1162087]
	GetHandleVerifier [0x0152A966+508998]
	GetHandleVerifier [0x0152A6A4+508292]
	GetHandleVerifier [0x0153F7B7+594583]
	GetHandleVerifier [0x0152B1D6+511158]
	Ordinal0 [0x0140402C+1130540]
	Ordinal0 [0x0140D4CB+1168587]
	Ordinal0 [0x0140D633+1168947]
	Ordinal0 [0x01425B35+1268533]
	BaseThreadInitThunk [0x76620419+25]
	RtlGetAppContainerNamedObjectPath [0x771C66DD+237]
	RtlGetAppContainerNamedObjectPath [0x771C66AD+189]
">
      <![CDATA[org.openqa.selenium.SessionNotCreatedException: session not created: This version of ChromeDriver only supports Chrome version 80Build info: version: '3.8.1', revision: '6e95a6684b', time: '2017-12-01T18:33:54.468Z'System info: host: 'L33986WUS', ip: '55.55.55.1', os.name: 'Windows 10', os.arch: 'amd64', os.version: '10.0', java.version: '1.8.0_202'Driver info: driver.version: ChromeDriverremote stacktrace: Backtrace:Ordinal0 [0x01490C83+1707139]Ordinal0 [0x013F68F1+1075441]Ordinal0 [0x0136DFC9+516041]Ordinal0 [0x01300554+66900]Ordinal0 [0x012FCCE2+52450]Ordinal0 [0x0131BFD7+180183]Ordinal0 [0x0131BDDD+179677]Ordinal0 [0x01319D4B+171339]Ordinal0 [0x01301D4A+73034]Ordinal0 [0x01302DC0+77248]Ordinal0 [0x01302D59+77145]Ordinal0 [0x0140BB67+1162087]GetHandleVerifier [0x0152A966+508998]GetHandleVerifier [0x0152A6A4+508292]GetHandleVerifier [0x0153F7B7+594583]GetHandleVerifier [0x0152B1D6+511158]Ordinal0 [0x0140402C+1130540]Ordinal0 [0x0140D4CB+1168587]Ordinal0 [0x0140D633+1168947]Ordinal0 [0x01425B35+1268533]BaseThreadInitThunk [0x76620419+25]RtlGetAppContainerNamedObjectPath [0x771C66DD+237]RtlGetAppContainerNamedObjectPath [0x771C66AD+189]at sun.reflect.NativeConstructorAccessorImpl.newInstance0(Native Method)at sun.reflect.NativeConstructorAccessorImpl.newInstance(NativeConstructorAccessorImpl.java:62)at sun.reflect.DelegatingConstructorAccessorImpl.newInstance(DelegatingConstructorAccessorImpl.java:45)at java.lang.reflect.Constructor.newInstance(Constructor.java:423)at org.openqa.selenium.remote.W3CHandshakeResponse.lambda$new$0(W3CHandshakeResponse.java:57)at org.openqa.selenium.remote.W3CHandshakeResponse.lambda$getResponseFunction$2(W3CHandshakeResponse.java:104)at org.openqa.selenium.remote.ProtocolHandshake.lambda$createSession$0(ProtocolHandshake.java:123)at java.util.stream.ReferencePipeline$3$1.accept(ReferencePipeline.java:193)at java.util.Spliterators$ArraySpliterator.tryAdvance(Spliterators.java:958)at java.util.stream.ReferencePipeline.forEachWithCancel(ReferencePipeline.java:126)at java.util.stream.AbstractPipeline.copyIntoWithCancel(AbstractPipeline.java:498)at java.util.stream.AbstractPipeline.copyInto(AbstractPipeline.java:485)at java.util.stream.AbstractPipeline.wrapAndCopyInto(AbstractPipeline.java:471)at java.util.stream.FindOps$FindOp.evaluateSequential(FindOps.java:152)at java.util.stream.AbstractPipeline.evaluate(AbstractPipeline.java:234)at java.util.stream.ReferencePipeline.findFirst(ReferencePipeline.java:464)at org.openqa.selenium.remote.ProtocolHandshake.createSession(ProtocolHandshake.java:126)at org.openqa.selenium.remote.ProtocolHandshake.createSession(ProtocolHandshake.java:73)at org.openqa.selenium.remote.HttpCommandExecutor.execute(HttpCommandExecutor.java:142)at org.openqa.selenium.remote.service.DriverCommandExecutor.execute(DriverCommandExecutor.java:83)at org.openqa.selenium.remote.RemoteWebDriver.execute(RemoteWebDriver.java:601)at org.openqa.selenium.remote.RemoteWebDriver.startSession(RemoteWebDriver.java:219)at org.openqa.selenium.remote.RemoteWebDriver.<init>(RemoteWebDriver.java:142)at org.openqa.selenium.chrome.ChromeDriver.<init>(ChromeDriver.java:181)at org.openqa.selenium.chrome.ChromeDriver.<init>(ChromeDriver.java:168)at org.openqa.selenium.chrome.ChromeDriver.<init>(ChromeDriver.java:123)at com.webdriver.browserfunction.BrowserFunctionStepDfn.browserfunction_i_have_chrome_driver_instance(BrowserFunctionStepDfn.java:32)at ✽.BrowserFunction_I have chrome driver instance(file:///C:/Data/GitHub/SeleniumWebdriverWithCucumber-io/src/main/java/com/webdriver/browserfunction/BrowserFunction.feature:5)]]>
    </failure>
  </testcase> <!-- runScenario -->
  <testcase name="runScenario" time="5.57" classname="io.cucumber.testng.AbstractTestNGCucumberTests">
    <failure type="org.openqa.selenium.SessionNotCreatedException" message="session not created: This version of ChromeDriver only supports Chrome version 80
Build info: version: &amp;apos;3.8.1&amp;apos;, revision: &amp;apos;6e95a6684b&amp;apos;, time: &amp;apos;2017-12-01T18:33:54.468Z&amp;apos;
System info: host: &amp;apos;L33986WUS&amp;apos;, ip: &amp;apos;55.55.55.1&amp;apos;, os.name: &amp;apos;Windows 10&amp;apos;, os.arch: &amp;apos;amd64&amp;apos;, os.version: &amp;apos;10.0&amp;apos;, java.version: &amp;apos;1.8.0_202&amp;apos;
Driver info: driver.version: ChromeDriver
remote stacktrace: Backtrace:
	Ordinal0 [0x01490C83+1707139]
	Ordinal0 [0x013F68F1+1075441]
	Ordinal0 [0x0136DFC9+516041]
	Ordinal0 [0x01300554+66900]
	Ordinal0 [0x012FCCE2+52450]
	Ordinal0 [0x0131BFD7+180183]
	Ordinal0 [0x0131BDDD+179677]
	Ordinal0 [0x01319D4B+171339]
	Ordinal0 [0x01301D4A+73034]
	Ordinal0 [0x01302DC0+77248]
	Ordinal0 [0x01302D59+77145]
	Ordinal0 [0x0140BB67+1162087]
	GetHandleVerifier [0x0152A966+508998]
	GetHandleVerifier [0x0152A6A4+508292]
	GetHandleVerifier [0x0153F7B7+594583]
	GetHandleVerifier [0x0152B1D6+511158]
	Ordinal0 [0x0140402C+1130540]
	Ordinal0 [0x0140D4CB+1168587]
	Ordinal0 [0x0140D633+1168947]
	Ordinal0 [0x01425B35+1268533]
	BaseThreadInitThunk [0x76620419+25]
	RtlGetAppContainerNamedObjectPath [0x771C66DD+237]
	RtlGetAppContainerNamedObjectPath [0x771C66AD+189]
">
      <![CDATA[org.openqa.selenium.SessionNotCreatedException: session not created: This version of ChromeDriver only supports Chrome version 80Build info: version: '3.8.1', revision: '6e95a6684b', time: '2017-12-01T18:33:54.468Z'System info: host: 'L33986WUS', ip: '55.55.55.1', os.name: 'Windows 10', os.arch: 'amd64', os.version: '10.0', java.version: '1.8.0_202'Driver info: driver.version: ChromeDriverremote stacktrace: Backtrace:Ordinal0 [0x01490C83+1707139]Ordinal0 [0x013F68F1+1075441]Ordinal0 [0x0136DFC9+516041]Ordinal0 [0x01300554+66900]Ordinal0 [0x012FCCE2+52450]Ordinal0 [0x0131BFD7+180183]Ordinal0 [0x0131BDDD+179677]Ordinal0 [0x01319D4B+171339]Ordinal0 [0x01301D4A+73034]Ordinal0 [0x01302DC0+77248]Ordinal0 [0x01302D59+77145]Ordinal0 [0x0140BB67+1162087]GetHandleVerifier [0x0152A966+508998]GetHandleVerifier [0x0152A6A4+508292]GetHandleVerifier [0x0153F7B7+594583]GetHandleVerifier [0x0152B1D6+511158]Ordinal0 [0x0140402C+1130540]Ordinal0 [0x0140D4CB+1168587]Ordinal0 [0x0140D633+1168947]Ordinal0 [0x01425B35+1268533]BaseThreadInitThunk [0x76620419+25]RtlGetAppContainerNamedObjectPath [0x771C66DD+237]RtlGetAppContainerNamedObjectPath [0x771C66AD+189]at sun.reflect.NativeConstructorAccessorImpl.newInstance0(Native Method)at sun.reflect.NativeConstructorAccessorImpl.newInstance(NativeConstructorAccessorImpl.java:62)at sun.reflect.DelegatingConstructorAccessorImpl.newInstance(DelegatingConstructorAccessorImpl.java:45)at java.lang.reflect.Constructor.newInstance(Constructor.java:423)at org.openqa.selenium.remote.W3CHandshakeResponse.lambda$new$0(W3CHandshakeResponse.java:57)at org.openqa.selenium.remote.W3CHandshakeResponse.lambda$getResponseFunction$2(W3CHandshakeResponse.java:104)at org.openqa.selenium.remote.ProtocolHandshake.lambda$createSession$0(ProtocolHandshake.java:123)at java.util.stream.ReferencePipeline$3$1.accept(ReferencePipeline.java:193)at java.util.Spliterators$ArraySpliterator.tryAdvance(Spliterators.java:958)at java.util.stream.ReferencePipeline.forEachWithCancel(ReferencePipeline.java:126)at java.util.stream.AbstractPipeline.copyIntoWithCancel(AbstractPipeline.java:498)at java.util.stream.AbstractPipeline.copyInto(AbstractPipeline.java:485)at java.util.stream.AbstractPipeline.wrapAndCopyInto(AbstractPipeline.java:471)at java.util.stream.FindOps$FindOp.evaluateSequential(FindOps.java:152)at java.util.stream.AbstractPipeline.evaluate(AbstractPipeline.java:234)at java.util.stream.ReferencePipeline.findFirst(ReferencePipeline.java:464)at org.openqa.selenium.remote.ProtocolHandshake.createSession(ProtocolHandshake.java:126)at org.openqa.selenium.remote.ProtocolHandshake.createSession(ProtocolHandshake.java:73)at org.openqa.selenium.remote.HttpCommandExecutor.execute(HttpCommandExecutor.java:142)at org.openqa.selenium.remote.service.DriverCommandExecutor.execute(DriverCommandExecutor.java:83)at org.openqa.selenium.remote.RemoteWebDriver.execute(RemoteWebDriver.java:601)at org.openqa.selenium.remote.RemoteWebDriver.startSession(RemoteWebDriver.java:219)at org.openqa.selenium.remote.RemoteWebDriver.<init>(RemoteWebDriver.java:142)at org.openqa.selenium.chrome.ChromeDriver.<init>(ChromeDriver.java:181)at org.openqa.selenium.chrome.ChromeDriver.<init>(ChromeDriver.java:168)at org.openqa.selenium.chrome.ChromeDriver.<init>(ChromeDriver.java:123)at com.webdriver.browserfunction.BrowserFunctionStepDfn.browserfunction_i_have_chrome_driver_instance(BrowserFunctionStepDfn.java:32)at ✽.BrowserFunction_I have chrome driver instance(file:///C:/Data/GitHub/SeleniumWebdriverWithCucumber-io/src/main/java/com/webdriver/browserfunction/BrowserFunction.feature:5)]]>
    </failure>
  </testcase> <!-- runScenario -->
  <testcase name="runScenario" time="7.098" classname="io.cucumber.testng.AbstractTestNGCucumberTests"/>
  <testcase name="runScenario" time="6.403" classname="io.cucumber.testng.AbstractTestNGCucumberTests"/>
  <testcase name="runScenario" time="6.15" classname="io.cucumber.testng.AbstractTestNGCucumberTests"/>
  <testcase name="runScenario" time="6.635" classname="io.cucumber.testng.AbstractTestNGCucumberTests"/>
  <testcase name="runScenario" time="11.427" classname="io.cucumber.testng.AbstractTestNGCucumberTests"/>
  <testcase name="runScenario" time="9.27" classname="io.cucumber.testng.AbstractTestNGCucumberTests">
    <failure type="org.openqa.selenium.NoSuchElementException" message="Cannot locate option with value: test1         
For documentation on this error, please visit: http://seleniumhq.org/exceptions/no_such_element.html
Build info: version: &amp;apos;3.8.1&amp;apos;, revision: &amp;apos;6e95a6684b&amp;apos;, time: &amp;apos;2017-12-01T18:33:54.468Z&amp;apos;
System info: host: &amp;apos;L33986WUS&amp;apos;, ip: &amp;apos;55.55.55.1&amp;apos;, os.name: &amp;apos;Windows 10&amp;apos;, os.arch: &amp;apos;amd64&amp;apos;, os.version: &amp;apos;10.0&amp;apos;, java.version: &amp;apos;1.8.0_202&amp;apos;
Driver info: driver.version: unknown">
      <![CDATA[org.openqa.selenium.NoSuchElementException: Cannot locate option with value: test1         For documentation on this error, please visit: http://seleniumhq.org/exceptions/no_such_element.htmlBuild info: version: '3.8.1', revision: '6e95a6684b', time: '2017-12-01T18:33:54.468Z'System info: host: 'L33986WUS', ip: '55.55.55.1', os.name: 'Windows 10', os.arch: 'amd64', os.version: '10.0', java.version: '1.8.0_202'Driver info: driver.version: unknownat org.openqa.selenium.support.ui.Select.selectByValue(Select.java:209)at com.webdriver.helper.DropdownHelper.selectByValue(DropdownHelper.java:55)at com.webdriver.page.DetailPageClass.provideDetails(DetailPageClass.java:62)at com.webdriver.datadriven.DataDrivenStepDfn.datadriven_i_provide_the_following_information_in_the_detail_page_from_excel_file_as_follow(DataDrivenStepDfn.java:86)at ✽.DataDriven_I provide the following information in the detail page from excel file as follow(file:///C:/Data/GitHub/SeleniumWebdriverWithCucumber-io/src/main/java/com/webdriver/datadriven/DataDriven.feature:23)]]>
    </failure>
  </testcase> <!-- runScenario -->
  <testcase name="runScenario" time="11.071" classname="io.cucumber.testng.AbstractTestNGCucumberTests"/>
  <testcase name="runScenario" time="12.203" classname="io.cucumber.testng.AbstractTestNGCucumberTests"/>
  <testcase name="runScenario" time="11.384" classname="io.cucumber.testng.AbstractTestNGCucumberTests"/>
  <testcase name="runScenario" time="34.444" classname="io.cucumber.testng.AbstractTestNGCucumberTests"/>
  <testcase name="runScenario" time="16.796" classname="io.cucumber.testng.AbstractTestNGCucumberTests"/>
  <testcase name="runScenario" time="6.483" classname="io.cucumber.testng.AbstractTestNGCucumberTests">
    <failure type="java.lang.AssertionError" message="To Take the Screen Shot">
      <![CDATA[java.lang.AssertionError: To Take the Screen Shotat org.testng.Assert.fail(Assert.java:96)at com.webdriver.page.BugCreationStepDfn.bugzilla_the_title_of_login_page_should_be(BugCreationStepDfn.java:58)at ✽.Bugzilla_The title of login page should be "Log in to Bugzilla"(file:///C:/Data/GitHub/SeleniumWebdriverWithCucumber-io/src/main/java/com/webdriver/page/BugCreation.feature:6)]]>
    </failure>
  </testcase> <!-- runScenario -->
  <testcase name="runScenario" time="11.17" classname="io.cucumber.testng.AbstractTestNGCucumberTests"/>
  <testcase name="runScenario" time="12.996" classname="io.cucumber.testng.AbstractTestNGCucumberTests"/>
  <testcase name="runScenario" time="13.267" classname="io.cucumber.testng.AbstractTestNGCucumberTests"/>
  <testcase name="runScenario" time="9.491" classname="io.cucumber.testng.AbstractTestNGCucumberTests">
    <failure type="org.openqa.selenium.StaleElementReferenceException" message="stale element reference: element is not attached to the page document
  (Session info: chrome=84.0.4147.89)
For documentation on this error, please visit: http://seleniumhq.org/exceptions/stale_element_reference.html
Build info: version: &amp;apos;3.8.1&amp;apos;, revision: &amp;apos;6e95a6684b&amp;apos;, time: &amp;apos;2017-12-01T18:33:54.468Z&amp;apos;
System info: host: &amp;apos;L33986WUS&amp;apos;, ip: &amp;apos;55.55.55.1&amp;apos;, os.name: &amp;apos;Windows 10&amp;apos;, os.arch: &amp;apos;amd64&amp;apos;, os.version: &amp;apos;10.0&amp;apos;, java.version: &amp;apos;1.8.0_202&amp;apos;
Driver info: org.openqa.selenium.chrome.ChromeDriver
Capabilities {acceptInsecureCerts: true, browserName: chrome, browserVersion: 84.0.4147.89, chrome: {chromedriverVersion: 84.0.4147.30 (48b3e868b4cc0..., userDataDir: C:\Users\rathr1\AppData\Loc...}, goog:chromeOptions: {debuggerAddress: localhost:61736}, javascriptEnabled: true, networkConnectionEnabled: false, pageLoadStrategy: normal, platform: WINDOWS, platformName: WINDOWS, proxy: Proxy(), setWindowRect: true, strictFileInteractability: false, timeouts: {implicit: 0, pageLoad: 300000, script: 30000}, unhandledPromptBehavior: dismiss and notify, webauthn:virtualAuthenticators: true}
Session ID: 57d7c35ada7d8d00a86d5d82423500a1">
      <![CDATA[org.openqa.selenium.StaleElementReferenceException: stale element reference: element is not attached to the page document  (Session info: chrome=84.0.4147.89)For documentation on this error, please visit: http://seleniumhq.org/exceptions/stale_element_reference.htmlBuild info: version: '3.8.1', revision: '6e95a6684b', time: '2017-12-01T18:33:54.468Z'System info: host: 'L33986WUS', ip: '55.55.55.1', os.name: 'Windows 10', os.arch: 'amd64', os.version: '10.0', java.version: '1.8.0_202'Driver info: org.openqa.selenium.chrome.ChromeDriverCapabilities {acceptInsecureCerts: true, browserName: chrome, browserVersion: 84.0.4147.89, chrome: {chromedriverVersion: 84.0.4147.30 (48b3e868b4cc0..., userDataDir: C:\Users\rathr1\AppData\Loc...}, goog:chromeOptions: {debuggerAddress: localhost:61736}, javascriptEnabled: true, networkConnectionEnabled: false, pageLoadStrategy: normal, platform: WINDOWS, platformName: WINDOWS, proxy: Proxy(), setWindowRect: true, strictFileInteractability: false, timeouts: {implicit: 0, pageLoad: 300000, script: 30000}, unhandledPromptBehavior: dismiss and notify, webauthn:virtualAuthenticators: true}Session ID: 57d7c35ada7d8d00a86d5d82423500a1at sun.reflect.NativeConstructorAccessorImpl.newInstance0(Native Method)at sun.reflect.NativeConstructorAccessorImpl.newInstance(NativeConstructorAccessorImpl.java:62)at sun.reflect.DelegatingConstructorAccessorImpl.newInstance(DelegatingConstructorAccessorImpl.java:45)at java.lang.reflect.Constructor.newInstance(Constructor.java:423)at org.openqa.selenium.remote.http.W3CHttpResponseCodec.createException(W3CHttpResponseCodec.java:187)at org.openqa.selenium.remote.http.W3CHttpResponseCodec.decode(W3CHttpResponseCodec.java:122)at org.openqa.selenium.remote.http.W3CHttpResponseCodec.decode(W3CHttpResponseCodec.java:49)at org.openqa.selenium.remote.HttpCommandExecutor.execute(HttpCommandExecutor.java:164)at org.openqa.selenium.remote.service.DriverCommandExecutor.execute(DriverCommandExecutor.java:83)at org.openqa.selenium.remote.RemoteWebDriver.execute(RemoteWebDriver.java:601)at org.openqa.selenium.remote.RemoteWebElement.execute(RemoteWebElement.java:279)at org.openqa.selenium.remote.RemoteWebElement.sendKeys(RemoteWebElement.java:100)at com.webdriver.helper.TextBoxHelper.setText(TextBoxHelper.java:25)at com.webdriver.wait.WebdriverWaitStepDfn.webdriverwaitfunction_i_send_the_to_the_username_text_box(WebdriverWaitStepDfn.java:79)at ✽.WebdriverWaitFunction_I send the "value" to the username text box(file:///C:/Data/GitHub/SeleniumWebdriverWithCucumber-io/src/main/java/com/webdriver/wait/WebdriverWaitFunction.feature:18)]]>
    </failure>
  </testcase> <!-- runScenario -->
  <testcase name="runScenario" time="9.667" classname="io.cucumber.testng.AbstractTestNGCucumberTests">
    <failure type="org.openqa.selenium.StaleElementReferenceException" message="stale element reference: element is not attached to the page document
  (Session info: chrome=84.0.4147.89)
For documentation on this error, please visit: http://seleniumhq.org/exceptions/stale_element_reference.html
Build info: version: &amp;apos;3.8.1&amp;apos;, revision: &amp;apos;6e95a6684b&amp;apos;, time: &amp;apos;2017-12-01T18:33:54.468Z&amp;apos;
System info: host: &amp;apos;L33986WUS&amp;apos;, ip: &amp;apos;55.55.55.1&amp;apos;, os.name: &amp;apos;Windows 10&amp;apos;, os.arch: &amp;apos;amd64&amp;apos;, os.version: &amp;apos;10.0&amp;apos;, java.version: &amp;apos;1.8.0_202&amp;apos;
Driver info: org.openqa.selenium.chrome.ChromeDriver
Capabilities {acceptInsecureCerts: true, browserName: chrome, browserVersion: 84.0.4147.89, chrome: {chromedriverVersion: 84.0.4147.30 (48b3e868b4cc0..., userDataDir: C:\Users\rathr1\AppData\Loc...}, goog:chromeOptions: {debuggerAddress: localhost:61779}, javascriptEnabled: true, networkConnectionEnabled: false, pageLoadStrategy: normal, platform: WINDOWS, platformName: WINDOWS, proxy: Proxy(), setWindowRect: true, strictFileInteractability: false, timeouts: {implicit: 0, pageLoad: 300000, script: 30000}, unhandledPromptBehavior: dismiss and notify, webauthn:virtualAuthenticators: true}
Session ID: 489e6b0a1b46419b68b0e33dfd0c0b51">
      <![CDATA[org.openqa.selenium.StaleElementReferenceException: stale element reference: element is not attached to the page document  (Session info: chrome=84.0.4147.89)For documentation on this error, please visit: http://seleniumhq.org/exceptions/stale_element_reference.htmlBuild info: version: '3.8.1', revision: '6e95a6684b', time: '2017-12-01T18:33:54.468Z'System info: host: 'L33986WUS', ip: '55.55.55.1', os.name: 'Windows 10', os.arch: 'amd64', os.version: '10.0', java.version: '1.8.0_202'Driver info: org.openqa.selenium.chrome.ChromeDriverCapabilities {acceptInsecureCerts: true, browserName: chrome, browserVersion: 84.0.4147.89, chrome: {chromedriverVersion: 84.0.4147.30 (48b3e868b4cc0..., userDataDir: C:\Users\rathr1\AppData\Loc...}, goog:chromeOptions: {debuggerAddress: localhost:61779}, javascriptEnabled: true, networkConnectionEnabled: false, pageLoadStrategy: normal, platform: WINDOWS, platformName: WINDOWS, proxy: Proxy(), setWindowRect: true, strictFileInteractability: false, timeouts: {implicit: 0, pageLoad: 300000, script: 30000}, unhandledPromptBehavior: dismiss and notify, webauthn:virtualAuthenticators: true}Session ID: 489e6b0a1b46419b68b0e33dfd0c0b51at sun.reflect.NativeConstructorAccessorImpl.newInstance0(Native Method)at sun.reflect.NativeConstructorAccessorImpl.newInstance(NativeConstructorAccessorImpl.java:62)at sun.reflect.DelegatingConstructorAccessorImpl.newInstance(DelegatingConstructorAccessorImpl.java:45)at java.lang.reflect.Constructor.newInstance(Constructor.java:423)at org.openqa.selenium.remote.http.W3CHttpResponseCodec.createException(W3CHttpResponseCodec.java:187)at org.openqa.selenium.remote.http.W3CHttpResponseCodec.decode(W3CHttpResponseCodec.java:122)at org.openqa.selenium.remote.http.W3CHttpResponseCodec.decode(W3CHttpResponseCodec.java:49)at org.openqa.selenium.remote.HttpCommandExecutor.execute(HttpCommandExecutor.java:164)at org.openqa.selenium.remote.service.DriverCommandExecutor.execute(DriverCommandExecutor.java:83)at org.openqa.selenium.remote.RemoteWebDriver.execute(RemoteWebDriver.java:601)at org.openqa.selenium.remote.RemoteWebElement.execute(RemoteWebElement.java:279)at org.openqa.selenium.remote.RemoteWebElement.sendKeys(RemoteWebElement.java:100)at com.webdriver.helper.TextBoxHelper.setText(TextBoxHelper.java:25)at com.webdriver.wait.WebdriverWaitStepDfn.webdriverwaitfunction_i_send_the_to_the_username_text_box(WebdriverWaitStepDfn.java:79)at ✽.WebdriverWaitFunction_I send the "value" to the username text box(file:///C:/Data/GitHub/SeleniumWebdriverWithCucumber-io/src/main/java/com/webdriver/wait/WebdriverWaitFunction.feature:24)]]>
    </failure>
  </testcase> <!-- runScenario -->
  <testcase name="runScenario" time="5.097" classname="io.cucumber.testng.AbstractTestNGCucumberTests"/>
  <testcase name="runScenario" time="5.005" classname="io.cucumber.testng.AbstractTestNGCucumberTests"/>
  <testcase name="runScenario" time="5.282" classname="io.cucumber.testng.AbstractTestNGCucumberTests"/>
  <testcase name="runScenario" time="8.81" classname="io.cucumber.testng.AbstractTestNGCucumberTests"/>
  <testcase name="runScenario" time="7.326" classname="io.cucumber.testng.AbstractTestNGCucumberTests"/>
</testsuite> <!-- Default test -->
