<?xml version="1.0" encoding="UTF-8"?>
<!-- Generated by org.testng.reporters.JUnitXMLReporter -->
<testsuite hostname="L33986WUS" ignored="0" name="Default test" tests="30" failures="7" timestamp="25 Jul 2020 00:33:02 GMT" time="283.686" errors="0">
  <testcase name="runScenario" time="9.775" classname="com.webdriver.io.customrunner.CustomAbstractTestNGCucumberTests"/>
  <testcase name="runScenario" time="11.406" classname="com.webdriver.io.customrunner.CustomAbstractTestNGCucumberTests"/>
  <testcase name="runScenario" time="13.427" classname="com.webdriver.io.customrunner.CustomAbstractTestNGCucumberTests"/>
  <testcase name="runScenario" time="11.42" classname="com.webdriver.io.customrunner.CustomAbstractTestNGCucumberTests"/>
  <testcase name="runScenario" time="5.397" classname="com.webdriver.io.customrunner.CustomAbstractTestNGCucumberTests">
    <failure type="org.openqa.selenium.SessionNotCreatedException" message="session not created: This version of ChromeDriver only supports Chrome version 80
Build info: version: &amp;apos;3.8.1&amp;apos;, revision: &amp;apos;6e95a6684b&amp;apos;, time: &amp;apos;2017-12-01T18:33:54.468Z&amp;apos;
System info: host: &amp;apos;L33986WUS&amp;apos;, ip: &amp;apos;55.55.55.1&amp;apos;, os.name: &amp;apos;Windows 10&amp;apos;, os.arch: &amp;apos;amd64&amp;apos;, os.version: &amp;apos;10.0&amp;apos;, java.version: &amp;apos;1.8.0_202&amp;apos;
Driver info: driver.version: ChromeDriver
remote stacktrace: Backtrace:
	Ordinal0 [0x009B0C83+1707139]
	Ordinal0 [0x009168F1+1075441]
	Ordinal0 [0x0088DFC9+516041]
	Ordinal0 [0x00820554+66900]
	Ordinal0 [0x0081CCE2+52450]
	Ordinal0 [0x0083BFD7+180183]
	Ordinal0 [0x0083BDDD+179677]
	Ordinal0 [0x00839D4B+171339]
	Ordinal0 [0x00821D4A+73034]
	Ordinal0 [0x00822DC0+77248]
	Ordinal0 [0x00822D59+77145]
	Ordinal0 [0x0092BB67+1162087]
	GetHandleVerifier [0x00A4A966+508998]
	GetHandleVerifier [0x00A4A6A4+508292]
	GetHandleVerifier [0x00A5F7B7+594583]
	GetHandleVerifier [0x00A4B1D6+511158]
	Ordinal0 [0x0092402C+1130540]
	Ordinal0 [0x0092D4CB+1168587]
	Ordinal0 [0x0092D633+1168947]
	Ordinal0 [0x00945B35+1268533]
	BaseThreadInitThunk [0x74F40419+25]
	RtlGetAppContainerNamedObjectPath [0x775566DD+237]
	RtlGetAppContainerNamedObjectPath [0x775566AD+189]
">
      <![CDATA[org.openqa.selenium.SessionNotCreatedException: session not created: This version of ChromeDriver only supports Chrome version 80Build info: version: '3.8.1', revision: '6e95a6684b', time: '2017-12-01T18:33:54.468Z'System info: host: 'L33986WUS', ip: '55.55.55.1', os.name: 'Windows 10', os.arch: 'amd64', os.version: '10.0', java.version: '1.8.0_202'Driver info: driver.version: ChromeDriverremote stacktrace: Backtrace:Ordinal0 [0x009B0C83+1707139]Ordinal0 [0x009168F1+1075441]Ordinal0 [0x0088DFC9+516041]Ordinal0 [0x00820554+66900]Ordinal0 [0x0081CCE2+52450]Ordinal0 [0x0083BFD7+180183]Ordinal0 [0x0083BDDD+179677]Ordinal0 [0x00839D4B+171339]Ordinal0 [0x00821D4A+73034]Ordinal0 [0x00822DC0+77248]Ordinal0 [0x00822D59+77145]Ordinal0 [0x0092BB67+1162087]GetHandleVerifier [0x00A4A966+508998]GetHandleVerifier [0x00A4A6A4+508292]GetHandleVerifier [0x00A5F7B7+594583]GetHandleVerifier [0x00A4B1D6+511158]Ordinal0 [0x0092402C+1130540]Ordinal0 [0x0092D4CB+1168587]Ordinal0 [0x0092D633+1168947]Ordinal0 [0x00945B35+1268533]BaseThreadInitThunk [0x74F40419+25]RtlGetAppContainerNamedObjectPath [0x775566DD+237]RtlGetAppContainerNamedObjectPath [0x775566AD+189]at sun.reflect.NativeConstructorAccessorImpl.newInstance0(Native Method)at sun.reflect.NativeConstructorAccessorImpl.newInstance(NativeConstructorAccessorImpl.java:62)at sun.reflect.DelegatingConstructorAccessorImpl.newInstance(DelegatingConstructorAccessorImpl.java:45)at java.lang.reflect.Constructor.newInstance(Constructor.java:423)at org.openqa.selenium.remote.W3CHandshakeResponse.lambda$new$0(W3CHandshakeResponse.java:57)at org.openqa.selenium.remote.W3CHandshakeResponse.lambda$getResponseFunction$2(W3CHandshakeResponse.java:104)at org.openqa.selenium.remote.ProtocolHandshake.lambda$createSession$0(ProtocolHandshake.java:123)at java.util.stream.ReferencePipeline$3$1.accept(ReferencePipeline.java:193)at java.util.Spliterators$ArraySpliterator.tryAdvance(Spliterators.java:958)at java.util.stream.ReferencePipeline.forEachWithCancel(ReferencePipeline.java:126)at java.util.stream.AbstractPipeline.copyIntoWithCancel(AbstractPipeline.java:498)at java.util.stream.AbstractPipeline.copyInto(AbstractPipeline.java:485)at java.util.stream.AbstractPipeline.wrapAndCopyInto(AbstractPipeline.java:471)at java.util.stream.FindOps$FindOp.evaluateSequential(FindOps.java:152)at java.util.stream.AbstractPipeline.evaluate(AbstractPipeline.java:234)at java.util.stream.ReferencePipeline.findFirst(ReferencePipeline.java:464)at org.openqa.selenium.remote.ProtocolHandshake.createSession(ProtocolHandshake.java:126)at org.openqa.selenium.remote.ProtocolHandshake.createSession(ProtocolHandshake.java:73)at org.openqa.selenium.remote.HttpCommandExecutor.execute(HttpCommandExecutor.java:142)at org.openqa.selenium.remote.service.DriverCommandExecutor.execute(DriverCommandExecutor.java:83)at org.openqa.selenium.remote.RemoteWebDriver.execute(RemoteWebDriver.java:601)at org.openqa.selenium.remote.RemoteWebDriver.startSession(RemoteWebDriver.java:219)at org.openqa.selenium.remote.RemoteWebDriver.<init>(RemoteWebDriver.java:142)at org.openqa.selenium.chrome.ChromeDriver.<init>(ChromeDriver.java:181)at org.openqa.selenium.chrome.ChromeDriver.<init>(ChromeDriver.java:168)at org.openqa.selenium.chrome.ChromeDriver.<init>(ChromeDriver.java:123)at com.webdriver.browserfunction.BrowserFunctionStepDfn.browserfunction_i_have_chrome_driver_instance(BrowserFunctionStepDfn.java:32)at ✽.BrowserFunction_I have chrome driver instance(file:///C:/Data/GitHub/SeleniumWebdriverWithCucumber-io/src/main/java/com/webdriver/browserfunction/BrowserFunction.feature:5)]]>
    </failure>
  </testcase> <!-- runScenario -->
  <testcase name="runScenario" time="5.444" classname="com.webdriver.io.customrunner.CustomAbstractTestNGCucumberTests">
    <failure type="org.openqa.selenium.SessionNotCreatedException" message="session not created: This version of ChromeDriver only supports Chrome version 80
Build info: version: &amp;apos;3.8.1&amp;apos;, revision: &amp;apos;6e95a6684b&amp;apos;, time: &amp;apos;2017-12-01T18:33:54.468Z&amp;apos;
System info: host: &amp;apos;L33986WUS&amp;apos;, ip: &amp;apos;55.55.55.1&amp;apos;, os.name: &amp;apos;Windows 10&amp;apos;, os.arch: &amp;apos;amd64&amp;apos;, os.version: &amp;apos;10.0&amp;apos;, java.version: &amp;apos;1.8.0_202&amp;apos;
Driver info: driver.version: ChromeDriver
remote stacktrace: Backtrace:
	Ordinal0 [0x009B0C83+1707139]
	Ordinal0 [0x009168F1+1075441]
	Ordinal0 [0x0088DFC9+516041]
	Ordinal0 [0x00820554+66900]
	Ordinal0 [0x0081CCE2+52450]
	Ordinal0 [0x0083BFD7+180183]
	Ordinal0 [0x0083BDDD+179677]
	Ordinal0 [0x00839D4B+171339]
	Ordinal0 [0x00821D4A+73034]
	Ordinal0 [0x00822DC0+77248]
	Ordinal0 [0x00822D59+77145]
	Ordinal0 [0x0092BB67+1162087]
	GetHandleVerifier [0x00A4A966+508998]
	GetHandleVerifier [0x00A4A6A4+508292]
	GetHandleVerifier [0x00A5F7B7+594583]
	GetHandleVerifier [0x00A4B1D6+511158]
	Ordinal0 [0x0092402C+1130540]
	Ordinal0 [0x0092D4CB+1168587]
	Ordinal0 [0x0092D633+1168947]
	Ordinal0 [0x00945B35+1268533]
	BaseThreadInitThunk [0x74F40419+25]
	RtlGetAppContainerNamedObjectPath [0x775566DD+237]
	RtlGetAppContainerNamedObjectPath [0x775566AD+189]
">
      <![CDATA[org.openqa.selenium.SessionNotCreatedException: session not created: This version of ChromeDriver only supports Chrome version 80Build info: version: '3.8.1', revision: '6e95a6684b', time: '2017-12-01T18:33:54.468Z'System info: host: 'L33986WUS', ip: '55.55.55.1', os.name: 'Windows 10', os.arch: 'amd64', os.version: '10.0', java.version: '1.8.0_202'Driver info: driver.version: ChromeDriverremote stacktrace: Backtrace:Ordinal0 [0x009B0C83+1707139]Ordinal0 [0x009168F1+1075441]Ordinal0 [0x0088DFC9+516041]Ordinal0 [0x00820554+66900]Ordinal0 [0x0081CCE2+52450]Ordinal0 [0x0083BFD7+180183]Ordinal0 [0x0083BDDD+179677]Ordinal0 [0x00839D4B+171339]Ordinal0 [0x00821D4A+73034]Ordinal0 [0x00822DC0+77248]Ordinal0 [0x00822D59+77145]Ordinal0 [0x0092BB67+1162087]GetHandleVerifier [0x00A4A966+508998]GetHandleVerifier [0x00A4A6A4+508292]GetHandleVerifier [0x00A5F7B7+594583]GetHandleVerifier [0x00A4B1D6+511158]Ordinal0 [0x0092402C+1130540]Ordinal0 [0x0092D4CB+1168587]Ordinal0 [0x0092D633+1168947]Ordinal0 [0x00945B35+1268533]BaseThreadInitThunk [0x74F40419+25]RtlGetAppContainerNamedObjectPath [0x775566DD+237]RtlGetAppContainerNamedObjectPath [0x775566AD+189]at sun.reflect.NativeConstructorAccessorImpl.newInstance0(Native Method)at sun.reflect.NativeConstructorAccessorImpl.newInstance(NativeConstructorAccessorImpl.java:62)at sun.reflect.DelegatingConstructorAccessorImpl.newInstance(DelegatingConstructorAccessorImpl.java:45)at java.lang.reflect.Constructor.newInstance(Constructor.java:423)at org.openqa.selenium.remote.W3CHandshakeResponse.lambda$new$0(W3CHandshakeResponse.java:57)at org.openqa.selenium.remote.W3CHandshakeResponse.lambda$getResponseFunction$2(W3CHandshakeResponse.java:104)at org.openqa.selenium.remote.ProtocolHandshake.lambda$createSession$0(ProtocolHandshake.java:123)at java.util.stream.ReferencePipeline$3$1.accept(ReferencePipeline.java:193)at java.util.Spliterators$ArraySpliterator.tryAdvance(Spliterators.java:958)at java.util.stream.ReferencePipeline.forEachWithCancel(ReferencePipeline.java:126)at java.util.stream.AbstractPipeline.copyIntoWithCancel(AbstractPipeline.java:498)at java.util.stream.AbstractPipeline.copyInto(AbstractPipeline.java:485)at java.util.stream.AbstractPipeline.wrapAndCopyInto(AbstractPipeline.java:471)at java.util.stream.FindOps$FindOp.evaluateSequential(FindOps.java:152)at java.util.stream.AbstractPipeline.evaluate(AbstractPipeline.java:234)at java.util.stream.ReferencePipeline.findFirst(ReferencePipeline.java:464)at org.openqa.selenium.remote.ProtocolHandshake.createSession(ProtocolHandshake.java:126)at org.openqa.selenium.remote.ProtocolHandshake.createSession(ProtocolHandshake.java:73)at org.openqa.selenium.remote.HttpCommandExecutor.execute(HttpCommandExecutor.java:142)at org.openqa.selenium.remote.service.DriverCommandExecutor.execute(DriverCommandExecutor.java:83)at org.openqa.selenium.remote.RemoteWebDriver.execute(RemoteWebDriver.java:601)at org.openqa.selenium.remote.RemoteWebDriver.startSession(RemoteWebDriver.java:219)at org.openqa.selenium.remote.RemoteWebDriver.<init>(RemoteWebDriver.java:142)at org.openqa.selenium.chrome.ChromeDriver.<init>(ChromeDriver.java:181)at org.openqa.selenium.chrome.ChromeDriver.<init>(ChromeDriver.java:168)at org.openqa.selenium.chrome.ChromeDriver.<init>(ChromeDriver.java:123)at com.webdriver.browserfunction.BrowserFunctionStepDfn.browserfunction_i_have_chrome_driver_instance(BrowserFunctionStepDfn.java:32)at ✽.BrowserFunction_I have chrome driver instance(file:///C:/Data/GitHub/SeleniumWebdriverWithCucumber-io/src/main/java/com/webdriver/browserfunction/BrowserFunction.feature:5)]]>
    </failure>
  </testcase> <!-- runScenario -->
  <testcase name="runScenario" time="6.2" classname="com.webdriver.io.customrunner.CustomAbstractTestNGCucumberTests">
    <failure type="org.openqa.selenium.SessionNotCreatedException" message="session not created: This version of ChromeDriver only supports Chrome version 80
Build info: version: &amp;apos;3.8.1&amp;apos;, revision: &amp;apos;6e95a6684b&amp;apos;, time: &amp;apos;2017-12-01T18:33:54.468Z&amp;apos;
System info: host: &amp;apos;L33986WUS&amp;apos;, ip: &amp;apos;55.55.55.1&amp;apos;, os.name: &amp;apos;Windows 10&amp;apos;, os.arch: &amp;apos;amd64&amp;apos;, os.version: &amp;apos;10.0&amp;apos;, java.version: &amp;apos;1.8.0_202&amp;apos;
Driver info: driver.version: ChromeDriver
remote stacktrace: Backtrace:
	Ordinal0 [0x009B0C83+1707139]
	Ordinal0 [0x009168F1+1075441]
	Ordinal0 [0x0088DFC9+516041]
	Ordinal0 [0x00820554+66900]
	Ordinal0 [0x0081CCE2+52450]
	Ordinal0 [0x0083BFD7+180183]
	Ordinal0 [0x0083BDDD+179677]
	Ordinal0 [0x00839D4B+171339]
	Ordinal0 [0x00821D4A+73034]
	Ordinal0 [0x00822DC0+77248]
	Ordinal0 [0x00822D59+77145]
	Ordinal0 [0x0092BB67+1162087]
	GetHandleVerifier [0x00A4A966+508998]
	GetHandleVerifier [0x00A4A6A4+508292]
	GetHandleVerifier [0x00A5F7B7+594583]
	GetHandleVerifier [0x00A4B1D6+511158]
	Ordinal0 [0x0092402C+1130540]
	Ordinal0 [0x0092D4CB+1168587]
	Ordinal0 [0x0092D633+1168947]
	Ordinal0 [0x00945B35+1268533]
	BaseThreadInitThunk [0x74F40419+25]
	RtlGetAppContainerNamedObjectPath [0x775566DD+237]
	RtlGetAppContainerNamedObjectPath [0x775566AD+189]
">
      <![CDATA[org.openqa.selenium.SessionNotCreatedException: session not created: This version of ChromeDriver only supports Chrome version 80Build info: version: '3.8.1', revision: '6e95a6684b', time: '2017-12-01T18:33:54.468Z'System info: host: 'L33986WUS', ip: '55.55.55.1', os.name: 'Windows 10', os.arch: 'amd64', os.version: '10.0', java.version: '1.8.0_202'Driver info: driver.version: ChromeDriverremote stacktrace: Backtrace:Ordinal0 [0x009B0C83+1707139]Ordinal0 [0x009168F1+1075441]Ordinal0 [0x0088DFC9+516041]Ordinal0 [0x00820554+66900]Ordinal0 [0x0081CCE2+52450]Ordinal0 [0x0083BFD7+180183]Ordinal0 [0x0083BDDD+179677]Ordinal0 [0x00839D4B+171339]Ordinal0 [0x00821D4A+73034]Ordinal0 [0x00822DC0+77248]Ordinal0 [0x00822D59+77145]Ordinal0 [0x0092BB67+1162087]GetHandleVerifier [0x00A4A966+508998]GetHandleVerifier [0x00A4A6A4+508292]GetHandleVerifier [0x00A5F7B7+594583]GetHandleVerifier [0x00A4B1D6+511158]Ordinal0 [0x0092402C+1130540]Ordinal0 [0x0092D4CB+1168587]Ordinal0 [0x0092D633+1168947]Ordinal0 [0x00945B35+1268533]BaseThreadInitThunk [0x74F40419+25]RtlGetAppContainerNamedObjectPath [0x775566DD+237]RtlGetAppContainerNamedObjectPath [0x775566AD+189]at sun.reflect.NativeConstructorAccessorImpl.newInstance0(Native Method)at sun.reflect.NativeConstructorAccessorImpl.newInstance(NativeConstructorAccessorImpl.java:62)at sun.reflect.DelegatingConstructorAccessorImpl.newInstance(DelegatingConstructorAccessorImpl.java:45)at java.lang.reflect.Constructor.newInstance(Constructor.java:423)at org.openqa.selenium.remote.W3CHandshakeResponse.lambda$new$0(W3CHandshakeResponse.java:57)at org.openqa.selenium.remote.W3CHandshakeResponse.lambda$getResponseFunction$2(W3CHandshakeResponse.java:104)at org.openqa.selenium.remote.ProtocolHandshake.lambda$createSession$0(ProtocolHandshake.java:123)at java.util.stream.ReferencePipeline$3$1.accept(ReferencePipeline.java:193)at java.util.Spliterators$ArraySpliterator.tryAdvance(Spliterators.java:958)at java.util.stream.ReferencePipeline.forEachWithCancel(ReferencePipeline.java:126)at java.util.stream.AbstractPipeline.copyIntoWithCancel(AbstractPipeline.java:498)at java.util.stream.AbstractPipeline.copyInto(AbstractPipeline.java:485)at java.util.stream.AbstractPipeline.wrapAndCopyInto(AbstractPipeline.java:471)at java.util.stream.FindOps$FindOp.evaluateSequential(FindOps.java:152)at java.util.stream.AbstractPipeline.evaluate(AbstractPipeline.java:234)at java.util.stream.ReferencePipeline.findFirst(ReferencePipeline.java:464)at org.openqa.selenium.remote.ProtocolHandshake.createSession(ProtocolHandshake.java:126)at org.openqa.selenium.remote.ProtocolHandshake.createSession(ProtocolHandshake.java:73)at org.openqa.selenium.remote.HttpCommandExecutor.execute(HttpCommandExecutor.java:142)at org.openqa.selenium.remote.service.DriverCommandExecutor.execute(DriverCommandExecutor.java:83)at org.openqa.selenium.remote.RemoteWebDriver.execute(RemoteWebDriver.java:601)at org.openqa.selenium.remote.RemoteWebDriver.startSession(RemoteWebDriver.java:219)at org.openqa.selenium.remote.RemoteWebDriver.<init>(RemoteWebDriver.java:142)at org.openqa.selenium.chrome.ChromeDriver.<init>(ChromeDriver.java:181)at org.openqa.selenium.chrome.ChromeDriver.<init>(ChromeDriver.java:168)at org.openqa.selenium.chrome.ChromeDriver.<init>(ChromeDriver.java:123)at com.webdriver.browserfunction.BrowserFunctionStepDfn.browserfunction_i_have_chrome_driver_instance(BrowserFunctionStepDfn.java:32)at ✽.BrowserFunction_I have chrome driver instance(file:///C:/Data/GitHub/SeleniumWebdriverWithCucumber-io/src/main/java/com/webdriver/browserfunction/BrowserFunction.feature:5)]]>
    </failure>
  </testcase> <!-- runScenario -->
  <testcase name="runScenario" time="5.539" classname="com.webdriver.io.customrunner.CustomAbstractTestNGCucumberTests">
    <failure type="org.openqa.selenium.SessionNotCreatedException" message="session not created: This version of ChromeDriver only supports Chrome version 80
Build info: version: &amp;apos;3.8.1&amp;apos;, revision: &amp;apos;6e95a6684b&amp;apos;, time: &amp;apos;2017-12-01T18:33:54.468Z&amp;apos;
System info: host: &amp;apos;L33986WUS&amp;apos;, ip: &amp;apos;55.55.55.1&amp;apos;, os.name: &amp;apos;Windows 10&amp;apos;, os.arch: &amp;apos;amd64&amp;apos;, os.version: &amp;apos;10.0&amp;apos;, java.version: &amp;apos;1.8.0_202&amp;apos;
Driver info: driver.version: ChromeDriver
remote stacktrace: Backtrace:
	Ordinal0 [0x009B0C83+1707139]
	Ordinal0 [0x009168F1+1075441]
	Ordinal0 [0x0088DFC9+516041]
	Ordinal0 [0x00820554+66900]
	Ordinal0 [0x0081CCE2+52450]
	Ordinal0 [0x0083BFD7+180183]
	Ordinal0 [0x0083BDDD+179677]
	Ordinal0 [0x00839D4B+171339]
	Ordinal0 [0x00821D4A+73034]
	Ordinal0 [0x00822DC0+77248]
	Ordinal0 [0x00822D59+77145]
	Ordinal0 [0x0092BB67+1162087]
	GetHandleVerifier [0x00A4A966+508998]
	GetHandleVerifier [0x00A4A6A4+508292]
	GetHandleVerifier [0x00A5F7B7+594583]
	GetHandleVerifier [0x00A4B1D6+511158]
	Ordinal0 [0x0092402C+1130540]
	Ordinal0 [0x0092D4CB+1168587]
	Ordinal0 [0x0092D633+1168947]
	Ordinal0 [0x00945B35+1268533]
	BaseThreadInitThunk [0x74F40419+25]
	RtlGetAppContainerNamedObjectPath [0x775566DD+237]
	RtlGetAppContainerNamedObjectPath [0x775566AD+189]
">
      <![CDATA[org.openqa.selenium.SessionNotCreatedException: session not created: This version of ChromeDriver only supports Chrome version 80Build info: version: '3.8.1', revision: '6e95a6684b', time: '2017-12-01T18:33:54.468Z'System info: host: 'L33986WUS', ip: '55.55.55.1', os.name: 'Windows 10', os.arch: 'amd64', os.version: '10.0', java.version: '1.8.0_202'Driver info: driver.version: ChromeDriverremote stacktrace: Backtrace:Ordinal0 [0x009B0C83+1707139]Ordinal0 [0x009168F1+1075441]Ordinal0 [0x0088DFC9+516041]Ordinal0 [0x00820554+66900]Ordinal0 [0x0081CCE2+52450]Ordinal0 [0x0083BFD7+180183]Ordinal0 [0x0083BDDD+179677]Ordinal0 [0x00839D4B+171339]Ordinal0 [0x00821D4A+73034]Ordinal0 [0x00822DC0+77248]Ordinal0 [0x00822D59+77145]Ordinal0 [0x0092BB67+1162087]GetHandleVerifier [0x00A4A966+508998]GetHandleVerifier [0x00A4A6A4+508292]GetHandleVerifier [0x00A5F7B7+594583]GetHandleVerifier [0x00A4B1D6+511158]Ordinal0 [0x0092402C+1130540]Ordinal0 [0x0092D4CB+1168587]Ordinal0 [0x0092D633+1168947]Ordinal0 [0x00945B35+1268533]BaseThreadInitThunk [0x74F40419+25]RtlGetAppContainerNamedObjectPath [0x775566DD+237]RtlGetAppContainerNamedObjectPath [0x775566AD+189]at sun.reflect.NativeConstructorAccessorImpl.newInstance0(Native Method)at sun.reflect.NativeConstructorAccessorImpl.newInstance(NativeConstructorAccessorImpl.java:62)at sun.reflect.DelegatingConstructorAccessorImpl.newInstance(DelegatingConstructorAccessorImpl.java:45)at java.lang.reflect.Constructor.newInstance(Constructor.java:423)at org.openqa.selenium.remote.W3CHandshakeResponse.lambda$new$0(W3CHandshakeResponse.java:57)at org.openqa.selenium.remote.W3CHandshakeResponse.lambda$getResponseFunction$2(W3CHandshakeResponse.java:104)at org.openqa.selenium.remote.ProtocolHandshake.lambda$createSession$0(ProtocolHandshake.java:123)at java.util.stream.ReferencePipeline$3$1.accept(ReferencePipeline.java:193)at java.util.Spliterators$ArraySpliterator.tryAdvance(Spliterators.java:958)at java.util.stream.ReferencePipeline.forEachWithCancel(ReferencePipeline.java:126)at java.util.stream.AbstractPipeline.copyIntoWithCancel(AbstractPipeline.java:498)at java.util.stream.AbstractPipeline.copyInto(AbstractPipeline.java:485)at java.util.stream.AbstractPipeline.wrapAndCopyInto(AbstractPipeline.java:471)at java.util.stream.FindOps$FindOp.evaluateSequential(FindOps.java:152)at java.util.stream.AbstractPipeline.evaluate(AbstractPipeline.java:234)at java.util.stream.ReferencePipeline.findFirst(ReferencePipeline.java:464)at org.openqa.selenium.remote.ProtocolHandshake.createSession(ProtocolHandshake.java:126)at org.openqa.selenium.remote.ProtocolHandshake.createSession(ProtocolHandshake.java:73)at org.openqa.selenium.remote.HttpCommandExecutor.execute(HttpCommandExecutor.java:142)at org.openqa.selenium.remote.service.DriverCommandExecutor.execute(DriverCommandExecutor.java:83)at org.openqa.selenium.remote.RemoteWebDriver.execute(RemoteWebDriver.java:601)at org.openqa.selenium.remote.RemoteWebDriver.startSession(RemoteWebDriver.java:219)at org.openqa.selenium.remote.RemoteWebDriver.<init>(RemoteWebDriver.java:142)at org.openqa.selenium.chrome.ChromeDriver.<init>(ChromeDriver.java:181)at org.openqa.selenium.chrome.ChromeDriver.<init>(ChromeDriver.java:168)at org.openqa.selenium.chrome.ChromeDriver.<init>(ChromeDriver.java:123)at com.webdriver.browserfunction.BrowserFunctionStepDfn.browserfunction_i_have_chrome_driver_instance(BrowserFunctionStepDfn.java:32)at ✽.BrowserFunction_I have chrome driver instance(file:///C:/Data/GitHub/SeleniumWebdriverWithCucumber-io/src/main/java/com/webdriver/browserfunction/BrowserFunction.feature:5)]]>
    </failure>
  </testcase> <!-- runScenario -->
  <testcase name="runScenario" time="6.834" classname="com.webdriver.io.customrunner.CustomAbstractTestNGCucumberTests"/>
  <testcase name="runScenario" time="8.515" classname="com.webdriver.io.customrunner.CustomAbstractTestNGCucumberTests"/>
  <testcase name="runScenario" time="6.908" classname="com.webdriver.io.customrunner.CustomAbstractTestNGCucumberTests"/>
  <testcase name="runScenario" time="6.886" classname="com.webdriver.io.customrunner.CustomAbstractTestNGCucumberTests"/>
  <testcase name="runScenario" time="11.736" classname="com.webdriver.io.customrunner.CustomAbstractTestNGCucumberTests"/>
  <testcase name="runScenario" time="9.879" classname="com.webdriver.io.customrunner.CustomAbstractTestNGCucumberTests">
    <failure type="org.openqa.selenium.NoSuchElementException" message="Cannot locate option with value: test1         
For documentation on this error, please visit: http://seleniumhq.org/exceptions/no_such_element.html
Build info: version: &amp;apos;3.8.1&amp;apos;, revision: &amp;apos;6e95a6684b&amp;apos;, time: &amp;apos;2017-12-01T18:33:54.468Z&amp;apos;
System info: host: &amp;apos;L33986WUS&amp;apos;, ip: &amp;apos;55.55.55.1&amp;apos;, os.name: &amp;apos;Windows 10&amp;apos;, os.arch: &amp;apos;amd64&amp;apos;, os.version: &amp;apos;10.0&amp;apos;, java.version: &amp;apos;1.8.0_202&amp;apos;
Driver info: driver.version: unknown">
      <![CDATA[org.openqa.selenium.NoSuchElementException: Cannot locate option with value: test1         For documentation on this error, please visit: http://seleniumhq.org/exceptions/no_such_element.htmlBuild info: version: '3.8.1', revision: '6e95a6684b', time: '2017-12-01T18:33:54.468Z'System info: host: 'L33986WUS', ip: '55.55.55.1', os.name: 'Windows 10', os.arch: 'amd64', os.version: '10.0', java.version: '1.8.0_202'Driver info: driver.version: unknownat org.openqa.selenium.support.ui.Select.selectByValue(Select.java:209)at com.webdriver.helper.DropdownHelper.selectByValue(DropdownHelper.java:55)at com.webdriver.page.DetailPageClass.provideDetails(DetailPageClass.java:62)at com.webdriver.datadriven.DataDrivenStepDfn.datadriven_i_provide_the_following_information_in_the_detail_page_from_excel_file_as_follow(DataDrivenStepDfn.java:86)at ✽.DataDriven_I provide the following information in the detail page from excel file as follow(file:///C:/Data/GitHub/SeleniumWebdriverWithCucumber-io/src/main/java/com/webdriver/datadriven/DataDriven.feature:23)]]>
    </failure>
  </testcase> <!-- runScenario -->
  <testcase name="runScenario" time="11.66" classname="com.webdriver.io.customrunner.CustomAbstractTestNGCucumberTests"/>
  <testcase name="runScenario" time="12.381" classname="com.webdriver.io.customrunner.CustomAbstractTestNGCucumberTests"/>
  <testcase name="runScenario" time="12.053" classname="com.webdriver.io.customrunner.CustomAbstractTestNGCucumberTests"/>
  <testcase name="runScenario" time="12.603" classname="com.webdriver.io.customrunner.CustomAbstractTestNGCucumberTests"/>
  <testcase name="runScenario" time="17.712" classname="com.webdriver.io.customrunner.CustomAbstractTestNGCucumberTests"/>
  <testcase name="runScenario" time="6.548" classname="com.webdriver.io.customrunner.CustomAbstractTestNGCucumberTests">
    <failure type="java.lang.AssertionError" message="To Take the Screen Shot">
      <![CDATA[java.lang.AssertionError: To Take the Screen Shotat org.testng.Assert.fail(Assert.java:96)at com.webdriver.page.BugCreationStepDfn.bugzilla_the_title_of_login_page_should_be(BugCreationStepDfn.java:58)at ✽.Bugzilla_The title of login page should be "Log in to Bugzilla"(file:///C:/Data/GitHub/SeleniumWebdriverWithCucumber-io/src/main/java/com/webdriver/page/BugCreation.feature:6)]]>
    </failure>
  </testcase> <!-- runScenario -->
  <testcase name="runScenario" time="12.476" classname="com.webdriver.io.customrunner.CustomAbstractTestNGCucumberTests"/>
  <testcase name="runScenario" time="13.841" classname="com.webdriver.io.customrunner.CustomAbstractTestNGCucumberTests"/>
  <testcase name="runScenario" time="13.214" classname="com.webdriver.io.customrunner.CustomAbstractTestNGCucumberTests"/>
  <testcase name="runScenario" time="9.855" classname="com.webdriver.io.customrunner.CustomAbstractTestNGCucumberTests"/>
  <testcase name="runScenario" time="10.467" classname="com.webdriver.io.customrunner.CustomAbstractTestNGCucumberTests"/>
  <testcase name="runScenario" time="5.343" classname="com.webdriver.io.customrunner.CustomAbstractTestNGCucumberTests"/>
  <testcase name="runScenario" time="5.339" classname="com.webdriver.io.customrunner.CustomAbstractTestNGCucumberTests"/>
  <testcase name="runScenario" time="6.317" classname="com.webdriver.io.customrunner.CustomAbstractTestNGCucumberTests"/>
  <testcase name="runScenario" time="7.729" classname="com.webdriver.io.customrunner.CustomAbstractTestNGCucumberTests">
    <failure type="org.openqa.selenium.StaleElementReferenceException" message="stale element reference: element is not attached to the page document
  (Session info: chrome=84.0.4147.89)
  (Driver info: chromedriver=2.35.528161 (5b82f2d2aae0ca24b877009200ced9065a772e73),platform=Windows NT 10.0.17763 x86_64) (WARNING: The server did not provide any stacktrace information)
Command duration or timeout: 0 milliseconds
For documentation on this error, please visit: http://seleniumhq.org/exceptions/stale_element_reference.html
Build info: version: &amp;apos;3.8.1&amp;apos;, revision: &amp;apos;6e95a6684b&amp;apos;, time: &amp;apos;2017-12-01T18:33:54.468Z&amp;apos;
System info: host: &amp;apos;L33986WUS&amp;apos;, ip: &amp;apos;55.55.55.1&amp;apos;, os.name: &amp;apos;Windows 10&amp;apos;, os.arch: &amp;apos;amd64&amp;apos;, os.version: &amp;apos;10.0&amp;apos;, java.version: &amp;apos;1.8.0_202&amp;apos;
Driver info: org.openqa.selenium.chrome.ChromeDriver
Capabilities {acceptInsecureCerts: true, acceptSslCerts: true, applicationCacheEnabled: false, browserConnectionEnabled: false, browserName: chrome, chrome: {chromedriverVersion: 2.35.528161 (5b82f2d2aae0ca..., userDataDir: C:\Users\rathr1\AppData\Loc...}, cssSelectorsEnabled: true, databaseEnabled: false, handlesAlerts: true, hasTouchScreen: false, javascriptEnabled: true, locationContextEnabled: true, mobileEmulationEnabled: false, nativeEvents: true, networkConnectionEnabled: false, pageLoadStrategy: normal, platform: XP, platformName: XP, rotatable: false, setWindowRect: true, takesHeapSnapshot: true, takesScreenshot: true, unexpectedAlertBehaviour: , unhandledPromptBehavior: , version: 84.0.4147.89, webStorageEnabled: true}
Session ID: e23413ca9b79f01f8d2c195bf04b716d">
      <![CDATA[org.openqa.selenium.StaleElementReferenceException: stale element reference: element is not attached to the page document  (Session info: chrome=84.0.4147.89)  (Driver info: chromedriver=2.35.528161 (5b82f2d2aae0ca24b877009200ced9065a772e73),platform=Windows NT 10.0.17763 x86_64) (WARNING: The server did not provide any stacktrace information)Command duration or timeout: 0 millisecondsFor documentation on this error, please visit: http://seleniumhq.org/exceptions/stale_element_reference.htmlBuild info: version: '3.8.1', revision: '6e95a6684b', time: '2017-12-01T18:33:54.468Z'System info: host: 'L33986WUS', ip: '55.55.55.1', os.name: 'Windows 10', os.arch: 'amd64', os.version: '10.0', java.version: '1.8.0_202'Driver info: org.openqa.selenium.chrome.ChromeDriverCapabilities {acceptInsecureCerts: true, acceptSslCerts: true, applicationCacheEnabled: false, browserConnectionEnabled: false, browserName: chrome, chrome: {chromedriverVersion: 2.35.528161 (5b82f2d2aae0ca..., userDataDir: C:\Users\rathr1\AppData\Loc...}, cssSelectorsEnabled: true, databaseEnabled: false, handlesAlerts: true, hasTouchScreen: false, javascriptEnabled: true, locationContextEnabled: true, mobileEmulationEnabled: false, nativeEvents: true, networkConnectionEnabled: false, pageLoadStrategy: normal, platform: XP, platformName: XP, rotatable: false, setWindowRect: true, takesHeapSnapshot: true, takesScreenshot: true, unexpectedAlertBehaviour: , unhandledPromptBehavior: , version: 84.0.4147.89, webStorageEnabled: true}Session ID: e23413ca9b79f01f8d2c195bf04b716dat sun.reflect.NativeConstructorAccessorImpl.newInstance0(Native Method)at sun.reflect.NativeConstructorAccessorImpl.newInstance(NativeConstructorAccessorImpl.java:62)at sun.reflect.DelegatingConstructorAccessorImpl.newInstance(DelegatingConstructorAccessorImpl.java:45)at java.lang.reflect.Constructor.newInstance(Constructor.java:423)at org.openqa.selenium.remote.ErrorHandler.createThrowable(ErrorHandler.java:214)at org.openqa.selenium.remote.ErrorHandler.throwIfResponseFailed(ErrorHandler.java:166)at org.openqa.selenium.remote.http.JsonHttpResponseCodec.reconstructValue(JsonHttpResponseCodec.java:40)at org.openqa.selenium.remote.http.AbstractHttpResponseCodec.decode(AbstractHttpResponseCodec.java:80)at org.openqa.selenium.remote.http.AbstractHttpResponseCodec.decode(AbstractHttpResponseCodec.java:44)at org.openqa.selenium.remote.HttpCommandExecutor.execute(HttpCommandExecutor.java:164)at org.openqa.selenium.remote.service.DriverCommandExecutor.execute(DriverCommandExecutor.java:83)at org.openqa.selenium.remote.RemoteWebDriver.execute(RemoteWebDriver.java:601)at org.openqa.selenium.remote.RemoteWebElement.execute(RemoteWebElement.java:279)at org.openqa.selenium.remote.RemoteWebElement.click(RemoteWebElement.java:83)at com.webdriver.helper.ButtonHelper.click(ButtonHelper.java:22)at com.webdriver.webelementfunction.WebElementStepDfn.webelementfunction_i_call_the_click_method_on_radio_button_it_should_select_the_radio_button(WebElementStepDfn.java:112)at ✽.WebElementFunction_I call the click method on radio button it should select the radio button(file:///C:/Data/GitHub/SeleniumWebdriverWithCucumber-io/src/main/java/com/webdriver/webelementfunction/WebelementFunction.feature:27)]]>
    </failure>
  </testcase> <!-- runScenario -->
  <testcase name="runScenario" time="6.005" classname="com.webdriver.io.customrunner.CustomAbstractTestNGCucumberTests"/>
</testsuite> <!-- Default test -->
