<?xml version="1.0" encoding="UTF-8"?>
<!-- Generated by org.testng.reporters.JUnitXMLReporter -->
<testsuite hostname="L33986WUS" ignored="0" name="Default test" tests="5" failures="1" timestamp="24 May 2020 19:44:54 GMT" time="56.677" errors="0">
  <testcase name="runScenario" time="12.723" classname="io.cucumber.testng.AbstractTestNGCucumberTests"/>
  <testcase name="runScenario" time="9.28" classname="io.cucumber.testng.AbstractTestNGCucumberTests">
    <failure type="org.openqa.selenium.NoSuchElementException" message="Cannot locate option with value: test1         
For documentation on this error, please visit: http://seleniumhq.org/exceptions/no_such_element.html
Build info: version: &amp;apos;3.8.1&amp;apos;, revision: &amp;apos;6e95a6684b&amp;apos;, time: &amp;apos;2017-12-01T18:33:54.468Z&amp;apos;
System info: host: &amp;apos;L33986WUS&amp;apos;, ip: &amp;apos;55.55.55.1&amp;apos;, os.name: &amp;apos;Windows 10&amp;apos;, os.arch: &amp;apos;amd64&amp;apos;, os.version: &amp;apos;10.0&amp;apos;, java.version: &amp;apos;1.8.0_202&amp;apos;
Driver info: driver.version: unknown">
      <![CDATA[org.openqa.selenium.NoSuchElementException: Cannot locate option with value: test1         For documentation on this error, please visit: http://seleniumhq.org/exceptions/no_such_element.htmlBuild info: version: '3.8.1', revision: '6e95a6684b', time: '2017-12-01T18:33:54.468Z'System info: host: 'L33986WUS', ip: '55.55.55.1', os.name: 'Windows 10', os.arch: 'amd64', os.version: '10.0', java.version: '1.8.0_202'Driver info: driver.version: unknownat org.openqa.selenium.support.ui.Select.selectByValue(Select.java:209)at com.webdriver.helper.DropdownHelper.selectByValue(DropdownHelper.java:55)at com.webdriver.page.DetailPageClass.provideDetails(DetailPageClass.java:62)at com.webdriver.datadriven.DataDrivenStepDfn.datadriven_i_provide_the_following_information_in_the_detail_page_from_excel_file_as_follow(DataDrivenStepDfn.java:86)at ✽.DataDriven_I provide the following information in the detail page from excel file as follow(file:///C:/Data/GitHub/SeleniumWebdriverWithCucumber-io/src/main/java/com/webdriver/datadriven/DataDriven.feature:23)]]>
    </failure>
  </testcase> <!-- runScenario -->
  <testcase name="runScenario" time="11.984" classname="io.cucumber.testng.AbstractTestNGCucumberTests"/>
  <testcase name="runScenario" time="11.113" classname="io.cucumber.testng.AbstractTestNGCucumberTests"/>
  <testcase name="runScenario" time="11.317" classname="io.cucumber.testng.AbstractTestNGCucumberTests"/>
</testsuite> <!-- Default test -->
