<?xml version="1.0" encoding="UTF-8"?>
<testng-results ignored="0" total="1" passed="1" failed="0" skipped="0">
  <reporter-output>
  </reporter-output>
  <suite started-at="2021-01-31T19:44:55Z" name="Default suite" finished-at="2021-01-31T19:45:08Z" duration-ms="13069">
    <groups>
      <group name="cucumber">
        <method signature="AbstractTestNGCucumberTests.runScenario(io.cucumber.testng.PickleEventWrapper, io.cucumber.testng.CucumberFeatureWrapper)[pri:0, instance:com.webdriver.session.TestSessionWithCookiesRunner@19e7a160]" name="runScenario" class="io.cucumber.testng.AbstractTestNGCucumberTests"/>
      </group> <!-- cucumber -->
    </groups>
    <test started-at="2021-01-31T19:44:55Z" name="Default test" finished-at="2021-01-31T19:45:08Z" duration-ms="13069">
      <class name="com.webdriver.session.TestSessionWithCookiesRunner">
        <test-method is-config="true" signature="setUpClass()[pri:0, instance:com.webdriver.session.TestSessionWithCookiesRunner@19e7a160]" started-at="2021-01-31T11:44:55Z" name="setUpClass" finished-at="2021-01-31T11:44:55Z" duration-ms="102" status="PASS">
          <reporter-output>
          </reporter-output>
        </test-method> <!-- setUpClass -->
        <test-method signature="runScenario(io.cucumber.testng.PickleEventWrapper, io.cucumber.testng.CucumberFeatureWrapper)[pri:0, instance:com.webdriver.session.TestSessionWithCookiesRunner@19e7a160]" started-at="2021-01-31T11:44:55Z" name="runScenario" description="Runs Cucumber Scenarios" data-provider="scenarios" finished-at="2021-01-31T11:45:08Z" duration-ms="12921" status="PASS">
          <params>
            <param index="0">
              <value>
                <![CDATA["Login with API call and then use the same session with webdriver"]]>
              </value>
            </param>
            <param index="1">
              <value>
                <![CDATA["To resue the same session in the browser"]]>
              </value>
            </param>
          </params>
          <reporter-output>
          </reporter-output>
        </test-method> <!-- runScenario -->
        <test-method is-config="true" signature="tearDownClass()[pri:0, instance:com.webdriver.session.TestSessionWithCookiesRunner@19e7a160]" started-at="2021-01-31T11:45:08Z" name="tearDownClass" finished-at="2021-01-31T11:45:08Z" duration-ms="2" status="PASS">
          <reporter-output>
          </reporter-output>
        </test-method> <!-- tearDownClass -->
      </class> <!-- com.webdriver.session.TestSessionWithCookiesRunner -->
    </test> <!-- Default test -->
  </suite> <!-- Default suite -->
</testng-results>
