<?xml version="1.0" encoding="UTF-8"?>
<testng-results ignored="0" total="1" passed="1" failed="0" skipped="0">
  <reporter-output>
  </reporter-output>
  <suite started-at="2021-02-21T04:49:11Z" name="Default suite" finished-at="2021-02-21T04:50:14Z" duration-ms="62200">
    <groups>
      <group name="cucumber">
        <method signature="AbstractTestNGCucumberTests.runScenario(io.cucumber.testng.PickleEventWrapper, io.cucumber.testng.CucumberFeatureWrapper)[pri:0, instance:com.webdriver.session.SessionWithCookiesRunner@5a9f4771]" name="runScenario" class="io.cucumber.testng.AbstractTestNGCucumberTests"/>
      </group> <!-- cucumber -->
    </groups>
    <test started-at="2021-02-21T04:49:11Z" name="Default test" finished-at="2021-02-21T04:50:14Z" duration-ms="62200">
      <class name="com.webdriver.session.SessionWithCookiesRunner">
        <test-method is-config="true" signature="setUpClass()[pri:0, instance:com.webdriver.session.SessionWithCookiesRunner@5a9f4771]" started-at="2021-02-20T20:49:11Z" name="setUpClass" finished-at="2021-02-20T20:49:12Z" duration-ms="125" status="PASS">
          <reporter-output>
          </reporter-output>
        </test-method> <!-- setUpClass -->
        <test-method signature="runScenario(io.cucumber.testng.PickleEventWrapper, io.cucumber.testng.CucumberFeatureWrapper)[pri:0, instance:com.webdriver.session.SessionWithCookiesRunner@5a9f4771]" started-at="2021-02-20T20:49:12Z" name="runScenario" description="Runs Cucumber Scenarios" data-provider="scenarios" finished-at="2021-02-20T20:50:14Z" duration-ms="62008" status="PASS">
          <params>
            <param index="0">
              <value>
                <![CDATA["To reuse the session information with the help of cookies"]]>
              </value>
            </param>
            <param index="1">
              <value>
                <![CDATA["To reuse the session in the selenium webdriver"]]>
              </value>
            </param>
          </params>
          <reporter-output>
          </reporter-output>
        </test-method> <!-- runScenario -->
        <test-method is-config="true" signature="tearDownClass()[pri:0, instance:com.webdriver.session.SessionWithCookiesRunner@5a9f4771]" started-at="2021-02-20T20:50:14Z" name="tearDownClass" finished-at="2021-02-20T20:50:14Z" duration-ms="2" status="PASS">
          <reporter-output>
          </reporter-output>
        </test-method> <!-- tearDownClass -->
      </class> <!-- com.webdriver.session.SessionWithCookiesRunner -->
    </test> <!-- Default test -->
  </suite> <!-- Default suite -->
</testng-results>
