<?xml version="1.0" encoding="UTF-8"?>
<testng-results skipped="0" failed="0" ignored="0" total="4" passed="4">
  <reporter-output>
  </reporter-output>
  <suite name="Default suite" duration-ms="17548" started-at="2020-04-18T02:02:28Z" finished-at="2020-04-18T02:02:46Z">
    <groups>
      <group name="cucumber">
        <method signature="AbstractTestNGCucumberTests.runScenario(io.cucumber.testng.PickleEventWrapper, io.cucumber.testng.CucumberFeatureWrapper)[pri:0, instance:com.webdriver.browserfunction.BrowserFunctionRunner@5ec0a365]" name="runScenario" class="io.cucumber.testng.AbstractTestNGCucumberTests"/>
      </group> <!-- cucumber -->
    </groups>
    <test name="Default test" duration-ms="17548" started-at="2020-04-18T02:02:28Z" finished-at="2020-04-18T02:02:46Z">
      <class name="com.webdriver.browserfunction.BrowserFunctionRunner">
        <test-method status="PASS" signature="setUpClass()[pri:0, instance:com.webdriver.browserfunction.BrowserFunctionRunner@5ec0a365]" name="setUpClass" is-config="true" duration-ms="110" started-at="2020-04-17T19:02:28Z" finished-at="2020-04-17T19:02:29Z">
          <reporter-output>
          </reporter-output>
        </test-method> <!-- setUpClass -->
        <test-method status="PASS" signature="runScenario(io.cucumber.testng.PickleEventWrapper, io.cucumber.testng.CucumberFeatureWrapper)[pri:0, instance:com.webdriver.browserfunction.BrowserFunctionRunner@5ec0a365]" name="runScenario" duration-ms="4208" started-at="2020-04-17T19:02:29Z" description="Runs Cucumber Scenarios" data-provider="scenarios" finished-at="2020-04-17T19:02:33Z">
          <params>
            <param index="0">
              <value>
                <![CDATA["Browser Function"]]>
              </value>
            </param>
            <param index="1">
              <value>
                <![CDATA["Browser Function"]]>
              </value>
            </param>
          </params>
          <reporter-output>
          </reporter-output>
        </test-method> <!-- runScenario -->
        <test-method status="PASS" signature="runScenario(io.cucumber.testng.PickleEventWrapper, io.cucumber.testng.CucumberFeatureWrapper)[pri:0, instance:com.webdriver.browserfunction.BrowserFunctionRunner@5ec0a365]" name="runScenario" duration-ms="3502" started-at="2020-04-17T19:02:33Z" description="Runs Cucumber Scenarios" data-provider="scenarios" finished-at="2020-04-17T19:02:36Z">
          <params>
            <param index="0">
              <value>
                <![CDATA["Browser Function Open Webpage"]]>
              </value>
            </param>
            <param index="1">
              <value>
                <![CDATA["Browser Function"]]>
              </value>
            </param>
          </params>
          <reporter-output>
          </reporter-output>
        </test-method> <!-- runScenario -->
        <test-method status="PASS" signature="runScenario(io.cucumber.testng.PickleEventWrapper, io.cucumber.testng.CucumberFeatureWrapper)[pri:0, instance:com.webdriver.browserfunction.BrowserFunctionRunner@5ec0a365]" name="runScenario" duration-ms="5710" started-at="2020-04-17T19:02:36Z" description="Runs Cucumber Scenarios" data-provider="scenarios" finished-at="2020-04-17T19:02:42Z">
          <params>
            <param index="0">
              <value>
                <![CDATA["Browser Function Back, Forward and Refresh"]]>
              </value>
            </param>
            <param index="1">
              <value>
                <![CDATA["Browser Function"]]>
              </value>
            </param>
          </params>
          <reporter-output>
          </reporter-output>
        </test-method> <!-- runScenario -->
        <test-method status="PASS" signature="runScenario(io.cucumber.testng.PickleEventWrapper, io.cucumber.testng.CucumberFeatureWrapper)[pri:0, instance:com.webdriver.browserfunction.BrowserFunctionRunner@5ec0a365]" name="runScenario" duration-ms="3958" started-at="2020-04-17T19:02:42Z" description="Runs Cucumber Scenarios" data-provider="scenarios" finished-at="2020-04-17T19:02:46Z">
          <params>
            <param index="0">
              <value>
                <![CDATA["Browser Function Maximize browse window while launching"]]>
              </value>
            </param>
            <param index="1">
              <value>
                <![CDATA["Browser Function"]]>
              </value>
            </param>
          </params>
          <reporter-output>
          </reporter-output>
        </test-method> <!-- runScenario -->
        <test-method status="PASS" signature="tearDownClass()[pri:0, instance:com.webdriver.browserfunction.BrowserFunctionRunner@5ec0a365]" name="tearDownClass" is-config="true" duration-ms="2" started-at="2020-04-17T19:02:46Z" finished-at="2020-04-17T19:02:46Z">
          <reporter-output>
          </reporter-output>
        </test-method> <!-- tearDownClass -->
      </class> <!-- com.webdriver.browserfunction.BrowserFunctionRunner -->
    </test> <!-- Default test -->
  </suite> <!-- Default suite -->
</testng-results>
