<?xml version="1.0" encoding="UTF-8"?>
<testng-results skipped="0" failed="8" ignored="0" total="30" passed="22">
  <reporter-output>
  </reporter-output>
  <suite name="Default suite" duration-ms="291426" started-at="2020-07-26T22:34:57Z" finished-at="2020-07-26T22:39:48Z">
    <groups>
      <group name="cucumber">
        <method signature="AbstractTestNGCucumberTests.runScenario(io.cucumber.testng.PickleWrapper, io.cucumber.testng.FeatureWrapper)[pri:0, instance:com.webdriver.runner.GenericRunner@23529fee]" name="runScenario" class="io.cucumber.testng.AbstractTestNGCucumberTests"/>
      </group> <!-- cucumber -->
    </groups>
    <test name="Default test" duration-ms="291426" started-at="2020-07-26T22:34:57Z" finished-at="2020-07-26T22:39:48Z">
      <class name="com.webdriver.runner.GenericRunner">
        <test-method status="PASS" signature="setUpClass()[pri:0, instance:com.webdriver.runner.GenericRunner@23529fee]" name="setUpClass" is-config="true" duration-ms="300" started-at="2020-07-26T15:34:57Z" finished-at="2020-07-26T15:34:57Z">
          <reporter-output>
          </reporter-output>
        </test-method> <!-- setUpClass -->
        <test-method status="PASS" signature="runScenario(io.cucumber.testng.PickleWrapper, io.cucumber.testng.FeatureWrapper)[pri:0, instance:com.webdriver.runner.GenericRunner@23529fee]" name="runScenario" duration-ms="10392" started-at="2020-07-26T15:34:57Z" description="Runs Cucumber Scenarios" data-provider="scenarios" finished-at="2020-07-26T15:35:07Z">
          <params>
            <param index="0">
              <value>
                <![CDATA["Handling Alerts"]]>
              </value>
            </param>
            <param index="1">
              <value>
                <![CDATA["Working with Java Script Popup"]]>
              </value>
            </param>
          </params>
          <reporter-output>
          </reporter-output>
        </test-method> <!-- runScenario -->
        <test-method status="PASS" signature="runScenario(io.cucumber.testng.PickleWrapper, io.cucumber.testng.FeatureWrapper)[pri:0, instance:com.webdriver.runner.GenericRunner@23529fee]" name="runScenario" duration-ms="9715" started-at="2020-07-26T15:35:07Z" description="Runs Cucumber Scenarios" data-provider="scenarios" finished-at="2020-07-26T15:35:17Z">
          <params>
            <param index="0">
              <value>
                <![CDATA["Working with confirmation popup"]]>
              </value>
            </param>
            <param index="1">
              <value>
                <![CDATA["Working with Java Script Popup"]]>
              </value>
            </param>
          </params>
          <reporter-output>
          </reporter-output>
        </test-method> <!-- runScenario -->
        <test-method status="PASS" signature="runScenario(io.cucumber.testng.PickleWrapper, io.cucumber.testng.FeatureWrapper)[pri:0, instance:com.webdriver.runner.GenericRunner@23529fee]" name="runScenario" duration-ms="9854" started-at="2020-07-26T15:35:17Z" description="Runs Cucumber Scenarios" data-provider="scenarios" finished-at="2020-07-26T15:35:27Z">
          <params>
            <param index="0">
              <value>
                <![CDATA["Working with prompt"]]>
              </value>
            </param>
            <param index="1">
              <value>
                <![CDATA["Working with Java Script Popup"]]>
              </value>
            </param>
          </params>
          <reporter-output>
          </reporter-output>
        </test-method> <!-- runScenario -->
        <test-method status="PASS" signature="runScenario(io.cucumber.testng.PickleWrapper, io.cucumber.testng.FeatureWrapper)[pri:0, instance:com.webdriver.runner.GenericRunner@23529fee]" name="runScenario" duration-ms="11073" started-at="2020-07-26T15:35:27Z" description="Runs Cucumber Scenarios" data-provider="scenarios" finished-at="2020-07-26T15:35:38Z">
          <params>
            <param index="0">
              <value>
                <![CDATA["Working with Bootstrap popup"]]>
              </value>
            </param>
            <param index="1">
              <value>
                <![CDATA["Working with Java Script Popup"]]>
              </value>
            </param>
          </params>
          <reporter-output>
          </reporter-output>
        </test-method> <!-- runScenario -->
        <test-method status="FAIL" signature="runScenario(io.cucumber.testng.PickleWrapper, io.cucumber.testng.FeatureWrapper)[pri:0, instance:com.webdriver.runner.GenericRunner@23529fee]" name="runScenario" duration-ms="5565" started-at="2020-07-26T15:35:38Z" description="Runs Cucumber Scenarios" data-provider="scenarios" finished-at="2020-07-26T15:35:43Z">
          <params>
            <param index="0">
              <value>
                <![CDATA["Browser Function"]]>
              </value>
            </param>
            <param index="1">
              <value>
                <![CDATA["Browser Function"]]>
              </value>
            </param>
          </params>
          <exception class="org.openqa.selenium.SessionNotCreatedException">
            <message>
              <![CDATA[session not created: This version of ChromeDriver only supports Chrome version 80Build info: version: '3.8.1', revision: '6e95a6684b', time: '2017-12-01T18:33:54.468Z'System info: host: 'L33986WUS', ip: '55.55.55.1', os.name: 'Windows 10', os.arch: 'amd64', os.version: '10.0', java.version: '1.8.0_202'Driver info: driver.version: ChromeDriverremote stacktrace: Backtrace:Ordinal0 [0x01490C83+1707139]Ordinal0 [0x013F68F1+1075441]Ordinal0 [0x0136DFC9+516041]Ordinal0 [0x01300554+66900]Ordinal0 [0x012FCCE2+52450]Ordinal0 [0x0131BFD7+180183]Ordinal0 [0x0131BDDD+179677]Ordinal0 [0x01319D4B+171339]Ordinal0 [0x01301D4A+73034]Ordinal0 [0x01302DC0+77248]Ordinal0 [0x01302D59+77145]Ordinal0 [0x0140BB67+1162087]GetHandleVerifier [0x0152A966+508998]GetHandleVerifier [0x0152A6A4+508292]GetHandleVerifier [0x0153F7B7+594583]GetHandleVerifier [0x0152B1D6+511158]Ordinal0 [0x0140402C+1130540]Ordinal0 [0x0140D4CB+1168587]Ordinal0 [0x0140D633+1168947]Ordinal0 [0x01425B35+1268533]BaseThreadInitThunk [0x76620419+25]RtlGetAppContainerNamedObjectPath [0x771C66DD+237]RtlGetAppContainerNamedObjectPath [0x771C66AD+189]]]>
            </message>
            <full-stacktrace>
              <![CDATA[org.openqa.selenium.SessionNotCreatedException: session not created: This version of ChromeDriver only supports Chrome version 80Build info: version: '3.8.1', revision: '6e95a6684b', time: '2017-12-01T18:33:54.468Z'System info: host: 'L33986WUS', ip: '55.55.55.1', os.name: 'Windows 10', os.arch: 'amd64', os.version: '10.0', java.version: '1.8.0_202'Driver info: driver.version: ChromeDriverremote stacktrace: Backtrace:Ordinal0 [0x01490C83+1707139]Ordinal0 [0x013F68F1+1075441]Ordinal0 [0x0136DFC9+516041]Ordinal0 [0x01300554+66900]Ordinal0 [0x012FCCE2+52450]Ordinal0 [0x0131BFD7+180183]Ordinal0 [0x0131BDDD+179677]Ordinal0 [0x01319D4B+171339]Ordinal0 [0x01301D4A+73034]Ordinal0 [0x01302DC0+77248]Ordinal0 [0x01302D59+77145]Ordinal0 [0x0140BB67+1162087]GetHandleVerifier [0x0152A966+508998]GetHandleVerifier [0x0152A6A4+508292]GetHandleVerifier [0x0153F7B7+594583]GetHandleVerifier [0x0152B1D6+511158]Ordinal0 [0x0140402C+1130540]Ordinal0 [0x0140D4CB+1168587]Ordinal0 [0x0140D633+1168947]Ordinal0 [0x01425B35+1268533]BaseThreadInitThunk [0x76620419+25]RtlGetAppContainerNamedObjectPath [0x771C66DD+237]RtlGetAppContainerNamedObjectPath [0x771C66AD+189]at sun.reflect.NativeConstructorAccessorImpl.newInstance0(Native Method)at sun.reflect.NativeConstructorAccessorImpl.newInstance(NativeConstructorAccessorImpl.java:62)at sun.reflect.DelegatingConstructorAccessorImpl.newInstance(DelegatingConstructorAccessorImpl.java:45)at java.lang.reflect.Constructor.newInstance(Constructor.java:423)at org.openqa.selenium.remote.W3CHandshakeResponse.lambda$new$0(W3CHandshakeResponse.java:57)at org.openqa.selenium.remote.W3CHandshakeResponse.lambda$getResponseFunction$2(W3CHandshakeResponse.java:104)at org.openqa.selenium.remote.ProtocolHandshake.lambda$createSession$0(ProtocolHandshake.java:123)at java.util.stream.ReferencePipeline$3$1.accept(ReferencePipeline.java:193)at java.util.Spliterators$ArraySpliterator.tryAdvance(Spliterators.java:958)at java.util.stream.ReferencePipeline.forEachWithCancel(ReferencePipeline.java:126)at java.util.stream.AbstractPipeline.copyIntoWithCancel(AbstractPipeline.java:498)at java.util.stream.AbstractPipeline.copyInto(AbstractPipeline.java:485)at java.util.stream.AbstractPipeline.wrapAndCopyInto(AbstractPipeline.java:471)at java.util.stream.FindOps$FindOp.evaluateSequential(FindOps.java:152)at java.util.stream.AbstractPipeline.evaluate(AbstractPipeline.java:234)at java.util.stream.ReferencePipeline.findFirst(ReferencePipeline.java:464)at org.openqa.selenium.remote.ProtocolHandshake.createSession(ProtocolHandshake.java:126)at org.openqa.selenium.remote.ProtocolHandshake.createSession(ProtocolHandshake.java:73)at org.openqa.selenium.remote.HttpCommandExecutor.execute(HttpCommandExecutor.java:142)at org.openqa.selenium.remote.service.DriverCommandExecutor.execute(DriverCommandExecutor.java:83)at org.openqa.selenium.remote.RemoteWebDriver.execute(RemoteWebDriver.java:601)at org.openqa.selenium.remote.RemoteWebDriver.startSession(RemoteWebDriver.java:219)at org.openqa.selenium.remote.RemoteWebDriver.<init>(RemoteWebDriver.java:142)at org.openqa.selenium.chrome.ChromeDriver.<init>(ChromeDriver.java:181)at org.openqa.selenium.chrome.ChromeDriver.<init>(ChromeDriver.java:168)at org.openqa.selenium.chrome.ChromeDriver.<init>(ChromeDriver.java:123)at com.webdriver.browserfunction.BrowserFunctionStepDfn.browserfunction_i_have_chrome_driver_instance(BrowserFunctionStepDfn.java:32)at ✽.BrowserFunction_I have chrome driver instance(file:///C:/Data/GitHub/SeleniumWebdriverWithCucumber-io/src/main/java/com/webdriver/browserfunction/BrowserFunction.feature:5)]]>
            </full-stacktrace>
          </exception> <!-- org.openqa.selenium.SessionNotCreatedException -->
          <reporter-output>
          </reporter-output>
        </test-method> <!-- runScenario -->
        <test-method status="FAIL" signature="runScenario(io.cucumber.testng.PickleWrapper, io.cucumber.testng.FeatureWrapper)[pri:0, instance:com.webdriver.runner.GenericRunner@23529fee]" name="runScenario" duration-ms="5553" started-at="2020-07-26T15:35:43Z" description="Runs Cucumber Scenarios" data-provider="scenarios" finished-at="2020-07-26T15:35:49Z">
          <params>
            <param index="0">
              <value>
                <![CDATA["Browser Function Open Webpage"]]>
              </value>
            </param>
            <param index="1">
              <value>
                <![CDATA["Browser Function"]]>
              </value>
            </param>
          </params>
          <exception class="org.openqa.selenium.SessionNotCreatedException">
            <message>
              <![CDATA[session not created: This version of ChromeDriver only supports Chrome version 80Build info: version: '3.8.1', revision: '6e95a6684b', time: '2017-12-01T18:33:54.468Z'System info: host: 'L33986WUS', ip: '55.55.55.1', os.name: 'Windows 10', os.arch: 'amd64', os.version: '10.0', java.version: '1.8.0_202'Driver info: driver.version: ChromeDriverremote stacktrace: Backtrace:Ordinal0 [0x01490C83+1707139]Ordinal0 [0x013F68F1+1075441]Ordinal0 [0x0136DFC9+516041]Ordinal0 [0x01300554+66900]Ordinal0 [0x012FCCE2+52450]Ordinal0 [0x0131BFD7+180183]Ordinal0 [0x0131BDDD+179677]Ordinal0 [0x01319D4B+171339]Ordinal0 [0x01301D4A+73034]Ordinal0 [0x01302DC0+77248]Ordinal0 [0x01302D59+77145]Ordinal0 [0x0140BB67+1162087]GetHandleVerifier [0x0152A966+508998]GetHandleVerifier [0x0152A6A4+508292]GetHandleVerifier [0x0153F7B7+594583]GetHandleVerifier [0x0152B1D6+511158]Ordinal0 [0x0140402C+1130540]Ordinal0 [0x0140D4CB+1168587]Ordinal0 [0x0140D633+1168947]Ordinal0 [0x01425B35+1268533]BaseThreadInitThunk [0x76620419+25]RtlGetAppContainerNamedObjectPath [0x771C66DD+237]RtlGetAppContainerNamedObjectPath [0x771C66AD+189]]]>
            </message>
            <full-stacktrace>
              <![CDATA[org.openqa.selenium.SessionNotCreatedException: session not created: This version of ChromeDriver only supports Chrome version 80Build info: version: '3.8.1', revision: '6e95a6684b', time: '2017-12-01T18:33:54.468Z'System info: host: 'L33986WUS', ip: '55.55.55.1', os.name: 'Windows 10', os.arch: 'amd64', os.version: '10.0', java.version: '1.8.0_202'Driver info: driver.version: ChromeDriverremote stacktrace: Backtrace:Ordinal0 [0x01490C83+1707139]Ordinal0 [0x013F68F1+1075441]Ordinal0 [0x0136DFC9+516041]Ordinal0 [0x01300554+66900]Ordinal0 [0x012FCCE2+52450]Ordinal0 [0x0131BFD7+180183]Ordinal0 [0x0131BDDD+179677]Ordinal0 [0x01319D4B+171339]Ordinal0 [0x01301D4A+73034]Ordinal0 [0x01302DC0+77248]Ordinal0 [0x01302D59+77145]Ordinal0 [0x0140BB67+1162087]GetHandleVerifier [0x0152A966+508998]GetHandleVerifier [0x0152A6A4+508292]GetHandleVerifier [0x0153F7B7+594583]GetHandleVerifier [0x0152B1D6+511158]Ordinal0 [0x0140402C+1130540]Ordinal0 [0x0140D4CB+1168587]Ordinal0 [0x0140D633+1168947]Ordinal0 [0x01425B35+1268533]BaseThreadInitThunk [0x76620419+25]RtlGetAppContainerNamedObjectPath [0x771C66DD+237]RtlGetAppContainerNamedObjectPath [0x771C66AD+189]at sun.reflect.NativeConstructorAccessorImpl.newInstance0(Native Method)at sun.reflect.NativeConstructorAccessorImpl.newInstance(NativeConstructorAccessorImpl.java:62)at sun.reflect.DelegatingConstructorAccessorImpl.newInstance(DelegatingConstructorAccessorImpl.java:45)at java.lang.reflect.Constructor.newInstance(Constructor.java:423)at org.openqa.selenium.remote.W3CHandshakeResponse.lambda$new$0(W3CHandshakeResponse.java:57)at org.openqa.selenium.remote.W3CHandshakeResponse.lambda$getResponseFunction$2(W3CHandshakeResponse.java:104)at org.openqa.selenium.remote.ProtocolHandshake.lambda$createSession$0(ProtocolHandshake.java:123)at java.util.stream.ReferencePipeline$3$1.accept(ReferencePipeline.java:193)at java.util.Spliterators$ArraySpliterator.tryAdvance(Spliterators.java:958)at java.util.stream.ReferencePipeline.forEachWithCancel(ReferencePipeline.java:126)at java.util.stream.AbstractPipeline.copyIntoWithCancel(AbstractPipeline.java:498)at java.util.stream.AbstractPipeline.copyInto(AbstractPipeline.java:485)at java.util.stream.AbstractPipeline.wrapAndCopyInto(AbstractPipeline.java:471)at java.util.stream.FindOps$FindOp.evaluateSequential(FindOps.java:152)at java.util.stream.AbstractPipeline.evaluate(AbstractPipeline.java:234)at java.util.stream.ReferencePipeline.findFirst(ReferencePipeline.java:464)at org.openqa.selenium.remote.ProtocolHandshake.createSession(ProtocolHandshake.java:126)at org.openqa.selenium.remote.ProtocolHandshake.createSession(ProtocolHandshake.java:73)at org.openqa.selenium.remote.HttpCommandExecutor.execute(HttpCommandExecutor.java:142)at org.openqa.selenium.remote.service.DriverCommandExecutor.execute(DriverCommandExecutor.java:83)at org.openqa.selenium.remote.RemoteWebDriver.execute(RemoteWebDriver.java:601)at org.openqa.selenium.remote.RemoteWebDriver.startSession(RemoteWebDriver.java:219)at org.openqa.selenium.remote.RemoteWebDriver.<init>(RemoteWebDriver.java:142)at org.openqa.selenium.chrome.ChromeDriver.<init>(ChromeDriver.java:181)at org.openqa.selenium.chrome.ChromeDriver.<init>(ChromeDriver.java:168)at org.openqa.selenium.chrome.ChromeDriver.<init>(ChromeDriver.java:123)at com.webdriver.browserfunction.BrowserFunctionStepDfn.browserfunction_i_have_chrome_driver_instance(BrowserFunctionStepDfn.java:32)at ✽.BrowserFunction_I have chrome driver instance(file:///C:/Data/GitHub/SeleniumWebdriverWithCucumber-io/src/main/java/com/webdriver/browserfunction/BrowserFunction.feature:5)]]>
            </full-stacktrace>
          </exception> <!-- org.openqa.selenium.SessionNotCreatedException -->
          <reporter-output>
          </reporter-output>
        </test-method> <!-- runScenario -->
        <test-method status="FAIL" signature="runScenario(io.cucumber.testng.PickleWrapper, io.cucumber.testng.FeatureWrapper)[pri:0, instance:com.webdriver.runner.GenericRunner@23529fee]" name="runScenario" duration-ms="5537" started-at="2020-07-26T15:35:49Z" description="Runs Cucumber Scenarios" data-provider="scenarios" finished-at="2020-07-26T15:35:55Z">
          <params>
            <param index="0">
              <value>
                <![CDATA["Browser Function Back, Forward and Refresh"]]>
              </value>
            </param>
            <param index="1">
              <value>
                <![CDATA["Browser Function"]]>
              </value>
            </param>
          </params>
          <exception class="org.openqa.selenium.SessionNotCreatedException">
            <message>
              <![CDATA[session not created: This version of ChromeDriver only supports Chrome version 80Build info: version: '3.8.1', revision: '6e95a6684b', time: '2017-12-01T18:33:54.468Z'System info: host: 'L33986WUS', ip: '55.55.55.1', os.name: 'Windows 10', os.arch: 'amd64', os.version: '10.0', java.version: '1.8.0_202'Driver info: driver.version: ChromeDriverremote stacktrace: Backtrace:Ordinal0 [0x01490C83+1707139]Ordinal0 [0x013F68F1+1075441]Ordinal0 [0x0136DFC9+516041]Ordinal0 [0x01300554+66900]Ordinal0 [0x012FCCE2+52450]Ordinal0 [0x0131BFD7+180183]Ordinal0 [0x0131BDDD+179677]Ordinal0 [0x01319D4B+171339]Ordinal0 [0x01301D4A+73034]Ordinal0 [0x01302DC0+77248]Ordinal0 [0x01302D59+77145]Ordinal0 [0x0140BB67+1162087]GetHandleVerifier [0x0152A966+508998]GetHandleVerifier [0x0152A6A4+508292]GetHandleVerifier [0x0153F7B7+594583]GetHandleVerifier [0x0152B1D6+511158]Ordinal0 [0x0140402C+1130540]Ordinal0 [0x0140D4CB+1168587]Ordinal0 [0x0140D633+1168947]Ordinal0 [0x01425B35+1268533]BaseThreadInitThunk [0x76620419+25]RtlGetAppContainerNamedObjectPath [0x771C66DD+237]RtlGetAppContainerNamedObjectPath [0x771C66AD+189]]]>
            </message>
            <full-stacktrace>
              <![CDATA[org.openqa.selenium.SessionNotCreatedException: session not created: This version of ChromeDriver only supports Chrome version 80Build info: version: '3.8.1', revision: '6e95a6684b', time: '2017-12-01T18:33:54.468Z'System info: host: 'L33986WUS', ip: '55.55.55.1', os.name: 'Windows 10', os.arch: 'amd64', os.version: '10.0', java.version: '1.8.0_202'Driver info: driver.version: ChromeDriverremote stacktrace: Backtrace:Ordinal0 [0x01490C83+1707139]Ordinal0 [0x013F68F1+1075441]Ordinal0 [0x0136DFC9+516041]Ordinal0 [0x01300554+66900]Ordinal0 [0x012FCCE2+52450]Ordinal0 [0x0131BFD7+180183]Ordinal0 [0x0131BDDD+179677]Ordinal0 [0x01319D4B+171339]Ordinal0 [0x01301D4A+73034]Ordinal0 [0x01302DC0+77248]Ordinal0 [0x01302D59+77145]Ordinal0 [0x0140BB67+1162087]GetHandleVerifier [0x0152A966+508998]GetHandleVerifier [0x0152A6A4+508292]GetHandleVerifier [0x0153F7B7+594583]GetHandleVerifier [0x0152B1D6+511158]Ordinal0 [0x0140402C+1130540]Ordinal0 [0x0140D4CB+1168587]Ordinal0 [0x0140D633+1168947]Ordinal0 [0x01425B35+1268533]BaseThreadInitThunk [0x76620419+25]RtlGetAppContainerNamedObjectPath [0x771C66DD+237]RtlGetAppContainerNamedObjectPath [0x771C66AD+189]at sun.reflect.NativeConstructorAccessorImpl.newInstance0(Native Method)at sun.reflect.NativeConstructorAccessorImpl.newInstance(NativeConstructorAccessorImpl.java:62)at sun.reflect.DelegatingConstructorAccessorImpl.newInstance(DelegatingConstructorAccessorImpl.java:45)at java.lang.reflect.Constructor.newInstance(Constructor.java:423)at org.openqa.selenium.remote.W3CHandshakeResponse.lambda$new$0(W3CHandshakeResponse.java:57)at org.openqa.selenium.remote.W3CHandshakeResponse.lambda$getResponseFunction$2(W3CHandshakeResponse.java:104)at org.openqa.selenium.remote.ProtocolHandshake.lambda$createSession$0(ProtocolHandshake.java:123)at java.util.stream.ReferencePipeline$3$1.accept(ReferencePipeline.java:193)at java.util.Spliterators$ArraySpliterator.tryAdvance(Spliterators.java:958)at java.util.stream.ReferencePipeline.forEachWithCancel(ReferencePipeline.java:126)at java.util.stream.AbstractPipeline.copyIntoWithCancel(AbstractPipeline.java:498)at java.util.stream.AbstractPipeline.copyInto(AbstractPipeline.java:485)at java.util.stream.AbstractPipeline.wrapAndCopyInto(AbstractPipeline.java:471)at java.util.stream.FindOps$FindOp.evaluateSequential(FindOps.java:152)at java.util.stream.AbstractPipeline.evaluate(AbstractPipeline.java:234)at java.util.stream.ReferencePipeline.findFirst(ReferencePipeline.java:464)at org.openqa.selenium.remote.ProtocolHandshake.createSession(ProtocolHandshake.java:126)at org.openqa.selenium.remote.ProtocolHandshake.createSession(ProtocolHandshake.java:73)at org.openqa.selenium.remote.HttpCommandExecutor.execute(HttpCommandExecutor.java:142)at org.openqa.selenium.remote.service.DriverCommandExecutor.execute(DriverCommandExecutor.java:83)at org.openqa.selenium.remote.RemoteWebDriver.execute(RemoteWebDriver.java:601)at org.openqa.selenium.remote.RemoteWebDriver.startSession(RemoteWebDriver.java:219)at org.openqa.selenium.remote.RemoteWebDriver.<init>(RemoteWebDriver.java:142)at org.openqa.selenium.chrome.ChromeDriver.<init>(ChromeDriver.java:181)at org.openqa.selenium.chrome.ChromeDriver.<init>(ChromeDriver.java:168)at org.openqa.selenium.chrome.ChromeDriver.<init>(ChromeDriver.java:123)at com.webdriver.browserfunction.BrowserFunctionStepDfn.browserfunction_i_have_chrome_driver_instance(BrowserFunctionStepDfn.java:32)at ✽.BrowserFunction_I have chrome driver instance(file:///C:/Data/GitHub/SeleniumWebdriverWithCucumber-io/src/main/java/com/webdriver/browserfunction/BrowserFunction.feature:5)]]>
            </full-stacktrace>
          </exception> <!-- org.openqa.selenium.SessionNotCreatedException -->
          <reporter-output>
          </reporter-output>
        </test-method> <!-- runScenario -->
        <test-method status="FAIL" signature="runScenario(io.cucumber.testng.PickleWrapper, io.cucumber.testng.FeatureWrapper)[pri:0, instance:com.webdriver.runner.GenericRunner@23529fee]" name="runScenario" duration-ms="5570" started-at="2020-07-26T15:35:55Z" description="Runs Cucumber Scenarios" data-provider="scenarios" finished-at="2020-07-26T15:36:00Z">
          <params>
            <param index="0">
              <value>
                <![CDATA["Browser Function Maximize browse window while launching"]]>
              </value>
            </param>
            <param index="1">
              <value>
                <![CDATA["Browser Function"]]>
              </value>
            </param>
          </params>
          <exception class="org.openqa.selenium.SessionNotCreatedException">
            <message>
              <![CDATA[session not created: This version of ChromeDriver only supports Chrome version 80Build info: version: '3.8.1', revision: '6e95a6684b', time: '2017-12-01T18:33:54.468Z'System info: host: 'L33986WUS', ip: '55.55.55.1', os.name: 'Windows 10', os.arch: 'amd64', os.version: '10.0', java.version: '1.8.0_202'Driver info: driver.version: ChromeDriverremote stacktrace: Backtrace:Ordinal0 [0x01490C83+1707139]Ordinal0 [0x013F68F1+1075441]Ordinal0 [0x0136DFC9+516041]Ordinal0 [0x01300554+66900]Ordinal0 [0x012FCCE2+52450]Ordinal0 [0x0131BFD7+180183]Ordinal0 [0x0131BDDD+179677]Ordinal0 [0x01319D4B+171339]Ordinal0 [0x01301D4A+73034]Ordinal0 [0x01302DC0+77248]Ordinal0 [0x01302D59+77145]Ordinal0 [0x0140BB67+1162087]GetHandleVerifier [0x0152A966+508998]GetHandleVerifier [0x0152A6A4+508292]GetHandleVerifier [0x0153F7B7+594583]GetHandleVerifier [0x0152B1D6+511158]Ordinal0 [0x0140402C+1130540]Ordinal0 [0x0140D4CB+1168587]Ordinal0 [0x0140D633+1168947]Ordinal0 [0x01425B35+1268533]BaseThreadInitThunk [0x76620419+25]RtlGetAppContainerNamedObjectPath [0x771C66DD+237]RtlGetAppContainerNamedObjectPath [0x771C66AD+189]]]>
            </message>
            <full-stacktrace>
              <![CDATA[org.openqa.selenium.SessionNotCreatedException: session not created: This version of ChromeDriver only supports Chrome version 80Build info: version: '3.8.1', revision: '6e95a6684b', time: '2017-12-01T18:33:54.468Z'System info: host: 'L33986WUS', ip: '55.55.55.1', os.name: 'Windows 10', os.arch: 'amd64', os.version: '10.0', java.version: '1.8.0_202'Driver info: driver.version: ChromeDriverremote stacktrace: Backtrace:Ordinal0 [0x01490C83+1707139]Ordinal0 [0x013F68F1+1075441]Ordinal0 [0x0136DFC9+516041]Ordinal0 [0x01300554+66900]Ordinal0 [0x012FCCE2+52450]Ordinal0 [0x0131BFD7+180183]Ordinal0 [0x0131BDDD+179677]Ordinal0 [0x01319D4B+171339]Ordinal0 [0x01301D4A+73034]Ordinal0 [0x01302DC0+77248]Ordinal0 [0x01302D59+77145]Ordinal0 [0x0140BB67+1162087]GetHandleVerifier [0x0152A966+508998]GetHandleVerifier [0x0152A6A4+508292]GetHandleVerifier [0x0153F7B7+594583]GetHandleVerifier [0x0152B1D6+511158]Ordinal0 [0x0140402C+1130540]Ordinal0 [0x0140D4CB+1168587]Ordinal0 [0x0140D633+1168947]Ordinal0 [0x01425B35+1268533]BaseThreadInitThunk [0x76620419+25]RtlGetAppContainerNamedObjectPath [0x771C66DD+237]RtlGetAppContainerNamedObjectPath [0x771C66AD+189]at sun.reflect.NativeConstructorAccessorImpl.newInstance0(Native Method)at sun.reflect.NativeConstructorAccessorImpl.newInstance(NativeConstructorAccessorImpl.java:62)at sun.reflect.DelegatingConstructorAccessorImpl.newInstance(DelegatingConstructorAccessorImpl.java:45)at java.lang.reflect.Constructor.newInstance(Constructor.java:423)at org.openqa.selenium.remote.W3CHandshakeResponse.lambda$new$0(W3CHandshakeResponse.java:57)at org.openqa.selenium.remote.W3CHandshakeResponse.lambda$getResponseFunction$2(W3CHandshakeResponse.java:104)at org.openqa.selenium.remote.ProtocolHandshake.lambda$createSession$0(ProtocolHandshake.java:123)at java.util.stream.ReferencePipeline$3$1.accept(ReferencePipeline.java:193)at java.util.Spliterators$ArraySpliterator.tryAdvance(Spliterators.java:958)at java.util.stream.ReferencePipeline.forEachWithCancel(ReferencePipeline.java:126)at java.util.stream.AbstractPipeline.copyIntoWithCancel(AbstractPipeline.java:498)at java.util.stream.AbstractPipeline.copyInto(AbstractPipeline.java:485)at java.util.stream.AbstractPipeline.wrapAndCopyInto(AbstractPipeline.java:471)at java.util.stream.FindOps$FindOp.evaluateSequential(FindOps.java:152)at java.util.stream.AbstractPipeline.evaluate(AbstractPipeline.java:234)at java.util.stream.ReferencePipeline.findFirst(ReferencePipeline.java:464)at org.openqa.selenium.remote.ProtocolHandshake.createSession(ProtocolHandshake.java:126)at org.openqa.selenium.remote.ProtocolHandshake.createSession(ProtocolHandshake.java:73)at org.openqa.selenium.remote.HttpCommandExecutor.execute(HttpCommandExecutor.java:142)at org.openqa.selenium.remote.service.DriverCommandExecutor.execute(DriverCommandExecutor.java:83)at org.openqa.selenium.remote.RemoteWebDriver.execute(RemoteWebDriver.java:601)at org.openqa.selenium.remote.RemoteWebDriver.startSession(RemoteWebDriver.java:219)at org.openqa.selenium.remote.RemoteWebDriver.<init>(RemoteWebDriver.java:142)at org.openqa.selenium.chrome.ChromeDriver.<init>(ChromeDriver.java:181)at org.openqa.selenium.chrome.ChromeDriver.<init>(ChromeDriver.java:168)at org.openqa.selenium.chrome.ChromeDriver.<init>(ChromeDriver.java:123)at com.webdriver.browserfunction.BrowserFunctionStepDfn.browserfunction_i_have_chrome_driver_instance(BrowserFunctionStepDfn.java:32)at ✽.BrowserFunction_I have chrome driver instance(file:///C:/Data/GitHub/SeleniumWebdriverWithCucumber-io/src/main/java/com/webdriver/browserfunction/BrowserFunction.feature:5)]]>
            </full-stacktrace>
          </exception> <!-- org.openqa.selenium.SessionNotCreatedException -->
          <reporter-output>
          </reporter-output>
        </test-method> <!-- runScenario -->
        <test-method status="PASS" signature="runScenario(io.cucumber.testng.PickleWrapper, io.cucumber.testng.FeatureWrapper)[pri:0, instance:com.webdriver.runner.GenericRunner@23529fee]" name="runScenario" duration-ms="7098" started-at="2020-07-26T15:36:00Z" description="Runs Cucumber Scenarios" data-provider="scenarios" finished-at="2020-07-26T15:36:07Z">
          <params>
            <param index="0">
              <value>
                <![CDATA["Working with context click"]]>
              </value>
            </param>
            <param index="1">
              <value>
                <![CDATA["Working with Mouse and Keyboard actions"]]>
              </value>
            </param>
          </params>
          <reporter-output>
          </reporter-output>
        </test-method> <!-- runScenario -->
        <test-method status="PASS" signature="runScenario(io.cucumber.testng.PickleWrapper, io.cucumber.testng.FeatureWrapper)[pri:0, instance:com.webdriver.runner.GenericRunner@23529fee]" name="runScenario" duration-ms="6403" started-at="2020-07-26T15:36:07Z" description="Runs Cucumber Scenarios" data-provider="scenarios" finished-at="2020-07-26T15:36:14Z">
          <params>
            <param index="0">
              <value>
                <![CDATA["Working with drang and drop action"]]>
              </value>
            </param>
            <param index="1">
              <value>
                <![CDATA["Working with Mouse and Keyboard actions"]]>
              </value>
            </param>
          </params>
          <reporter-output>
          </reporter-output>
        </test-method> <!-- runScenario -->
        <test-method status="PASS" signature="runScenario(io.cucumber.testng.PickleWrapper, io.cucumber.testng.FeatureWrapper)[pri:0, instance:com.webdriver.runner.GenericRunner@23529fee]" name="runScenario" duration-ms="6150" started-at="2020-07-26T15:36:14Z" description="Runs Cucumber Scenarios" data-provider="scenarios" finished-at="2020-07-26T15:36:20Z">
          <params>
            <param index="0">
              <value>
                <![CDATA["Working with click and hold action"]]>
              </value>
            </param>
            <param index="1">
              <value>
                <![CDATA["Working with Mouse and Keyboard actions"]]>
              </value>
            </param>
          </params>
          <reporter-output>
          </reporter-output>
        </test-method> <!-- runScenario -->
        <test-method status="PASS" signature="runScenario(io.cucumber.testng.PickleWrapper, io.cucumber.testng.FeatureWrapper)[pri:0, instance:com.webdriver.runner.GenericRunner@23529fee]" name="runScenario" duration-ms="6635" started-at="2020-07-26T15:36:20Z" description="Runs Cucumber Scenarios" data-provider="scenarios" finished-at="2020-07-26T15:36:26Z">
          <params>
            <param index="0">
              <value>
                <![CDATA["Working with Keyboard action"]]>
              </value>
            </param>
            <param index="1">
              <value>
                <![CDATA["Working with Mouse and Keyboard actions"]]>
              </value>
            </param>
          </params>
          <reporter-output>
          </reporter-output>
        </test-method> <!-- runScenario -->
        <test-method status="PASS" signature="runScenario(io.cucumber.testng.PickleWrapper, io.cucumber.testng.FeatureWrapper)[pri:0, instance:com.webdriver.runner.GenericRunner@23529fee]" name="runScenario" duration-ms="11427" started-at="2020-07-26T15:36:26Z" description="Runs Cucumber Scenarios" data-provider="scenarios" finished-at="2020-07-26T15:36:38Z">
          <params>
            <param index="0">
              <value>
                <![CDATA["Data Driven using Data Table"]]>
              </value>
            </param>
            <param index="1">
              <value>
                <![CDATA["Data Driven Testing"]]>
              </value>
            </param>
          </params>
          <reporter-output>
          </reporter-output>
        </test-method> <!-- runScenario -->
        <test-method status="FAIL" signature="runScenario(io.cucumber.testng.PickleWrapper, io.cucumber.testng.FeatureWrapper)[pri:0, instance:com.webdriver.runner.GenericRunner@23529fee]" name="runScenario" duration-ms="9270" started-at="2020-07-26T15:36:38Z" description="Runs Cucumber Scenarios" data-provider="scenarios" finished-at="2020-07-26T15:36:47Z">
          <params>
            <param index="0">
              <value>
                <![CDATA["Data Driven using Excel file"]]>
              </value>
            </param>
            <param index="1">
              <value>
                <![CDATA["Data Driven Testing"]]>
              </value>
            </param>
          </params>
          <exception class="org.openqa.selenium.NoSuchElementException">
            <message>
              <![CDATA[Cannot locate option with value: test1         For documentation on this error, please visit: http://seleniumhq.org/exceptions/no_such_element.htmlBuild info: version: '3.8.1', revision: '6e95a6684b', time: '2017-12-01T18:33:54.468Z'System info: host: 'L33986WUS', ip: '55.55.55.1', os.name: 'Windows 10', os.arch: 'amd64', os.version: '10.0', java.version: '1.8.0_202'Driver info: driver.version: unknown]]>
            </message>
            <full-stacktrace>
              <![CDATA[org.openqa.selenium.NoSuchElementException: Cannot locate option with value: test1         For documentation on this error, please visit: http://seleniumhq.org/exceptions/no_such_element.htmlBuild info: version: '3.8.1', revision: '6e95a6684b', time: '2017-12-01T18:33:54.468Z'System info: host: 'L33986WUS', ip: '55.55.55.1', os.name: 'Windows 10', os.arch: 'amd64', os.version: '10.0', java.version: '1.8.0_202'Driver info: driver.version: unknownat org.openqa.selenium.support.ui.Select.selectByValue(Select.java:209)at com.webdriver.helper.DropdownHelper.selectByValue(DropdownHelper.java:55)at com.webdriver.page.DetailPageClass.provideDetails(DetailPageClass.java:62)at com.webdriver.datadriven.DataDrivenStepDfn.datadriven_i_provide_the_following_information_in_the_detail_page_from_excel_file_as_follow(DataDrivenStepDfn.java:86)at ✽.DataDriven_I provide the following information in the detail page from excel file as follow(file:///C:/Data/GitHub/SeleniumWebdriverWithCucumber-io/src/main/java/com/webdriver/datadriven/DataDriven.feature:23)]]>
            </full-stacktrace>
          </exception> <!-- org.openqa.selenium.NoSuchElementException -->
          <reporter-output>
          </reporter-output>
        </test-method> <!-- runScenario -->
        <test-method status="PASS" signature="runScenario(io.cucumber.testng.PickleWrapper, io.cucumber.testng.FeatureWrapper)[pri:0, instance:com.webdriver.runner.GenericRunner@23529fee]" name="runScenario" duration-ms="11071" started-at="2020-07-26T15:36:47Z" description="Runs Cucumber Scenarios" data-provider="scenarios" finished-at="2020-07-26T15:36:58Z">
          <params>
            <param index="0">
              <value>
                <![CDATA["Data Driven using scenario outline"]]>
              </value>
            </param>
            <param index="1">
              <value>
                <![CDATA["Data Driven Testing"]]>
              </value>
            </param>
          </params>
          <reporter-output>
          </reporter-output>
        </test-method> <!-- runScenario -->
        <test-method status="PASS" signature="runScenario(io.cucumber.testng.PickleWrapper, io.cucumber.testng.FeatureWrapper)[pri:0, instance:com.webdriver.runner.GenericRunner@23529fee]" name="runScenario" duration-ms="12203" started-at="2020-07-26T15:36:58Z" description="Runs Cucumber Scenarios" data-provider="scenarios" finished-at="2020-07-26T15:37:10Z">
          <params>
            <param index="0">
              <value>
                <![CDATA["Data Driven using scenario outline"]]>
              </value>
            </param>
            <param index="1">
              <value>
                <![CDATA["Data Driven Testing"]]>
              </value>
            </param>
          </params>
          <reporter-output>
          </reporter-output>
        </test-method> <!-- runScenario -->
        <test-method status="PASS" signature="runScenario(io.cucumber.testng.PickleWrapper, io.cucumber.testng.FeatureWrapper)[pri:0, instance:com.webdriver.runner.GenericRunner@23529fee]" name="runScenario" duration-ms="11384" started-at="2020-07-26T15:37:10Z" description="Runs Cucumber Scenarios" data-provider="scenarios" finished-at="2020-07-26T15:37:22Z">
          <params>
            <param index="0">
              <value>
                <![CDATA["Data Driven using scenario outline"]]>
              </value>
            </param>
            <param index="1">
              <value>
                <![CDATA["Data Driven Testing"]]>
              </value>
            </param>
          </params>
          <reporter-output>
          </reporter-output>
        </test-method> <!-- runScenario -->
        <test-method status="PASS" signature="runScenario(io.cucumber.testng.PickleWrapper, io.cucumber.testng.FeatureWrapper)[pri:0, instance:com.webdriver.runner.GenericRunner@23529fee]" name="runScenario" duration-ms="34444" started-at="2020-07-26T15:37:22Z" description="Runs Cucumber Scenarios" data-provider="scenarios" finished-at="2020-07-26T15:37:56Z">
          <params>
            <param index="0">
              <value>
                <![CDATA["Click on the element presetn in Iframe"]]>
              </value>
            </param>
            <param index="1">
              <value>
                <![CDATA["Working with Iframe"]]>
              </value>
            </param>
          </params>
          <reporter-output>
          </reporter-output>
        </test-method> <!-- runScenario -->
        <test-method status="PASS" signature="runScenario(io.cucumber.testng.PickleWrapper, io.cucumber.testng.FeatureWrapper)[pri:0, instance:com.webdriver.runner.GenericRunner@23529fee]" name="runScenario" duration-ms="16796" started-at="2020-07-26T15:37:56Z" description="Runs Cucumber Scenarios" data-provider="scenarios" finished-at="2020-07-26T15:38:13Z">
          <params>
            <param index="0">
              <value>
                <![CDATA["Working with MultipleWindow"]]>
              </value>
            </param>
            <param index="1">
              <value>
                <![CDATA["Working with Iframe"]]>
              </value>
            </param>
          </params>
          <reporter-output>
          </reporter-output>
        </test-method> <!-- runScenario -->
        <test-method status="FAIL" signature="runScenario(io.cucumber.testng.PickleWrapper, io.cucumber.testng.FeatureWrapper)[pri:0, instance:com.webdriver.runner.GenericRunner@23529fee]" name="runScenario" duration-ms="6483" started-at="2020-07-26T15:38:13Z" description="Runs Cucumber Scenarios" data-provider="scenarios" finished-at="2020-07-26T15:38:20Z">
          <params>
            <param index="0">
              <value>
                <![CDATA["Bug Creation"]]>
              </value>
            </param>
            <param index="1">
              <value>
                <![CDATA["Create bug in bugzila application"]]>
              </value>
            </param>
          </params>
          <exception class="java.lang.AssertionError">
            <message>
              <![CDATA[To Take the Screen Shot]]>
            </message>
            <full-stacktrace>
              <![CDATA[java.lang.AssertionError: To Take the Screen Shotat org.testng.Assert.fail(Assert.java:96)at com.webdriver.page.BugCreationStepDfn.bugzilla_the_title_of_login_page_should_be(BugCreationStepDfn.java:58)at ✽.Bugzilla_The title of login page should be "Log in to Bugzilla"(file:///C:/Data/GitHub/SeleniumWebdriverWithCucumber-io/src/main/java/com/webdriver/page/BugCreation.feature:6)]]>
            </full-stacktrace>
          </exception> <!-- java.lang.AssertionError -->
          <reporter-output>
          </reporter-output>
        </test-method> <!-- runScenario -->
        <test-method status="PASS" signature="runScenario(io.cucumber.testng.PickleWrapper, io.cucumber.testng.FeatureWrapper)[pri:0, instance:com.webdriver.runner.GenericRunner@23529fee]" name="runScenario" duration-ms="11170" started-at="2020-07-26T15:38:20Z" description="Runs Cucumber Scenarios" data-provider="scenarios" finished-at="2020-07-26T15:38:31Z">
          <params>
            <param index="0">
              <value>
                <![CDATA["Bug Creation for Test Product"]]>
              </value>
            </param>
            <param index="1">
              <value>
                <![CDATA["Create bug in bugzila application"]]>
              </value>
            </param>
          </params>
          <reporter-output>
          </reporter-output>
        </test-method> <!-- runScenario -->
        <test-method status="PASS" signature="runScenario(io.cucumber.testng.PickleWrapper, io.cucumber.testng.FeatureWrapper)[pri:0, instance:com.webdriver.runner.GenericRunner@23529fee]" name="runScenario" duration-ms="12996" started-at="2020-07-26T15:38:31Z" description="Runs Cucumber Scenarios" data-provider="scenarios" finished-at="2020-07-26T15:38:44Z">
          <params>
            <param index="0">
              <value>
                <![CDATA["Usage of Custom Factory"]]>
              </value>
            </param>
            <param index="1">
              <value>
                <![CDATA["Create bug in bugzila application"]]>
              </value>
            </param>
          </params>
          <reporter-output>
          </reporter-output>
        </test-method> <!-- runScenario -->
        <test-method status="PASS" signature="runScenario(io.cucumber.testng.PickleWrapper, io.cucumber.testng.FeatureWrapper)[pri:0, instance:com.webdriver.runner.GenericRunner@23529fee]" name="runScenario" duration-ms="13267" started-at="2020-07-26T15:38:44Z" description="Runs Cucumber Scenarios" data-provider="scenarios" finished-at="2020-07-26T15:38:57Z">
          <params>
            <param index="0">
              <value>
                <![CDATA["Web driver wait - fixed wait"]]>
              </value>
            </param>
            <param index="1">
              <value>
                <![CDATA["Web driver wait fuction"]]>
              </value>
            </param>
          </params>
          <reporter-output>
          </reporter-output>
        </test-method> <!-- runScenario -->
        <test-method status="FAIL" signature="runScenario(io.cucumber.testng.PickleWrapper, io.cucumber.testng.FeatureWrapper)[pri:0, instance:com.webdriver.runner.GenericRunner@23529fee]" name="runScenario" duration-ms="9491" started-at="2020-07-26T15:38:57Z" description="Runs Cucumber Scenarios" data-provider="scenarios" finished-at="2020-07-26T15:39:06Z">
          <params>
            <param index="0">
              <value>
                <![CDATA["Web driver wait - Implicit wait"]]>
              </value>
            </param>
            <param index="1">
              <value>
                <![CDATA["Web driver wait fuction"]]>
              </value>
            </param>
          </params>
          <exception class="org.openqa.selenium.StaleElementReferenceException">
            <message>
              <![CDATA[stale element reference: element is not attached to the page document  (Session info: chrome=84.0.4147.89)For documentation on this error, please visit: http://seleniumhq.org/exceptions/stale_element_reference.htmlBuild info: version: '3.8.1', revision: '6e95a6684b', time: '2017-12-01T18:33:54.468Z'System info: host: 'L33986WUS', ip: '55.55.55.1', os.name: 'Windows 10', os.arch: 'amd64', os.version: '10.0', java.version: '1.8.0_202'Driver info: org.openqa.selenium.chrome.ChromeDriverCapabilities {acceptInsecureCerts: true, browserName: chrome, browserVersion: 84.0.4147.89, chrome: {chromedriverVersion: 84.0.4147.30 (48b3e868b4cc0..., userDataDir: C:\Users\rathr1\AppData\Loc...}, goog:chromeOptions: {debuggerAddress: localhost:61736}, javascriptEnabled: true, networkConnectionEnabled: false, pageLoadStrategy: normal, platform: WINDOWS, platformName: WINDOWS, proxy: Proxy(), setWindowRect: true, strictFileInteractability: false, timeouts: {implicit: 0, pageLoad: 300000, script: 30000}, unhandledPromptBehavior: dismiss and notify, webauthn:virtualAuthenticators: true}Session ID: 57d7c35ada7d8d00a86d5d82423500a1]]>
            </message>
            <full-stacktrace>
              <![CDATA[org.openqa.selenium.StaleElementReferenceException: stale element reference: element is not attached to the page document  (Session info: chrome=84.0.4147.89)For documentation on this error, please visit: http://seleniumhq.org/exceptions/stale_element_reference.htmlBuild info: version: '3.8.1', revision: '6e95a6684b', time: '2017-12-01T18:33:54.468Z'System info: host: 'L33986WUS', ip: '55.55.55.1', os.name: 'Windows 10', os.arch: 'amd64', os.version: '10.0', java.version: '1.8.0_202'Driver info: org.openqa.selenium.chrome.ChromeDriverCapabilities {acceptInsecureCerts: true, browserName: chrome, browserVersion: 84.0.4147.89, chrome: {chromedriverVersion: 84.0.4147.30 (48b3e868b4cc0..., userDataDir: C:\Users\rathr1\AppData\Loc...}, goog:chromeOptions: {debuggerAddress: localhost:61736}, javascriptEnabled: true, networkConnectionEnabled: false, pageLoadStrategy: normal, platform: WINDOWS, platformName: WINDOWS, proxy: Proxy(), setWindowRect: true, strictFileInteractability: false, timeouts: {implicit: 0, pageLoad: 300000, script: 30000}, unhandledPromptBehavior: dismiss and notify, webauthn:virtualAuthenticators: true}Session ID: 57d7c35ada7d8d00a86d5d82423500a1at sun.reflect.NativeConstructorAccessorImpl.newInstance0(Native Method)at sun.reflect.NativeConstructorAccessorImpl.newInstance(NativeConstructorAccessorImpl.java:62)at sun.reflect.DelegatingConstructorAccessorImpl.newInstance(DelegatingConstructorAccessorImpl.java:45)at java.lang.reflect.Constructor.newInstance(Constructor.java:423)at org.openqa.selenium.remote.http.W3CHttpResponseCodec.createException(W3CHttpResponseCodec.java:187)at org.openqa.selenium.remote.http.W3CHttpResponseCodec.decode(W3CHttpResponseCodec.java:122)at org.openqa.selenium.remote.http.W3CHttpResponseCodec.decode(W3CHttpResponseCodec.java:49)at org.openqa.selenium.remote.HttpCommandExecutor.execute(HttpCommandExecutor.java:164)at org.openqa.selenium.remote.service.DriverCommandExecutor.execute(DriverCommandExecutor.java:83)at org.openqa.selenium.remote.RemoteWebDriver.execute(RemoteWebDriver.java:601)at org.openqa.selenium.remote.RemoteWebElement.execute(RemoteWebElement.java:279)at org.openqa.selenium.remote.RemoteWebElement.sendKeys(RemoteWebElement.java:100)at com.webdriver.helper.TextBoxHelper.setText(TextBoxHelper.java:25)at com.webdriver.wait.WebdriverWaitStepDfn.webdriverwaitfunction_i_send_the_to_the_username_text_box(WebdriverWaitStepDfn.java:79)at ✽.WebdriverWaitFunction_I send the "value" to the username text box(file:///C:/Data/GitHub/SeleniumWebdriverWithCucumber-io/src/main/java/com/webdriver/wait/WebdriverWaitFunction.feature:18)]]>
            </full-stacktrace>
          </exception> <!-- org.openqa.selenium.StaleElementReferenceException -->
          <reporter-output>
          </reporter-output>
        </test-method> <!-- runScenario -->
        <test-method status="FAIL" signature="runScenario(io.cucumber.testng.PickleWrapper, io.cucumber.testng.FeatureWrapper)[pri:0, instance:com.webdriver.runner.GenericRunner@23529fee]" name="runScenario" duration-ms="9667" started-at="2020-07-26T15:39:06Z" description="Runs Cucumber Scenarios" data-provider="scenarios" finished-at="2020-07-26T15:39:16Z">
          <params>
            <param index="0">
              <value>
                <![CDATA["Web driver wait - Dynamic wait"]]>
              </value>
            </param>
            <param index="1">
              <value>
                <![CDATA["Web driver wait fuction"]]>
              </value>
            </param>
          </params>
          <exception class="org.openqa.selenium.StaleElementReferenceException">
            <message>
              <![CDATA[stale element reference: element is not attached to the page document  (Session info: chrome=84.0.4147.89)For documentation on this error, please visit: http://seleniumhq.org/exceptions/stale_element_reference.htmlBuild info: version: '3.8.1', revision: '6e95a6684b', time: '2017-12-01T18:33:54.468Z'System info: host: 'L33986WUS', ip: '55.55.55.1', os.name: 'Windows 10', os.arch: 'amd64', os.version: '10.0', java.version: '1.8.0_202'Driver info: org.openqa.selenium.chrome.ChromeDriverCapabilities {acceptInsecureCerts: true, browserName: chrome, browserVersion: 84.0.4147.89, chrome: {chromedriverVersion: 84.0.4147.30 (48b3e868b4cc0..., userDataDir: C:\Users\rathr1\AppData\Loc...}, goog:chromeOptions: {debuggerAddress: localhost:61779}, javascriptEnabled: true, networkConnectionEnabled: false, pageLoadStrategy: normal, platform: WINDOWS, platformName: WINDOWS, proxy: Proxy(), setWindowRect: true, strictFileInteractability: false, timeouts: {implicit: 0, pageLoad: 300000, script: 30000}, unhandledPromptBehavior: dismiss and notify, webauthn:virtualAuthenticators: true}Session ID: 489e6b0a1b46419b68b0e33dfd0c0b51]]>
            </message>
            <full-stacktrace>
              <![CDATA[org.openqa.selenium.StaleElementReferenceException: stale element reference: element is not attached to the page document  (Session info: chrome=84.0.4147.89)For documentation on this error, please visit: http://seleniumhq.org/exceptions/stale_element_reference.htmlBuild info: version: '3.8.1', revision: '6e95a6684b', time: '2017-12-01T18:33:54.468Z'System info: host: 'L33986WUS', ip: '55.55.55.1', os.name: 'Windows 10', os.arch: 'amd64', os.version: '10.0', java.version: '1.8.0_202'Driver info: org.openqa.selenium.chrome.ChromeDriverCapabilities {acceptInsecureCerts: true, browserName: chrome, browserVersion: 84.0.4147.89, chrome: {chromedriverVersion: 84.0.4147.30 (48b3e868b4cc0..., userDataDir: C:\Users\rathr1\AppData\Loc...}, goog:chromeOptions: {debuggerAddress: localhost:61779}, javascriptEnabled: true, networkConnectionEnabled: false, pageLoadStrategy: normal, platform: WINDOWS, platformName: WINDOWS, proxy: Proxy(), setWindowRect: true, strictFileInteractability: false, timeouts: {implicit: 0, pageLoad: 300000, script: 30000}, unhandledPromptBehavior: dismiss and notify, webauthn:virtualAuthenticators: true}Session ID: 489e6b0a1b46419b68b0e33dfd0c0b51at sun.reflect.NativeConstructorAccessorImpl.newInstance0(Native Method)at sun.reflect.NativeConstructorAccessorImpl.newInstance(NativeConstructorAccessorImpl.java:62)at sun.reflect.DelegatingConstructorAccessorImpl.newInstance(DelegatingConstructorAccessorImpl.java:45)at java.lang.reflect.Constructor.newInstance(Constructor.java:423)at org.openqa.selenium.remote.http.W3CHttpResponseCodec.createException(W3CHttpResponseCodec.java:187)at org.openqa.selenium.remote.http.W3CHttpResponseCodec.decode(W3CHttpResponseCodec.java:122)at org.openqa.selenium.remote.http.W3CHttpResponseCodec.decode(W3CHttpResponseCodec.java:49)at org.openqa.selenium.remote.HttpCommandExecutor.execute(HttpCommandExecutor.java:164)at org.openqa.selenium.remote.service.DriverCommandExecutor.execute(DriverCommandExecutor.java:83)at org.openqa.selenium.remote.RemoteWebDriver.execute(RemoteWebDriver.java:601)at org.openqa.selenium.remote.RemoteWebElement.execute(RemoteWebElement.java:279)at org.openqa.selenium.remote.RemoteWebElement.sendKeys(RemoteWebElement.java:100)at com.webdriver.helper.TextBoxHelper.setText(TextBoxHelper.java:25)at com.webdriver.wait.WebdriverWaitStepDfn.webdriverwaitfunction_i_send_the_to_the_username_text_box(WebdriverWaitStepDfn.java:79)at ✽.WebdriverWaitFunction_I send the "value" to the username text box(file:///C:/Data/GitHub/SeleniumWebdriverWithCucumber-io/src/main/java/com/webdriver/wait/WebdriverWaitFunction.feature:24)]]>
            </full-stacktrace>
          </exception> <!-- org.openqa.selenium.StaleElementReferenceException -->
          <reporter-output>
          </reporter-output>
        </test-method> <!-- runScenario -->
        <test-method status="PASS" signature="runScenario(io.cucumber.testng.PickleWrapper, io.cucumber.testng.FeatureWrapper)[pri:0, instance:com.webdriver.runner.GenericRunner@23529fee]" name="runScenario" duration-ms="5097" started-at="2020-07-26T15:39:16Z" description="Runs Cucumber Scenarios" data-provider="scenarios" finished-at="2020-07-26T15:39:21Z">
          <params>
            <param index="0">
              <value>
                <![CDATA["Webelement Function for single element"]]>
              </value>
            </param>
            <param index="1">
              <value>
                <![CDATA["Web Element Functions"]]>
              </value>
            </param>
          </params>
          <reporter-output>
          </reporter-output>
        </test-method> <!-- runScenario -->
        <test-method status="PASS" signature="runScenario(io.cucumber.testng.PickleWrapper, io.cucumber.testng.FeatureWrapper)[pri:0, instance:com.webdriver.runner.GenericRunner@23529fee]" name="runScenario" duration-ms="5005" started-at="2020-07-26T15:39:21Z" description="Runs Cucumber Scenarios" data-provider="scenarios" finished-at="2020-07-26T15:39:26Z">
          <params>
            <param index="0">
              <value>
                <![CDATA["Webelement Function for multiple elements"]]>
              </value>
            </param>
            <param index="1">
              <value>
                <![CDATA["Web Element Functions"]]>
              </value>
            </param>
          </params>
          <reporter-output>
          </reporter-output>
        </test-method> <!-- runScenario -->
        <test-method status="PASS" signature="runScenario(io.cucumber.testng.PickleWrapper, io.cucumber.testng.FeatureWrapper)[pri:0, instance:com.webdriver.runner.GenericRunner@23529fee]" name="runScenario" duration-ms="5282" started-at="2020-07-26T15:39:26Z" description="Runs Cucumber Scenarios" data-provider="scenarios" finished-at="2020-07-26T15:39:31Z">
          <params>
            <param index="0">
              <value>
                <![CDATA["Working with text box"]]>
              </value>
            </param>
            <param index="1">
              <value>
                <![CDATA["Web Element Functions"]]>
              </value>
            </param>
          </params>
          <reporter-output>
          </reporter-output>
        </test-method> <!-- runScenario -->
        <test-method status="PASS" signature="runScenario(io.cucumber.testng.PickleWrapper, io.cucumber.testng.FeatureWrapper)[pri:0, instance:com.webdriver.runner.GenericRunner@23529fee]" name="runScenario" duration-ms="8810" started-at="2020-07-26T15:39:31Z" description="Runs Cucumber Scenarios" data-provider="scenarios" finished-at="2020-07-26T15:39:40Z">
          <params>
            <param index="0">
              <value>
                <![CDATA["Working with Button,CheckBox Hyperlink and Radio Button"]]>
              </value>
            </param>
            <param index="1">
              <value>
                <![CDATA["Web Element Functions"]]>
              </value>
            </param>
          </params>
          <reporter-output>
          </reporter-output>
        </test-method> <!-- runScenario -->
        <test-method status="PASS" signature="runScenario(io.cucumber.testng.PickleWrapper, io.cucumber.testng.FeatureWrapper)[pri:0, instance:com.webdriver.runner.GenericRunner@23529fee]" name="runScenario" duration-ms="7326" started-at="2020-07-26T15:39:40Z" description="Runs Cucumber Scenarios" data-provider="scenarios" finished-at="2020-07-26T15:39:48Z">
          <params>
            <param index="0">
              <value>
                <![CDATA["Working with drop down - Combo box"]]>
              </value>
            </param>
            <param index="1">
              <value>
                <![CDATA["Web Element Functions"]]>
              </value>
            </param>
          </params>
          <reporter-output>
          </reporter-output>
        </test-method> <!-- runScenario -->
        <test-method status="PASS" signature="tearDownClass()[pri:0, instance:com.webdriver.runner.GenericRunner@23529fee]" name="tearDownClass" is-config="true" duration-ms="338" started-at="2020-07-26T15:39:48Z" finished-at="2020-07-26T15:39:48Z">
          <reporter-output>
          </reporter-output>
        </test-method> <!-- tearDownClass -->
      </class> <!-- com.webdriver.runner.GenericRunner -->
    </test> <!-- Default test -->
  </suite> <!-- Default suite -->
</testng-results>
