<?xml version="1.0" encoding="UTF-8"?>
<testng-results skipped="0" failed="0" ignored="0" total="1" passed="1">
  <reporter-output>
  </reporter-output>
  <suite name="Default suite" duration-ms="150515" started-at="2019-10-11T03:39:14Z" finished-at="2019-10-11T03:41:44Z">
    <groups>
      <group name="cucumber">
        <method signature="AbstractTestNGCucumberTests.runScenario(io.cucumber.testng.PickleEventWrapper, io.cucumber.testng.CucumberFeatureWrapper)[pri:0, instance:com.webdriver.datadriven.DataDrivenRunner@661972b0]" name="runScenario" class="io.cucumber.testng.AbstractTestNGCucumberTests"/>
      </group> <!-- cucumber -->
    </groups>
    <test name="Default test" duration-ms="150515" started-at="2019-10-11T03:39:14Z" finished-at="2019-10-11T03:41:44Z">
      <class name="com.webdriver.datadriven.DataDrivenRunner">
        <test-method status="PASS" signature="setUpClass()[pri:0, instance:com.webdriver.datadriven.DataDrivenRunner@661972b0]" name="setUpClass" is-config="true" duration-ms="138" started-at="2019-10-10T20:39:14Z" finished-at="2019-10-10T20:39:14Z">
          <reporter-output>
          </reporter-output>
        </test-method> <!-- setUpClass -->
        <test-method status="PASS" signature="runScenario(io.cucumber.testng.PickleEventWrapper, io.cucumber.testng.CucumberFeatureWrapper)[pri:0, instance:com.webdriver.datadriven.DataDrivenRunner@661972b0]" name="runScenario" duration-ms="150300" started-at="2019-10-10T20:39:14Z" description="Runs Cucumber Scenarios" data-provider="scenarios" finished-at="2019-10-10T20:41:44Z">
          <params>
            <param index="0">
              <value>
                <![CDATA["Data Driven using Excel file"]]>
              </value>
            </param>
            <param index="1">
              <value>
                <![CDATA["Data Driven Testing"]]>
              </value>
            </param>
          </params>
          <reporter-output>
          </reporter-output>
        </test-method> <!-- runScenario -->
        <test-method status="PASS" signature="tearDownClass()[pri:0, instance:com.webdriver.datadriven.DataDrivenRunner@661972b0]" name="tearDownClass" is-config="true" duration-ms="6" started-at="2019-10-10T20:41:44Z" finished-at="2019-10-10T20:41:44Z">
          <reporter-output>
          </reporter-output>
        </test-method> <!-- tearDownClass -->
      </class> <!-- com.webdriver.datadriven.DataDrivenRunner -->
    </test> <!-- Default test -->
  </suite> <!-- Default suite -->
</testng-results>
