<?xml version="1.0" encoding="UTF-8"?>
<testng-results ignored="0" total="1" passed="1" failed="0" skipped="0">
  <reporter-output>
  </reporter-output>
  <suite started-at="2022-05-17T01:02:32Z" name="Default suite" finished-at="2022-05-17T01:02:38Z" duration-ms="5846">
    <groups>
    </groups>
    <test started-at="2022-05-17T01:02:32Z" name="Default test" finished-at="2022-05-17T01:02:38Z" duration-ms="5846">
      <class name="com.webdriver.questions.staleelement.TestStaleElementException">
        <test-method signature="testStaleElement()[pri:0, instance:com.webdriver.questions.staleelement.TestStaleElementException@28d18df5]" started-at="2022-05-16T18:02:32Z" name="testStaleElement" finished-at="2022-05-16T18:02:38Z" duration-ms="5831" status="PASS">
          <reporter-output>
          </reporter-output>
        </test-method> <!-- testStaleElement -->
      </class> <!-- com.webdriver.questions.staleelement.TestStaleElementException -->
    </test> <!-- Default test -->
  </suite> <!-- Default suite -->
</testng-results>
