<?xml version="1.0" encoding="UTF-8"?>
<testng-results skipped="0" failed="5" ignored="0" total="30" passed="25">
  <reporter-output>
  </reporter-output>
  <suite name="Default suite" duration-ms="735792" started-at="2019-10-13T03:45:26Z" finished-at="2019-10-13T03:57:41Z">
    <groups>
      <group name="cucumber">
        <method signature="CustomAbstractTestNGCucumberTests.runScenario(io.cucumber.testng.PickleEventWrapper, io.cucumber.testng.CucumberFeatureWrapper)[pri:0, instance:com.webdriver.runner.CustomGenericRunner@71809907]" name="runScenario" class="com.webdriver.io.customrunner.CustomAbstractTestNGCucumberTests"/>
      </group> <!-- cucumber -->
    </groups>
    <test name="Default test" duration-ms="735792" started-at="2019-10-13T03:45:26Z" finished-at="2019-10-13T03:57:41Z">
      <class name="com.webdriver.runner.CustomGenericRunner">
        <test-method status="PASS" signature="setUpClass()[pri:0, instance:com.webdriver.runner.CustomGenericRunner@71809907]" name="setUpClass" is-config="true" duration-ms="134" started-at="2019-10-12T20:45:26Z" finished-at="2019-10-12T20:45:26Z">
          <reporter-output>
          </reporter-output>
        </test-method> <!-- setUpClass -->
        <test-method status="PASS" signature="runScenario(io.cucumber.testng.PickleEventWrapper, io.cucumber.testng.CucumberFeatureWrapper)[pri:0, instance:com.webdriver.runner.CustomGenericRunner@71809907]" name="runScenario" duration-ms="16216" started-at="2019-10-12T20:45:26Z" description="Runs Cucumber Scenarios" data-provider="scenarios" finished-at="2019-10-12T20:45:42Z">
          <params>
            <param index="0">
              <value>
                <![CDATA["Handling Alerts"]]>
              </value>
            </param>
            <param index="1">
              <value>
                <![CDATA["Working with Java Script Popup"]]>
              </value>
            </param>
          </params>
          <reporter-output>
          </reporter-output>
        </test-method> <!-- runScenario -->
        <test-method status="PASS" signature="runScenario(io.cucumber.testng.PickleEventWrapper, io.cucumber.testng.CucumberFeatureWrapper)[pri:0, instance:com.webdriver.runner.CustomGenericRunner@71809907]" name="runScenario" duration-ms="14930" started-at="2019-10-12T20:45:42Z" description="Runs Cucumber Scenarios" data-provider="scenarios" finished-at="2019-10-12T20:45:57Z">
          <params>
            <param index="0">
              <value>
                <![CDATA["Working with confirmation popup"]]>
              </value>
            </param>
            <param index="1">
              <value>
                <![CDATA["Working with Java Script Popup"]]>
              </value>
            </param>
          </params>
          <reporter-output>
          </reporter-output>
        </test-method> <!-- runScenario -->
        <test-method status="PASS" signature="runScenario(io.cucumber.testng.PickleEventWrapper, io.cucumber.testng.CucumberFeatureWrapper)[pri:0, instance:com.webdriver.runner.CustomGenericRunner@71809907]" name="runScenario" duration-ms="16069" started-at="2019-10-12T20:45:57Z" description="Runs Cucumber Scenarios" data-provider="scenarios" finished-at="2019-10-12T20:46:13Z">
          <params>
            <param index="0">
              <value>
                <![CDATA["Working with prompt"]]>
              </value>
            </param>
            <param index="1">
              <value>
                <![CDATA["Working with Java Script Popup"]]>
              </value>
            </param>
          </params>
          <reporter-output>
          </reporter-output>
        </test-method> <!-- runScenario -->
        <test-method status="PASS" signature="runScenario(io.cucumber.testng.PickleEventWrapper, io.cucumber.testng.CucumberFeatureWrapper)[pri:0, instance:com.webdriver.runner.CustomGenericRunner@71809907]" name="runScenario" duration-ms="31905" started-at="2019-10-12T20:46:13Z" description="Runs Cucumber Scenarios" data-provider="scenarios" finished-at="2019-10-12T20:46:45Z">
          <params>
            <param index="0">
              <value>
                <![CDATA["Working with Bootstrap popup"]]>
              </value>
            </param>
            <param index="1">
              <value>
                <![CDATA["Working with Java Script Popup"]]>
              </value>
            </param>
          </params>
          <reporter-output>
          </reporter-output>
        </test-method> <!-- runScenario -->
        <test-method status="PASS" signature="runScenario(io.cucumber.testng.PickleEventWrapper, io.cucumber.testng.CucumberFeatureWrapper)[pri:0, instance:com.webdriver.runner.CustomGenericRunner@71809907]" name="runScenario" duration-ms="7347" started-at="2019-10-12T20:46:45Z" description="Runs Cucumber Scenarios" data-provider="scenarios" finished-at="2019-10-12T20:46:52Z">
          <params>
            <param index="0">
              <value>
                <![CDATA["Browser Function"]]>
              </value>
            </param>
            <param index="1">
              <value>
                <![CDATA["Browser Function"]]>
              </value>
            </param>
          </params>
          <reporter-output>
          </reporter-output>
        </test-method> <!-- runScenario -->
        <test-method status="PASS" signature="runScenario(io.cucumber.testng.PickleEventWrapper, io.cucumber.testng.CucumberFeatureWrapper)[pri:0, instance:com.webdriver.runner.CustomGenericRunner@71809907]" name="runScenario" duration-ms="9337" started-at="2019-10-12T20:46:52Z" description="Runs Cucumber Scenarios" data-provider="scenarios" finished-at="2019-10-12T20:47:02Z">
          <params>
            <param index="0">
              <value>
                <![CDATA["Browser Function Open Webpage"]]>
              </value>
            </param>
            <param index="1">
              <value>
                <![CDATA["Browser Function"]]>
              </value>
            </param>
          </params>
          <reporter-output>
          </reporter-output>
        </test-method> <!-- runScenario -->
        <test-method status="PASS" signature="runScenario(io.cucumber.testng.PickleEventWrapper, io.cucumber.testng.CucumberFeatureWrapper)[pri:0, instance:com.webdriver.runner.CustomGenericRunner@71809907]" name="runScenario" duration-ms="13170" started-at="2019-10-12T20:47:02Z" description="Runs Cucumber Scenarios" data-provider="scenarios" finished-at="2019-10-12T20:47:15Z">
          <params>
            <param index="0">
              <value>
                <![CDATA["Browser Function Back, Forward and Refresh"]]>
              </value>
            </param>
            <param index="1">
              <value>
                <![CDATA["Browser Function"]]>
              </value>
            </param>
          </params>
          <reporter-output>
          </reporter-output>
        </test-method> <!-- runScenario -->
        <test-method status="PASS" signature="runScenario(io.cucumber.testng.PickleEventWrapper, io.cucumber.testng.CucumberFeatureWrapper)[pri:0, instance:com.webdriver.runner.CustomGenericRunner@71809907]" name="runScenario" duration-ms="9316" started-at="2019-10-12T20:47:15Z" description="Runs Cucumber Scenarios" data-provider="scenarios" finished-at="2019-10-12T20:47:24Z">
          <params>
            <param index="0">
              <value>
                <![CDATA["Browser Function Maximize browse window while launching"]]>
              </value>
            </param>
            <param index="1">
              <value>
                <![CDATA["Browser Function"]]>
              </value>
            </param>
          </params>
          <reporter-output>
          </reporter-output>
        </test-method> <!-- runScenario -->
        <test-method status="PASS" signature="runScenario(io.cucumber.testng.PickleEventWrapper, io.cucumber.testng.CucumberFeatureWrapper)[pri:0, instance:com.webdriver.runner.CustomGenericRunner@71809907]" name="runScenario" duration-ms="18958" started-at="2019-10-12T20:47:24Z" description="Runs Cucumber Scenarios" data-provider="scenarios" finished-at="2019-10-12T20:47:43Z">
          <params>
            <param index="0">
              <value>
                <![CDATA["Working with context click"]]>
              </value>
            </param>
            <param index="1">
              <value>
                <![CDATA["Working with Mouse and Keyboard actions"]]>
              </value>
            </param>
          </params>
          <reporter-output>
          </reporter-output>
        </test-method> <!-- runScenario -->
        <test-method status="PASS" signature="runScenario(io.cucumber.testng.PickleEventWrapper, io.cucumber.testng.CucumberFeatureWrapper)[pri:0, instance:com.webdriver.runner.CustomGenericRunner@71809907]" name="runScenario" duration-ms="9316" started-at="2019-10-12T20:47:43Z" description="Runs Cucumber Scenarios" data-provider="scenarios" finished-at="2019-10-12T20:47:53Z">
          <params>
            <param index="0">
              <value>
                <![CDATA["Working with drang and drop action"]]>
              </value>
            </param>
            <param index="1">
              <value>
                <![CDATA["Working with Mouse and Keyboard actions"]]>
              </value>
            </param>
          </params>
          <reporter-output>
          </reporter-output>
        </test-method> <!-- runScenario -->
        <test-method status="PASS" signature="runScenario(io.cucumber.testng.PickleEventWrapper, io.cucumber.testng.CucumberFeatureWrapper)[pri:0, instance:com.webdriver.runner.CustomGenericRunner@71809907]" name="runScenario" duration-ms="7767" started-at="2019-10-12T20:47:53Z" description="Runs Cucumber Scenarios" data-provider="scenarios" finished-at="2019-10-12T20:48:00Z">
          <params>
            <param index="0">
              <value>
                <![CDATA["Working with click and hold action"]]>
              </value>
            </param>
            <param index="1">
              <value>
                <![CDATA["Working with Mouse and Keyboard actions"]]>
              </value>
            </param>
          </params>
          <reporter-output>
          </reporter-output>
        </test-method> <!-- runScenario -->
        <test-method status="PASS" signature="runScenario(io.cucumber.testng.PickleEventWrapper, io.cucumber.testng.CucumberFeatureWrapper)[pri:0, instance:com.webdriver.runner.CustomGenericRunner@71809907]" name="runScenario" duration-ms="8014" started-at="2019-10-12T20:48:00Z" description="Runs Cucumber Scenarios" data-provider="scenarios" finished-at="2019-10-12T20:48:08Z">
          <params>
            <param index="0">
              <value>
                <![CDATA["Working with Keyboard action"]]>
              </value>
            </param>
            <param index="1">
              <value>
                <![CDATA["Working with Mouse and Keyboard actions"]]>
              </value>
            </param>
          </params>
          <reporter-output>
          </reporter-output>
        </test-method> <!-- runScenario -->
        <test-method status="PASS" signature="runScenario(io.cucumber.testng.PickleEventWrapper, io.cucumber.testng.CucumberFeatureWrapper)[pri:0, instance:com.webdriver.runner.CustomGenericRunner@71809907]" name="runScenario" duration-ms="29487" started-at="2019-10-12T20:48:08Z" description="Runs Cucumber Scenarios" data-provider="scenarios" finished-at="2019-10-12T20:48:38Z">
          <params>
            <param index="0">
              <value>
                <![CDATA["Data Driven using Data Table"]]>
              </value>
            </param>
            <param index="1">
              <value>
                <![CDATA["Data Driven Testing"]]>
              </value>
            </param>
          </params>
          <reporter-output>
          </reporter-output>
        </test-method> <!-- runScenario -->
        <test-method status="PASS" signature="runScenario(io.cucumber.testng.PickleEventWrapper, io.cucumber.testng.CucumberFeatureWrapper)[pri:0, instance:com.webdriver.runner.CustomGenericRunner@71809907]" name="runScenario" duration-ms="26925" started-at="2019-10-12T20:48:38Z" description="Runs Cucumber Scenarios" data-provider="scenarios" finished-at="2019-10-12T20:49:05Z">
          <params>
            <param index="0">
              <value>
                <![CDATA["Data Driven using Excel file"]]>
              </value>
            </param>
            <param index="1">
              <value>
                <![CDATA["Data Driven Testing"]]>
              </value>
            </param>
          </params>
          <reporter-output>
          </reporter-output>
        </test-method> <!-- runScenario -->
        <test-method status="FAIL" signature="runScenario(io.cucumber.testng.PickleEventWrapper, io.cucumber.testng.CucumberFeatureWrapper)[pri:0, instance:com.webdriver.runner.CustomGenericRunner@71809907]" name="runScenario" duration-ms="199727" started-at="2019-10-12T20:49:05Z" description="Runs Cucumber Scenarios" data-provider="scenarios" finished-at="2019-10-12T20:52:24Z">
          <params>
            <param index="0">
              <value>
                <![CDATA["Data Driven using scenario outline"]]>
              </value>
            </param>
            <param index="1">
              <value>
                <![CDATA["Data Driven Testing"]]>
              </value>
            </param>
          </params>
          <exception class="org.openqa.selenium.TimeoutException">
            <message>
              <![CDATA[Expected condition failed: waiting for element to be clickable: Proxy element for: DefaultElementLocator 'By.id: log_in' (tried for 60 second(s) with 250 MILLISECONDS interval)]]>
            </message>
            <full-stacktrace>
              <![CDATA[org.openqa.selenium.TimeoutException: Expected condition failed: waiting for element to be clickable: Proxy element for: DefaultElementLocator 'By.id: log_in' (tried for 60 second(s) with 250 MILLISECONDS interval)at org.openqa.selenium.support.ui.WebDriverWait.timeoutException(WebDriverWait.java:82)at org.openqa.selenium.support.ui.FluentWait.until(FluentWait.java:231)at com.webdriver.page.HomePageClass.navigateToLoginPage(HomePageClass.java:42)at com.webdriver.datadriven.DataDrivenStepDfn.datadriven_i_click_on_File_a_bug_link_and_navigate_to_login_page(DataDrivenStepDfn.java:42)at ✽.DataDriven_I click on File a bug link and navigate to login page(file:src/main/java/com/webdriver/datadriven/DataDriven.feature:33)Caused by: org.openqa.selenium.NoSuchElementException: no such element: Unable to locate element: {"method":"id","selector":"log_in"}  (Session info: chrome=77.0.3865.75)  (Driver info: chromedriver=2.35.528161 (5b82f2d2aae0ca24b877009200ced9065a772e73),platform=Windows NT 10.0.17763 x86_64) (WARNING: The server did not provide any stacktrace information)Command duration or timeout: 0 millisecondsFor documentation on this error, please visit: http://seleniumhq.org/exceptions/no_such_element.htmlBuild info: version: '3.8.1', revision: '6e95a6684b', time: '2017-12-01T18:33:54.468Z'System info: host: 'L33986WUS', ip: '55.55.55.1', os.name: 'Windows 10', os.arch: 'amd64', os.version: '10.0', java.version: '1.8.0_202'Driver info: org.openqa.selenium.chrome.ChromeDriverCapabilities {acceptInsecureCerts: true, acceptSslCerts: true, applicationCacheEnabled: false, browserConnectionEnabled: false, browserName: chrome, chrome: {chromedriverVersion: 2.35.528161 (5b82f2d2aae0ca..., userDataDir: C:\Users\rathr1\AppData\Loc...}, cssSelectorsEnabled: true, databaseEnabled: false, handlesAlerts: true, hasTouchScreen: false, javascriptEnabled: true, locationContextEnabled: true, mobileEmulationEnabled: false, nativeEvents: true, networkConnectionEnabled: false, pageLoadStrategy: normal, platform: XP, platformName: XP, rotatable: false, setWindowRect: true, takesHeapSnapshot: true, takesScreenshot: true, unexpectedAlertBehaviour: , unhandledPromptBehavior: , version: 77.0.3865.75, webStorageEnabled: true}Session ID: 4471731d4cd2c410dee478ab3fead81f*** Element info: {Using=id, value=log_in}at sun.reflect.GeneratedConstructorAccessor25.newInstance(Unknown Source)at sun.reflect.DelegatingConstructorAccessorImpl.newInstance(DelegatingConstructorAccessorImpl.java:45)at java.lang.reflect.Constructor.newInstance(Constructor.java:423)at org.openqa.selenium.remote.ErrorHandler.createThrowable(ErrorHandler.java:214)at org.openqa.selenium.remote.ErrorHandler.throwIfResponseFailed(ErrorHandler.java:166)at org.openqa.selenium.remote.http.JsonHttpResponseCodec.reconstructValue(JsonHttpResponseCodec.java:40)at org.openqa.selenium.remote.http.AbstractHttpResponseCodec.decode(AbstractHttpResponseCodec.java:80)at org.openqa.selenium.remote.http.AbstractHttpResponseCodec.decode(AbstractHttpResponseCodec.java:44)at org.openqa.selenium.remote.HttpCommandExecutor.execute(HttpCommandExecutor.java:164)at org.openqa.selenium.remote.service.DriverCommandExecutor.execute(DriverCommandExecutor.java:83)at org.openqa.selenium.remote.RemoteWebDriver.execute(RemoteWebDriver.java:601)at org.openqa.selenium.remote.RemoteWebDriver.findElement(RemoteWebDriver.java:371)at org.openqa.selenium.remote.RemoteWebDriver.findElementById(RemoteWebDriver.java:417)at org.openqa.selenium.By$ById.findElement(By.java:218)at org.openqa.selenium.remote.RemoteWebDriver.findElement(RemoteWebDriver.java:363)at org.openqa.selenium.support.pagefactory.DefaultElementLocator.findElement(DefaultElementLocator.java:69)at org.openqa.selenium.support.pagefactory.internal.LocatingElementHandler.invoke(LocatingElementHandler.java:38)at com.sun.proxy.$Proxy22.isDisplayed(Unknown Source)at org.openqa.selenium.support.ui.ExpectedConditions.elementIfVisible(ExpectedConditions.java:301)at org.openqa.selenium.support.ui.ExpectedConditions.access$100(ExpectedConditions.java:43)at org.openqa.selenium.support.ui.ExpectedConditions$10.apply(ExpectedConditions.java:287)at org.openqa.selenium.support.ui.ExpectedConditions$10.apply(ExpectedConditions.java:284)at org.openqa.selenium.support.ui.ExpectedConditions$23.apply(ExpectedConditions.java:672)at org.openqa.selenium.support.ui.ExpectedConditions$23.apply(ExpectedConditions.java:668)at org.openqa.selenium.support.ui.FluentWait.until(FluentWait.java:208)at com.webdriver.page.HomePageClass.navigateToLoginPage(HomePageClass.java:42)at com.webdriver.datadriven.DataDrivenStepDfn.datadriven_i_click_on_File_a_bug_link_and_navigate_to_login_page(DataDrivenStepDfn.java:42)at sun.reflect.NativeMethodAccessorImpl.invoke0(Native Method)at sun.reflect.NativeMethodAccessorImpl.invoke(NativeMethodAccessorImpl.java:62)at sun.reflect.DelegatingMethodAccessorImpl.invoke(DelegatingMethodAccessorImpl.java:43)at java.lang.reflect.Method.invoke(Method.java:498)at cucumber.runtime.Utils$1.call(Utils.java:26)at cucumber.runtime.Timeout.timeout(Timeout.java:16)at cucumber.runtime.Utils.invoke(Utils.java:20)at cucumber.runtime.java.JavaStepDefinition.execute(JavaStepDefinition.java:57)at cucumber.runner.PickleStepDefinitionMatch.runStep(PickleStepDefinitionMatch.java:50)at cucumber.runner.TestStep.executeStep(TestStep.java:65)at cucumber.runner.TestStep.run(TestStep.java:50)at cucumber.runner.PickleStepTestStep.run(PickleStepTestStep.java:43)at cucumber.runner.TestCase.run(TestCase.java:46)at cucumber.runner.Runner.runPickle(Runner.java:50)at io.cucumber.testng.TestNGCucumberRunner.runScenario(TestNGCucumberRunner.java:79)at com.webdriver.io.customrunner.CustomAbstractTestNGCucumberTests.runScenario(CustomAbstractTestNGCucumberTests.java:32)at sun.reflect.NativeMethodAccessorImpl.invoke0(Native Method)at sun.reflect.NativeMethodAccessorImpl.invoke(NativeMethodAccessorImpl.java:62)at sun.reflect.DelegatingMethodAccessorImpl.invoke(DelegatingMethodAccessorImpl.java:43)at java.lang.reflect.Method.invoke(Method.java:498)at org.testng.internal.MethodInvocationHelper.invokeMethod(MethodInvocationHelper.java:124)at org.testng.internal.Invoker.invokeMethod(Invoker.java:571)at org.testng.internal.Invoker.invokeTestMethod(Invoker.java:707)at org.testng.internal.Invoker.invokeTestMethods(Invoker.java:979)at org.testng.internal.TestMethodWorker.invokeTestMethods(TestMethodWorker.java:125)at org.testng.internal.TestMethodWorker.run(TestMethodWorker.java:109)at org.testng.TestRunner.privateRun(TestRunner.java:648)at org.testng.TestRunner.run(TestRunner.java:505)at org.testng.SuiteRunner.runTest(SuiteRunner.java:455)at org.testng.SuiteRunner.runSequentially(SuiteRunner.java:450)at org.testng.SuiteRunner.privateRun(SuiteRunner.java:415)at org.testng.SuiteRunner.run(SuiteRunner.java:364)at org.testng.SuiteRunnerWorker.runSuite(SuiteRunnerWorker.java:52)at org.testng.SuiteRunnerWorker.run(SuiteRunnerWorker.java:84)at org.testng.TestNG.runSuitesSequentially(TestNG.java:1187)at org.testng.TestNG.runSuitesLocally(TestNG.java:1116)at org.testng.TestNG.runSuites(TestNG.java:1028)at org.testng.TestNG.run(TestNG.java:996)at org.testng.remote.AbstractRemoteTestNG.run(AbstractRemoteTestNG.java:114)at org.testng.remote.RemoteTestNG.initAndRun(RemoteTestNG.java:251)at org.testng.remote.RemoteTestNG.main(RemoteTestNG.java:77)]]>
            </full-stacktrace>
          </exception> <!-- org.openqa.selenium.TimeoutException -->
          <reporter-output>
          </reporter-output>
        </test-method> <!-- runScenario -->
        <test-method status="PASS" signature="runScenario(io.cucumber.testng.PickleEventWrapper, io.cucumber.testng.CucumberFeatureWrapper)[pri:0, instance:com.webdriver.runner.CustomGenericRunner@71809907]" name="runScenario" duration-ms="26005" started-at="2019-10-12T20:52:24Z" description="Runs Cucumber Scenarios" data-provider="scenarios" finished-at="2019-10-12T20:52:50Z">
          <params>
            <param index="0">
              <value>
                <![CDATA["Data Driven using scenario outline"]]>
              </value>
            </param>
            <param index="1">
              <value>
                <![CDATA["Data Driven Testing"]]>
              </value>
            </param>
          </params>
          <reporter-output>
          </reporter-output>
        </test-method> <!-- runScenario -->
        <test-method status="PASS" signature="runScenario(io.cucumber.testng.PickleEventWrapper, io.cucumber.testng.CucumberFeatureWrapper)[pri:0, instance:com.webdriver.runner.CustomGenericRunner@71809907]" name="runScenario" duration-ms="25428" started-at="2019-10-12T20:52:50Z" description="Runs Cucumber Scenarios" data-provider="scenarios" finished-at="2019-10-12T20:53:16Z">
          <params>
            <param index="0">
              <value>
                <![CDATA["Data Driven using scenario outline"]]>
              </value>
            </param>
            <param index="1">
              <value>
                <![CDATA["Data Driven Testing"]]>
              </value>
            </param>
          </params>
          <reporter-output>
          </reporter-output>
        </test-method> <!-- runScenario -->
        <test-method status="PASS" signature="runScenario(io.cucumber.testng.PickleEventWrapper, io.cucumber.testng.CucumberFeatureWrapper)[pri:0, instance:com.webdriver.runner.CustomGenericRunner@71809907]" name="runScenario" duration-ms="15556" started-at="2019-10-12T20:53:16Z" description="Runs Cucumber Scenarios" data-provider="scenarios" finished-at="2019-10-12T20:53:31Z">
          <params>
            <param index="0">
              <value>
                <![CDATA["Click on the element presetn in Iframe"]]>
              </value>
            </param>
            <param index="1">
              <value>
                <![CDATA["Working with Iframe"]]>
              </value>
            </param>
          </params>
          <reporter-output>
          </reporter-output>
        </test-method> <!-- runScenario -->
        <test-method status="PASS" signature="runScenario(io.cucumber.testng.PickleEventWrapper, io.cucumber.testng.CucumberFeatureWrapper)[pri:0, instance:com.webdriver.runner.CustomGenericRunner@71809907]" name="runScenario" duration-ms="20298" started-at="2019-10-12T20:53:31Z" description="Runs Cucumber Scenarios" data-provider="scenarios" finished-at="2019-10-12T20:53:52Z">
          <params>
            <param index="0">
              <value>
                <![CDATA["Working with MultipleWindow"]]>
              </value>
            </param>
            <param index="1">
              <value>
                <![CDATA["Working with Iframe"]]>
              </value>
            </param>
          </params>
          <reporter-output>
          </reporter-output>
        </test-method> <!-- runScenario -->
        <test-method status="FAIL" signature="runScenario(io.cucumber.testng.PickleEventWrapper, io.cucumber.testng.CucumberFeatureWrapper)[pri:0, instance:com.webdriver.runner.CustomGenericRunner@71809907]" name="runScenario" duration-ms="10057" started-at="2019-10-12T20:53:52Z" description="Runs Cucumber Scenarios" data-provider="scenarios" finished-at="2019-10-12T20:54:02Z">
          <params>
            <param index="0">
              <value>
                <![CDATA["Bug Creation"]]>
              </value>
            </param>
            <param index="1">
              <value>
                <![CDATA["Create bug in bugzila application"]]>
              </value>
            </param>
          </params>
          <exception class="java.lang.AssertionError">
            <message>
              <![CDATA[To Take the Screen Shot]]>
            </message>
            <full-stacktrace>
              <![CDATA[java.lang.AssertionError: To Take the Screen Shotat org.testng.Assert.fail(Assert.java:96)at com.webdriver.page.BugCreationStepDfn.bugzilla_the_title_of_login_page_should_be(BugCreationStepDfn.java:58)at ✽.Bugzilla_The title of login page should be "Log in to Bugzilla"(file:src/main/java/com/webdriver/page/BugCreation.feature:6)]]>
            </full-stacktrace>
          </exception> <!-- java.lang.AssertionError -->
          <reporter-output>
          </reporter-output>
        </test-method> <!-- runScenario -->
        <test-method status="PASS" signature="runScenario(io.cucumber.testng.PickleEventWrapper, io.cucumber.testng.CucumberFeatureWrapper)[pri:0, instance:com.webdriver.runner.CustomGenericRunner@71809907]" name="runScenario" duration-ms="29406" started-at="2019-10-12T20:54:02Z" description="Runs Cucumber Scenarios" data-provider="scenarios" finished-at="2019-10-12T20:54:31Z">
          <params>
            <param index="0">
              <value>
                <![CDATA["Bug Creation for Test Product"]]>
              </value>
            </param>
            <param index="1">
              <value>
                <![CDATA["Create bug in bugzila application"]]>
              </value>
            </param>
          </params>
          <reporter-output>
          </reporter-output>
        </test-method> <!-- runScenario -->
        <test-method status="PASS" signature="runScenario(io.cucumber.testng.PickleEventWrapper, io.cucumber.testng.CucumberFeatureWrapper)[pri:0, instance:com.webdriver.runner.CustomGenericRunner@71809907]" name="runScenario" duration-ms="36986" started-at="2019-10-12T20:54:31Z" description="Runs Cucumber Scenarios" data-provider="scenarios" finished-at="2019-10-12T20:55:08Z">
          <params>
            <param index="0">
              <value>
                <![CDATA["Usage of Custom Factory"]]>
              </value>
            </param>
            <param index="1">
              <value>
                <![CDATA["Create bug in bugzila application"]]>
              </value>
            </param>
          </params>
          <reporter-output>
          </reporter-output>
        </test-method> <!-- runScenario -->
        <test-method status="PASS" signature="runScenario(io.cucumber.testng.PickleEventWrapper, io.cucumber.testng.CucumberFeatureWrapper)[pri:0, instance:com.webdriver.runner.CustomGenericRunner@71809907]" name="runScenario" duration-ms="18359" started-at="2019-10-12T20:55:08Z" description="Runs Cucumber Scenarios" data-provider="scenarios" finished-at="2019-10-12T20:55:27Z">
          <params>
            <param index="0">
              <value>
                <![CDATA["Web driver wait - fixed wait"]]>
              </value>
            </param>
            <param index="1">
              <value>
                <![CDATA["Web driver wait fuction"]]>
              </value>
            </param>
          </params>
          <reporter-output>
          </reporter-output>
        </test-method> <!-- runScenario -->
        <test-method status="PASS" signature="runScenario(io.cucumber.testng.PickleEventWrapper, io.cucumber.testng.CucumberFeatureWrapper)[pri:0, instance:com.webdriver.runner.CustomGenericRunner@71809907]" name="runScenario" duration-ms="15761" started-at="2019-10-12T20:55:27Z" description="Runs Cucumber Scenarios" data-provider="scenarios" finished-at="2019-10-12T20:55:42Z">
          <params>
            <param index="0">
              <value>
                <![CDATA["Web driver wait - Implicit wait"]]>
              </value>
            </param>
            <param index="1">
              <value>
                <![CDATA["Web driver wait fuction"]]>
              </value>
            </param>
          </params>
          <reporter-output>
          </reporter-output>
        </test-method> <!-- runScenario -->
        <test-method status="FAIL" signature="runScenario(io.cucumber.testng.PickleEventWrapper, io.cucumber.testng.CucumberFeatureWrapper)[pri:0, instance:com.webdriver.runner.CustomGenericRunner@71809907]" name="runScenario" duration-ms="71883" started-at="2019-10-12T20:55:42Z" description="Runs Cucumber Scenarios" data-provider="scenarios" finished-at="2019-10-12T20:56:54Z">
          <params>
            <param index="0">
              <value>
                <![CDATA["Web driver wait - Dynamic wait"]]>
              </value>
            </param>
            <param index="1">
              <value>
                <![CDATA["Web driver wait fuction"]]>
              </value>
            </param>
          </params>
          <exception class="org.openqa.selenium.TimeoutException">
            <message>
              <![CDATA[Expected condition failed: waiting for com.webdriver.wait.WebdriverWaitStepDfn$3@bb3ecfe (tried for 60 second(s) with 250 MILLISECONDS interval)Build info: version: '3.8.1', revision: '6e95a6684b', time: '2017-12-01T18:33:54.468Z'System info: host: 'L33986WUS', ip: '55.55.55.1', os.name: 'Windows 10', os.arch: 'amd64', os.version: '10.0', java.version: '1.8.0_202'Driver info: org.openqa.selenium.chrome.ChromeDriverCapabilities {acceptInsecureCerts: true, acceptSslCerts: true, applicationCacheEnabled: false, browserConnectionEnabled: false, browserName: chrome, chrome: {chromedriverVersion: 2.35.528161 (5b82f2d2aae0ca..., userDataDir: C:\Users\rathr1\AppData\Loc...}, cssSelectorsEnabled: true, databaseEnabled: false, handlesAlerts: true, hasTouchScreen: false, javascriptEnabled: true, locationContextEnabled: true, mobileEmulationEnabled: false, nativeEvents: true, networkConnectionEnabled: false, pageLoadStrategy: normal, platform: XP, platformName: XP, rotatable: false, setWindowRect: true, takesHeapSnapshot: true, takesScreenshot: true, unexpectedAlertBehaviour: , unhandledPromptBehavior: , version: 77.0.3865.75, webStorageEnabled: true}Session ID: f7b9d3874141d3fa068a7f3bf6b7069f]]>
            </message>
            <full-stacktrace>
              <![CDATA[org.openqa.selenium.TimeoutException: Expected condition failed: waiting for com.webdriver.wait.WebdriverWaitStepDfn$3@bb3ecfe (tried for 60 second(s) with 250 MILLISECONDS interval)Build info: version: '3.8.1', revision: '6e95a6684b', time: '2017-12-01T18:33:54.468Z'System info: host: 'L33986WUS', ip: '55.55.55.1', os.name: 'Windows 10', os.arch: 'amd64', os.version: '10.0', java.version: '1.8.0_202'Driver info: org.openqa.selenium.chrome.ChromeDriverCapabilities {acceptInsecureCerts: true, acceptSslCerts: true, applicationCacheEnabled: false, browserConnectionEnabled: false, browserName: chrome, chrome: {chromedriverVersion: 2.35.528161 (5b82f2d2aae0ca..., userDataDir: C:\Users\rathr1\AppData\Loc...}, cssSelectorsEnabled: true, databaseEnabled: false, handlesAlerts: true, hasTouchScreen: false, javascriptEnabled: true, locationContextEnabled: true, mobileEmulationEnabled: false, nativeEvents: true, networkConnectionEnabled: false, pageLoadStrategy: normal, platform: XP, platformName: XP, rotatable: false, setWindowRect: true, takesHeapSnapshot: true, takesScreenshot: true, unexpectedAlertBehaviour: , unhandledPromptBehavior: , version: 77.0.3865.75, webStorageEnabled: true}Session ID: f7b9d3874141d3fa068a7f3bf6b7069fat org.openqa.selenium.support.ui.WebDriverWait.timeoutException(WebDriverWait.java:82)at org.openqa.selenium.support.ui.FluentWait.until(FluentWait.java:231)at com.webdriver.wait.WebdriverWaitStepDfn.webdriverwaitfunction_i_provide_the_dynamic_wait_with_polling_duration_as_ms_and_timeout_duration_as_sec(WebdriverWaitStepDfn.java:73)at ✽.WebdriverWaitFunction_I provide the dynamic wait with polling duration as 250 ms and timeout duration as 60 sec(file:src/main/java/com/webdriver/wait/WebdriverWaitFunction.feature:22)]]>
            </full-stacktrace>
          </exception> <!-- org.openqa.selenium.TimeoutException -->
          <reporter-output>
          </reporter-output>
        </test-method> <!-- runScenario -->
        <test-method status="PASS" signature="runScenario(io.cucumber.testng.PickleEventWrapper, io.cucumber.testng.CucumberFeatureWrapper)[pri:0, instance:com.webdriver.runner.CustomGenericRunner@71809907]" name="runScenario" duration-ms="9691" started-at="2019-10-12T20:56:54Z" description="Runs Cucumber Scenarios" data-provider="scenarios" finished-at="2019-10-12T20:57:04Z">
          <params>
            <param index="0">
              <value>
                <![CDATA["Webelement Function for single element"]]>
              </value>
            </param>
            <param index="1">
              <value>
                <![CDATA["Web Element Functions"]]>
              </value>
            </param>
          </params>
          <reporter-output>
          </reporter-output>
        </test-method> <!-- runScenario -->
        <test-method status="PASS" signature="runScenario(io.cucumber.testng.PickleEventWrapper, io.cucumber.testng.CucumberFeatureWrapper)[pri:0, instance:com.webdriver.runner.CustomGenericRunner@71809907]" name="runScenario" duration-ms="7885" started-at="2019-10-12T20:57:04Z" description="Runs Cucumber Scenarios" data-provider="scenarios" finished-at="2019-10-12T20:57:12Z">
          <params>
            <param index="0">
              <value>
                <![CDATA["Webelement Function for multiple elements"]]>
              </value>
            </param>
            <param index="1">
              <value>
                <![CDATA["Web Element Functions"]]>
              </value>
            </param>
          </params>
          <reporter-output>
          </reporter-output>
        </test-method> <!-- runScenario -->
        <test-method status="PASS" signature="runScenario(io.cucumber.testng.PickleEventWrapper, io.cucumber.testng.CucumberFeatureWrapper)[pri:0, instance:com.webdriver.runner.CustomGenericRunner@71809907]" name="runScenario" duration-ms="9419" started-at="2019-10-12T20:57:12Z" description="Runs Cucumber Scenarios" data-provider="scenarios" finished-at="2019-10-12T20:57:21Z">
          <params>
            <param index="0">
              <value>
                <![CDATA["Working with text box"]]>
              </value>
            </param>
            <param index="1">
              <value>
                <![CDATA["Web Element Functions"]]>
              </value>
            </param>
          </params>
          <reporter-output>
          </reporter-output>
        </test-method> <!-- runScenario -->
        <test-method status="FAIL" signature="runScenario(io.cucumber.testng.PickleEventWrapper, io.cucumber.testng.CucumberFeatureWrapper)[pri:0, instance:com.webdriver.runner.CustomGenericRunner@71809907]" name="runScenario" duration-ms="10663" started-at="2019-10-12T20:57:21Z" description="Runs Cucumber Scenarios" data-provider="scenarios" finished-at="2019-10-12T20:57:32Z">
          <params>
            <param index="0">
              <value>
                <![CDATA["Working with Button,CheckBox Hyperlink and Radio Button"]]>
              </value>
            </param>
            <param index="1">
              <value>
                <![CDATA["Web Element Functions"]]>
              </value>
            </param>
          </params>
          <exception class="org.openqa.selenium.NoSuchElementException">
            <message>
              <![CDATA[no such element: Unable to locate element: {"method":"link text","selector":"Create a Page"}  (Session info: chrome=77.0.3865.75)  (Driver info: chromedriver=2.35.528161 (5b82f2d2aae0ca24b877009200ced9065a772e73),platform=Windows NT 10.0.17763 x86_64) (WARNING: The server did not provide any stacktrace information)Command duration or timeout: 0 millisecondsFor documentation on this error, please visit: http://seleniumhq.org/exceptions/no_such_element.htmlBuild info: version: '3.8.1', revision: '6e95a6684b', time: '2017-12-01T18:33:54.468Z'System info: host: 'L33986WUS', ip: '55.55.55.1', os.name: 'Windows 10', os.arch: 'amd64', os.version: '10.0', java.version: '1.8.0_202'Driver info: org.openqa.selenium.chrome.ChromeDriverCapabilities {acceptInsecureCerts: true, acceptSslCerts: true, applicationCacheEnabled: false, browserConnectionEnabled: false, browserName: chrome, chrome: {chromedriverVersion: 2.35.528161 (5b82f2d2aae0ca..., userDataDir: C:\Users\rathr1\AppData\Loc...}, cssSelectorsEnabled: true, databaseEnabled: false, handlesAlerts: true, hasTouchScreen: false, javascriptEnabled: true, locationContextEnabled: true, mobileEmulationEnabled: false, nativeEvents: true, networkConnectionEnabled: false, pageLoadStrategy: normal, platform: XP, platformName: XP, rotatable: false, setWindowRect: true, takesHeapSnapshot: true, takesScreenshot: true, unexpectedAlertBehaviour: , unhandledPromptBehavior: , version: 77.0.3865.75, webStorageEnabled: true}Session ID: 61f1e5842df6a2356fab266bbe726b89*** Element info: {Using=link text, value=Create a Page}]]>
            </message>
            <full-stacktrace>
              <![CDATA[org.openqa.selenium.NoSuchElementException: no such element: Unable to locate element: {"method":"link text","selector":"Create a Page"}  (Session info: chrome=77.0.3865.75)  (Driver info: chromedriver=2.35.528161 (5b82f2d2aae0ca24b877009200ced9065a772e73),platform=Windows NT 10.0.17763 x86_64) (WARNING: The server did not provide any stacktrace information)Command duration or timeout: 0 millisecondsFor documentation on this error, please visit: http://seleniumhq.org/exceptions/no_such_element.htmlBuild info: version: '3.8.1', revision: '6e95a6684b', time: '2017-12-01T18:33:54.468Z'System info: host: 'L33986WUS', ip: '55.55.55.1', os.name: 'Windows 10', os.arch: 'amd64', os.version: '10.0', java.version: '1.8.0_202'Driver info: org.openqa.selenium.chrome.ChromeDriverCapabilities {acceptInsecureCerts: true, acceptSslCerts: true, applicationCacheEnabled: false, browserConnectionEnabled: false, browserName: chrome, chrome: {chromedriverVersion: 2.35.528161 (5b82f2d2aae0ca..., userDataDir: C:\Users\rathr1\AppData\Loc...}, cssSelectorsEnabled: true, databaseEnabled: false, handlesAlerts: true, hasTouchScreen: false, javascriptEnabled: true, locationContextEnabled: true, mobileEmulationEnabled: false, nativeEvents: true, networkConnectionEnabled: false, pageLoadStrategy: normal, platform: XP, platformName: XP, rotatable: false, setWindowRect: true, takesHeapSnapshot: true, takesScreenshot: true, unexpectedAlertBehaviour: , unhandledPromptBehavior: , version: 77.0.3865.75, webStorageEnabled: true}Session ID: 61f1e5842df6a2356fab266bbe726b89*** Element info: {Using=link text, value=Create a Page}at sun.reflect.GeneratedConstructorAccessor25.newInstance(Unknown Source)at sun.reflect.DelegatingConstructorAccessorImpl.newInstance(DelegatingConstructorAccessorImpl.java:45)at java.lang.reflect.Constructor.newInstance(Constructor.java:423)at org.openqa.selenium.remote.ErrorHandler.createThrowable(ErrorHandler.java:214)at org.openqa.selenium.remote.ErrorHandler.throwIfResponseFailed(ErrorHandler.java:166)at org.openqa.selenium.remote.http.JsonHttpResponseCodec.reconstructValue(JsonHttpResponseCodec.java:40)at org.openqa.selenium.remote.http.AbstractHttpResponseCodec.decode(AbstractHttpResponseCodec.java:80)at org.openqa.selenium.remote.http.AbstractHttpResponseCodec.decode(AbstractHttpResponseCodec.java:44)at org.openqa.selenium.remote.HttpCommandExecutor.execute(HttpCommandExecutor.java:164)at org.openqa.selenium.remote.service.DriverCommandExecutor.execute(DriverCommandExecutor.java:83)at org.openqa.selenium.remote.RemoteWebDriver.execute(RemoteWebDriver.java:601)at org.openqa.selenium.remote.RemoteWebDriver.findElement(RemoteWebDriver.java:371)at org.openqa.selenium.remote.RemoteWebDriver.findElementByLinkText(RemoteWebDriver.java:425)at org.openqa.selenium.By$ByLinkText.findElement(By.java:246)at org.openqa.selenium.remote.RemoteWebDriver.findElement(RemoteWebDriver.java:363)at com.webdriver.helper.ButtonHelper.click(ButtonHelper.java:22)at com.webdriver.webelementfunction.WebElementStepDfn.webelementfunction_i_call_the_click_method_on_hyper_link_it_shoulc_click_on_the_hyper_link(WebElementStepDfn.java:121)at ✽.WebElementFunction_I call the click method on hyper link it shoulc click on the hyper link(file:src/main/java/com/webdriver/webelementfunction/WebelementFunction.feature:28)]]>
            </full-stacktrace>
          </exception> <!-- org.openqa.selenium.NoSuchElementException -->
          <reporter-output>
          </reporter-output>
        </test-method> <!-- runScenario -->
        <test-method status="FAIL" signature="runScenario(io.cucumber.testng.PickleEventWrapper, io.cucumber.testng.CucumberFeatureWrapper)[pri:0, instance:com.webdriver.runner.CustomGenericRunner@71809907]" name="runScenario" duration-ms="8449" started-at="2019-10-12T20:57:32Z" description="Runs Cucumber Scenarios" data-provider="scenarios" finished-at="2019-10-12T20:57:40Z">
          <params>
            <param index="0">
              <value>
                <![CDATA["Working with drop down - Combo box"]]>
              </value>
            </param>
            <param index="1">
              <value>
                <![CDATA["Web Element Functions"]]>
              </value>
            </param>
          </params>
          <exception class="org.openqa.selenium.NoSuchElementException">
            <message>
              <![CDATA[no such element: Unable to locate element: {"method":"css selector","selector":"#month"}  (Session info: chrome=77.0.3865.75)  (Driver info: chromedriver=2.35.528161 (5b82f2d2aae0ca24b877009200ced9065a772e73),platform=Windows NT 10.0.17763 x86_64) (WARNING: The server did not provide any stacktrace information)Command duration or timeout: 0 millisecondsFor documentation on this error, please visit: http://seleniumhq.org/exceptions/no_such_element.htmlBuild info: version: '3.8.1', revision: '6e95a6684b', time: '2017-12-01T18:33:54.468Z'System info: host: 'L33986WUS', ip: '55.55.55.1', os.name: 'Windows 10', os.arch: 'amd64', os.version: '10.0', java.version: '1.8.0_202'Driver info: org.openqa.selenium.chrome.ChromeDriverCapabilities {acceptInsecureCerts: true, acceptSslCerts: true, applicationCacheEnabled: false, browserConnectionEnabled: false, browserName: chrome, chrome: {chromedriverVersion: 2.35.528161 (5b82f2d2aae0ca..., userDataDir: C:\Users\rathr1\AppData\Loc...}, cssSelectorsEnabled: true, databaseEnabled: false, handlesAlerts: true, hasTouchScreen: false, javascriptEnabled: true, locationContextEnabled: true, mobileEmulationEnabled: false, nativeEvents: true, networkConnectionEnabled: false, pageLoadStrategy: normal, platform: XP, platformName: XP, rotatable: false, setWindowRect: true, takesHeapSnapshot: true, takesScreenshot: true, unexpectedAlertBehaviour: , unhandledPromptBehavior: , version: 77.0.3865.75, webStorageEnabled: true}Session ID: 31ca5b8330338c2f9b169b0df582802a*** Element info: {Using=css selector, value=#month}]]>
            </message>
            <full-stacktrace>
              <![CDATA[org.openqa.selenium.NoSuchElementException: no such element: Unable to locate element: {"method":"css selector","selector":"#month"}  (Session info: chrome=77.0.3865.75)  (Driver info: chromedriver=2.35.528161 (5b82f2d2aae0ca24b877009200ced9065a772e73),platform=Windows NT 10.0.17763 x86_64) (WARNING: The server did not provide any stacktrace information)Command duration or timeout: 0 millisecondsFor documentation on this error, please visit: http://seleniumhq.org/exceptions/no_such_element.htmlBuild info: version: '3.8.1', revision: '6e95a6684b', time: '2017-12-01T18:33:54.468Z'System info: host: 'L33986WUS', ip: '55.55.55.1', os.name: 'Windows 10', os.arch: 'amd64', os.version: '10.0', java.version: '1.8.0_202'Driver info: org.openqa.selenium.chrome.ChromeDriverCapabilities {acceptInsecureCerts: true, acceptSslCerts: true, applicationCacheEnabled: false, browserConnectionEnabled: false, browserName: chrome, chrome: {chromedriverVersion: 2.35.528161 (5b82f2d2aae0ca..., userDataDir: C:\Users\rathr1\AppData\Loc...}, cssSelectorsEnabled: true, databaseEnabled: false, handlesAlerts: true, hasTouchScreen: false, javascriptEnabled: true, locationContextEnabled: true, mobileEmulationEnabled: false, nativeEvents: true, networkConnectionEnabled: false, pageLoadStrategy: normal, platform: XP, platformName: XP, rotatable: false, setWindowRect: true, takesHeapSnapshot: true, takesScreenshot: true, unexpectedAlertBehaviour: , unhandledPromptBehavior: , version: 77.0.3865.75, webStorageEnabled: true}Session ID: 31ca5b8330338c2f9b169b0df582802a*** Element info: {Using=css selector, value=#month}at sun.reflect.GeneratedConstructorAccessor25.newInstance(Unknown Source)at sun.reflect.DelegatingConstructorAccessorImpl.newInstance(DelegatingConstructorAccessorImpl.java:45)at java.lang.reflect.Constructor.newInstance(Constructor.java:423)at org.openqa.selenium.remote.ErrorHandler.createThrowable(ErrorHandler.java:214)at org.openqa.selenium.remote.ErrorHandler.throwIfResponseFailed(ErrorHandler.java:166)at org.openqa.selenium.remote.http.JsonHttpResponseCodec.reconstructValue(JsonHttpResponseCodec.java:40)at org.openqa.selenium.remote.http.AbstractHttpResponseCodec.decode(AbstractHttpResponseCodec.java:80)at org.openqa.selenium.remote.http.AbstractHttpResponseCodec.decode(AbstractHttpResponseCodec.java:44)at org.openqa.selenium.remote.HttpCommandExecutor.execute(HttpCommandExecutor.java:164)at org.openqa.selenium.remote.service.DriverCommandExecutor.execute(DriverCommandExecutor.java:83)at org.openqa.selenium.remote.RemoteWebDriver.execute(RemoteWebDriver.java:601)at org.openqa.selenium.remote.RemoteWebDriver.findElement(RemoteWebDriver.java:371)at org.openqa.selenium.remote.RemoteWebDriver.findElementByCssSelector(RemoteWebDriver.java:465)at org.openqa.selenium.By$ByCssSelector.findElement(By.java:430)at org.openqa.selenium.remote.RemoteWebDriver.findElement(RemoteWebDriver.java:363)at com.webdriver.helper.DropdownHelper.selectByVisibleText(DropdownHelper.java:30)at com.webdriver.webelementfunction.WebElementStepDfn.webelementfunction_i_call_select_by_visible_text_on_dropdown_it_should_select_the_value_based_on_ui(WebElementStepDfn.java:133)at ✽.WebElementFunction_I call select by visible text on dropdown it should select the value based on ui(file:src/main/java/com/webdriver/webelementfunction/WebelementFunction.feature:32)]]>
            </full-stacktrace>
          </exception> <!-- org.openqa.selenium.NoSuchElementException -->
          <reporter-output>
          </reporter-output>
        </test-method> <!-- runScenario -->
        <test-method status="PASS" signature="tearDownClass()[pri:0, instance:com.webdriver.runner.CustomGenericRunner@71809907]" name="tearDownClass" is-config="true" duration-ms="1149" started-at="2019-10-12T20:57:40Z" finished-at="2019-10-12T20:57:41Z">
          <reporter-output>
          </reporter-output>
        </test-method> <!-- tearDownClass -->
      </class> <!-- com.webdriver.runner.CustomGenericRunner -->
    </test> <!-- Default test -->
  </suite> <!-- Default suite -->
</testng-results>
