<?xml version="1.0" encoding="UTF-8"?>
<testng-results skipped="0" failed="1" ignored="0" total="9" passed="8">
  <reporter-output>
  </reporter-output>
  <suite name="Default suite" duration-ms="116353" started-at="2019-10-06T22:46:59Z" finished-at="2019-10-06T22:48:56Z">
    <groups>
      <group name="cucumber">
        <method signature="CustomAbstractTestNGCucumberTests.runScenario(io.cucumber.testng.PickleEventWrapper, io.cucumber.testng.CucumberFeatureWrapper)[pri:0, instance:com.webdriver.runner.CustomGenericRunner@52e6fdee]" name="runScenario" class="com.webdriver.io.customrunner.CustomAbstractTestNGCucumberTests"/>
      </group> <!-- cucumber -->
    </groups>
    <test name="Default test" duration-ms="116353" started-at="2019-10-06T22:46:59Z" finished-at="2019-10-06T22:48:56Z">
      <class name="com.webdriver.runner.CustomGenericRunner">
        <test-method status="PASS" signature="setUpClass()[pri:0, instance:com.webdriver.runner.CustomGenericRunner@52e6fdee]" name="setUpClass" is-config="true" duration-ms="135" started-at="2019-10-06T15:46:59Z" finished-at="2019-10-06T15:46:59Z">
          <reporter-output>
          </reporter-output>
        </test-method> <!-- setUpClass -->
        <test-method status="PASS" signature="runScenario(io.cucumber.testng.PickleEventWrapper, io.cucumber.testng.CucumberFeatureWrapper)[pri:0, instance:com.webdriver.runner.CustomGenericRunner@52e6fdee]" name="runScenario" duration-ms="14560" started-at="2019-10-06T15:47:18Z" description="Runs Cucumber Scenarios" data-provider="scenarios" finished-at="2019-10-06T15:47:33Z">
          <params>
            <param index="0">
              <value>
                <![CDATA["Handling Alerts"]]>
              </value>
            </param>
            <param index="1">
              <value>
                <![CDATA["Working with Java Script Popup"]]>
              </value>
            </param>
          </params>
          <reporter-output>
          </reporter-output>
        </test-method> <!-- runScenario -->
        <test-method status="PASS" signature="runScenario(io.cucumber.testng.PickleEventWrapper, io.cucumber.testng.CucumberFeatureWrapper)[pri:0, instance:com.webdriver.runner.CustomGenericRunner@52e6fdee]" name="runScenario" duration-ms="13927" started-at="2019-10-06T15:47:33Z" description="Runs Cucumber Scenarios" data-provider="scenarios" finished-at="2019-10-06T15:47:47Z">
          <params>
            <param index="0">
              <value>
                <![CDATA["Working with confirmation popup"]]>
              </value>
            </param>
            <param index="1">
              <value>
                <![CDATA["Working with Java Script Popup"]]>
              </value>
            </param>
          </params>
          <reporter-output>
          </reporter-output>
        </test-method> <!-- runScenario -->
        <test-method status="PASS" signature="runScenario(io.cucumber.testng.PickleEventWrapper, io.cucumber.testng.CucumberFeatureWrapper)[pri:0, instance:com.webdriver.runner.CustomGenericRunner@52e6fdee]" name="runScenario" duration-ms="13125" started-at="2019-10-06T15:47:47Z" description="Runs Cucumber Scenarios" data-provider="scenarios" finished-at="2019-10-06T15:48:00Z">
          <params>
            <param index="0">
              <value>
                <![CDATA["Working with prompt"]]>
              </value>
            </param>
            <param index="1">
              <value>
                <![CDATA["Working with Java Script Popup"]]>
              </value>
            </param>
          </params>
          <reporter-output>
          </reporter-output>
        </test-method> <!-- runScenario -->
        <test-method status="PASS" signature="runScenario(io.cucumber.testng.PickleEventWrapper, io.cucumber.testng.CucumberFeatureWrapper)[pri:0, instance:com.webdriver.runner.CustomGenericRunner@52e6fdee]" name="runScenario" duration-ms="14520" started-at="2019-10-06T15:48:00Z" description="Runs Cucumber Scenarios" data-provider="scenarios" finished-at="2019-10-06T15:48:14Z">
          <params>
            <param index="0">
              <value>
                <![CDATA["Working with Bootstrap popup"]]>
              </value>
            </param>
            <param index="1">
              <value>
                <![CDATA["Working with Java Script Popup"]]>
              </value>
            </param>
          </params>
          <reporter-output>
          </reporter-output>
        </test-method> <!-- runScenario -->
        <test-method status="PASS" signature="runScenario(io.cucumber.testng.PickleEventWrapper, io.cucumber.testng.CucumberFeatureWrapper)[pri:0, instance:com.webdriver.runner.CustomGenericRunner@52e6fdee]" name="runScenario" duration-ms="7590" started-at="2019-10-06T15:48:14Z" description="Runs Cucumber Scenarios" data-provider="scenarios" finished-at="2019-10-06T15:48:22Z">
          <params>
            <param index="0">
              <value>
                <![CDATA["Webelement Function for single element"]]>
              </value>
            </param>
            <param index="1">
              <value>
                <![CDATA["Web Element Functions"]]>
              </value>
            </param>
          </params>
          <reporter-output>
          </reporter-output>
        </test-method> <!-- runScenario -->
        <test-method status="PASS" signature="runScenario(io.cucumber.testng.PickleEventWrapper, io.cucumber.testng.CucumberFeatureWrapper)[pri:0, instance:com.webdriver.runner.CustomGenericRunner@52e6fdee]" name="runScenario" duration-ms="7750" started-at="2019-10-06T15:48:22Z" description="Runs Cucumber Scenarios" data-provider="scenarios" finished-at="2019-10-06T15:48:29Z">
          <params>
            <param index="0">
              <value>
                <![CDATA["Webelement Function for multiple elements"]]>
              </value>
            </param>
            <param index="1">
              <value>
                <![CDATA["Web Element Functions"]]>
              </value>
            </param>
          </params>
          <reporter-output>
          </reporter-output>
        </test-method> <!-- runScenario -->
        <test-method status="PASS" signature="runScenario(io.cucumber.testng.PickleEventWrapper, io.cucumber.testng.CucumberFeatureWrapper)[pri:0, instance:com.webdriver.runner.CustomGenericRunner@52e6fdee]" name="runScenario" duration-ms="7890" started-at="2019-10-06T15:48:29Z" description="Runs Cucumber Scenarios" data-provider="scenarios" finished-at="2019-10-06T15:48:37Z">
          <params>
            <param index="0">
              <value>
                <![CDATA["Working with text box"]]>
              </value>
            </param>
            <param index="1">
              <value>
                <![CDATA["Web Element Functions"]]>
              </value>
            </param>
          </params>
          <reporter-output>
          </reporter-output>
        </test-method> <!-- runScenario -->
        <test-method status="PASS" signature="runScenario(io.cucumber.testng.PickleEventWrapper, io.cucumber.testng.CucumberFeatureWrapper)[pri:0, instance:com.webdriver.runner.CustomGenericRunner@52e6fdee]" name="runScenario" duration-ms="10800" started-at="2019-10-06T15:48:37Z" description="Runs Cucumber Scenarios" data-provider="scenarios" finished-at="2019-10-06T15:48:48Z">
          <params>
            <param index="0">
              <value>
                <![CDATA["Working with Button,CheckBox Hyperlink and Radio Button"]]>
              </value>
            </param>
            <param index="1">
              <value>
                <![CDATA["Web Element Functions"]]>
              </value>
            </param>
          </params>
          <reporter-output>
          </reporter-output>
        </test-method> <!-- runScenario -->
        <test-method status="FAIL" signature="runScenario(io.cucumber.testng.PickleEventWrapper, io.cucumber.testng.CucumberFeatureWrapper)[pri:0, instance:com.webdriver.runner.CustomGenericRunner@52e6fdee]" name="runScenario" duration-ms="7220" started-at="2019-10-06T15:48:48Z" description="Runs Cucumber Scenarios" data-provider="scenarios" finished-at="2019-10-06T15:48:55Z">
          <params>
            <param index="0">
              <value>
                <![CDATA["Working with drop down - Combo box"]]>
              </value>
            </param>
            <param index="1">
              <value>
                <![CDATA["Web Element Functions"]]>
              </value>
            </param>
          </params>
          <exception class="org.openqa.selenium.NoSuchElementException">
            <message>
              <![CDATA[no such element: Unable to locate element: {"method":"css selector","selector":"#month"}  (Session info: chrome=77.0.3865.75)  (Driver info: chromedriver=2.35.528161 (5b82f2d2aae0ca24b877009200ced9065a772e73),platform=Windows NT 10.0.17763 x86_64) (WARNING: The server did not provide any stacktrace information)Command duration or timeout: 0 millisecondsFor documentation on this error, please visit: http://seleniumhq.org/exceptions/no_such_element.htmlBuild info: version: '3.8.1', revision: '6e95a6684b', time: '2017-12-01T18:33:54.468Z'System info: host: 'L33986WUS', ip: '55.55.55.1', os.name: 'Windows 10', os.arch: 'amd64', os.version: '10.0', java.version: '1.8.0_202'Driver info: org.openqa.selenium.chrome.ChromeDriverCapabilities {acceptInsecureCerts: true, acceptSslCerts: true, applicationCacheEnabled: false, browserConnectionEnabled: false, browserName: chrome, chrome: {chromedriverVersion: 2.35.528161 (5b82f2d2aae0ca..., userDataDir: C:\Users\rathr1\AppData\Loc...}, cssSelectorsEnabled: true, databaseEnabled: false, handlesAlerts: true, hasTouchScreen: false, javascriptEnabled: true, locationContextEnabled: true, mobileEmulationEnabled: false, nativeEvents: true, networkConnectionEnabled: false, pageLoadStrategy: normal, platform: XP, platformName: XP, rotatable: false, setWindowRect: true, takesHeapSnapshot: true, takesScreenshot: true, unexpectedAlertBehaviour: , unhandledPromptBehavior: , version: 77.0.3865.75, webStorageEnabled: true}Session ID: 80069875df655558231822ff116e2141*** Element info: {Using=css selector, value=#month}]]>
            </message>
            <full-stacktrace>
              <![CDATA[org.openqa.selenium.NoSuchElementException: no such element: Unable to locate element: {"method":"css selector","selector":"#month"}  (Session info: chrome=77.0.3865.75)  (Driver info: chromedriver=2.35.528161 (5b82f2d2aae0ca24b877009200ced9065a772e73),platform=Windows NT 10.0.17763 x86_64) (WARNING: The server did not provide any stacktrace information)Command duration or timeout: 0 millisecondsFor documentation on this error, please visit: http://seleniumhq.org/exceptions/no_such_element.htmlBuild info: version: '3.8.1', revision: '6e95a6684b', time: '2017-12-01T18:33:54.468Z'System info: host: 'L33986WUS', ip: '55.55.55.1', os.name: 'Windows 10', os.arch: 'amd64', os.version: '10.0', java.version: '1.8.0_202'Driver info: org.openqa.selenium.chrome.ChromeDriverCapabilities {acceptInsecureCerts: true, acceptSslCerts: true, applicationCacheEnabled: false, browserConnectionEnabled: false, browserName: chrome, chrome: {chromedriverVersion: 2.35.528161 (5b82f2d2aae0ca..., userDataDir: C:\Users\rathr1\AppData\Loc...}, cssSelectorsEnabled: true, databaseEnabled: false, handlesAlerts: true, hasTouchScreen: false, javascriptEnabled: true, locationContextEnabled: true, mobileEmulationEnabled: false, nativeEvents: true, networkConnectionEnabled: false, pageLoadStrategy: normal, platform: XP, platformName: XP, rotatable: false, setWindowRect: true, takesHeapSnapshot: true, takesScreenshot: true, unexpectedAlertBehaviour: , unhandledPromptBehavior: , version: 77.0.3865.75, webStorageEnabled: true}Session ID: 80069875df655558231822ff116e2141*** Element info: {Using=css selector, value=#month}at sun.reflect.NativeConstructorAccessorImpl.newInstance0(Native Method)at sun.reflect.NativeConstructorAccessorImpl.newInstance(NativeConstructorAccessorImpl.java:62)at sun.reflect.DelegatingConstructorAccessorImpl.newInstance(DelegatingConstructorAccessorImpl.java:45)at java.lang.reflect.Constructor.newInstance(Constructor.java:423)at org.openqa.selenium.remote.ErrorHandler.createThrowable(ErrorHandler.java:214)at org.openqa.selenium.remote.ErrorHandler.throwIfResponseFailed(ErrorHandler.java:166)at org.openqa.selenium.remote.http.JsonHttpResponseCodec.reconstructValue(JsonHttpResponseCodec.java:40)at org.openqa.selenium.remote.http.AbstractHttpResponseCodec.decode(AbstractHttpResponseCodec.java:80)at org.openqa.selenium.remote.http.AbstractHttpResponseCodec.decode(AbstractHttpResponseCodec.java:44)at org.openqa.selenium.remote.HttpCommandExecutor.execute(HttpCommandExecutor.java:164)at org.openqa.selenium.remote.service.DriverCommandExecutor.execute(DriverCommandExecutor.java:83)at org.openqa.selenium.remote.RemoteWebDriver.execute(RemoteWebDriver.java:601)at org.openqa.selenium.remote.RemoteWebDriver.findElement(RemoteWebDriver.java:371)at org.openqa.selenium.remote.RemoteWebDriver.findElementByCssSelector(RemoteWebDriver.java:465)at org.openqa.selenium.By$ByCssSelector.findElement(By.java:430)at org.openqa.selenium.remote.RemoteWebDriver.findElement(RemoteWebDriver.java:363)at com.webdriver.helper.DropdownHelper.selectByVisibleText(DropdownHelper.java:30)at com.webdriver.webelementfunction.WebElementStepDfn.webelementfunction_i_call_select_by_visible_text_on_dropdown_it_should_select_the_value_based_on_ui(WebElementStepDfn.java:133)at ✽.WebElementFunction_I call select by visible text on dropdown it should select the value based on ui(file:src/main/java/com/webdriver/webelementfunction/WebelementFunction.feature:32)]]>
            </full-stacktrace>
          </exception> <!-- org.openqa.selenium.NoSuchElementException -->
          <reporter-output>
          </reporter-output>
        </test-method> <!-- runScenario -->
        <test-method status="PASS" signature="tearDownClass()[pri:0, instance:com.webdriver.runner.CustomGenericRunner@52e6fdee]" name="tearDownClass" is-config="true" duration-ms="118" started-at="2019-10-06T15:48:55Z" finished-at="2019-10-06T15:48:56Z">
          <reporter-output>
          </reporter-output>
        </test-method> <!-- tearDownClass -->
      </class> <!-- com.webdriver.runner.CustomGenericRunner -->
    </test> <!-- Default test -->
  </suite> <!-- Default suite -->
</testng-results>
