<?xml version="1.0" encoding="UTF-8"?>
<testng-results skipped="0" failed="1" ignored="0" total="3" passed="2">
  <reporter-output>
  </reporter-output>
  <suite name="Default suite" duration-ms="46113" started-at="2019-10-13T05:56:15Z" finished-at="2019-10-13T05:57:01Z">
    <groups>
      <group name="cucumber">
        <method signature="AbstractTestNGCucumberTests.runScenario(io.cucumber.testng.PickleEventWrapper, io.cucumber.testng.CucumberFeatureWrapper)[pri:0, instance:com.webdriver.runner.BugCreationRunner@71318ec4]" name="runScenario" class="io.cucumber.testng.AbstractTestNGCucumberTests"/>
      </group> <!-- cucumber -->
    </groups>
    <test name="Default test" duration-ms="46113" started-at="2019-10-13T05:56:15Z" finished-at="2019-10-13T05:57:01Z">
      <class name="com.webdriver.runner.BugCreationRunner">
        <test-method status="PASS" signature="setUpClass()[pri:0, instance:com.webdriver.runner.BugCreationRunner@71318ec4]" name="setUpClass" is-config="true" duration-ms="109" started-at="2019-10-12T22:56:15Z" finished-at="2019-10-12T22:56:15Z">
          <reporter-output>
          </reporter-output>
        </test-method> <!-- setUpClass -->
        <test-method status="FAIL" signature="runScenario(io.cucumber.testng.PickleEventWrapper, io.cucumber.testng.CucumberFeatureWrapper)[pri:0, instance:com.webdriver.runner.BugCreationRunner@71318ec4]" name="runScenario" duration-ms="8592" started-at="2019-10-12T22:56:15Z" description="Runs Cucumber Scenarios" data-provider="scenarios" finished-at="2019-10-12T22:56:23Z">
          <params>
            <param index="0">
              <value>
                <![CDATA["Bug Creation"]]>
              </value>
            </param>
            <param index="1">
              <value>
                <![CDATA["Create bug in bugzila application"]]>
              </value>
            </param>
          </params>
          <exception class="java.lang.AssertionError">
            <message>
              <![CDATA[To Take the Screen Shot]]>
            </message>
            <full-stacktrace>
              <![CDATA[java.lang.AssertionError: To Take the Screen Shotat org.testng.Assert.fail(Assert.java:96)at com.webdriver.page.BugCreationStepDfn.bugzilla_the_title_of_login_page_should_be(BugCreationStepDfn.java:58)at ✽.Bugzilla_The title of login page should be "Log in to Bugzilla"(file:src/main/java/com/webdriver/page/BugCreation.feature:6)]]>
            </full-stacktrace>
          </exception> <!-- java.lang.AssertionError -->
          <reporter-output>
          </reporter-output>
        </test-method> <!-- runScenario -->
        <test-method status="PASS" signature="runScenario(io.cucumber.testng.PickleEventWrapper, io.cucumber.testng.CucumberFeatureWrapper)[pri:0, instance:com.webdriver.runner.BugCreationRunner@71318ec4]" name="runScenario" duration-ms="17558" started-at="2019-10-12T22:56:23Z" description="Runs Cucumber Scenarios" data-provider="scenarios" finished-at="2019-10-12T22:56:41Z">
          <params>
            <param index="0">
              <value>
                <![CDATA["Bug Creation for Test Product"]]>
              </value>
            </param>
            <param index="1">
              <value>
                <![CDATA["Create bug in bugzila application"]]>
              </value>
            </param>
          </params>
          <reporter-output>
          </reporter-output>
        </test-method> <!-- runScenario -->
        <test-method status="PASS" signature="runScenario(io.cucumber.testng.PickleEventWrapper, io.cucumber.testng.CucumberFeatureWrapper)[pri:0, instance:com.webdriver.runner.BugCreationRunner@71318ec4]" name="runScenario" duration-ms="19776" started-at="2019-10-12T22:56:41Z" description="Runs Cucumber Scenarios" data-provider="scenarios" finished-at="2019-10-12T22:57:01Z">
          <params>
            <param index="0">
              <value>
                <![CDATA["Usage of Custom Factory"]]>
              </value>
            </param>
            <param index="1">
              <value>
                <![CDATA["Create bug in bugzila application"]]>
              </value>
            </param>
          </params>
          <reporter-output>
          </reporter-output>
        </test-method> <!-- runScenario -->
        <test-method status="PASS" signature="tearDownClass()[pri:0, instance:com.webdriver.runner.BugCreationRunner@71318ec4]" name="tearDownClass" is-config="true" duration-ms="48" started-at="2019-10-12T22:57:01Z" finished-at="2019-10-12T22:57:01Z">
          <reporter-output>
          </reporter-output>
        </test-method> <!-- tearDownClass -->
      </class> <!-- com.webdriver.runner.BugCreationRunner -->
    </test> <!-- Default test -->
  </suite> <!-- Default suite -->
</testng-results>
