<?xml version="1.0" encoding="UTF-8"?>
<!-- Generated by org.testng.reporters.JUnitReportReporter -->
<testsuite skipped="0" hostname="L33986WUS" name="com.webdriver.runner.CustomGenericRunner" tests="9" failures="0" timestamp="06 Oct 2019 22:48:56 GMT" time="97.382" errors="1">
  <testcase name="runScenario" time="7.890" classname="com.webdriver.runner.CustomGenericRunner"/>
  <testcase name="runScenario" time="7.220" classname="com.webdriver.runner.CustomGenericRunner">
    <error type="org.openqa.selenium.NoSuchElementException" message="no such element: Unable to locate element: {&quot;method&quot;:&quot;css selector&quot;,&quot;selector&quot;:&quot;#month&quot;}
  (Session info: chrome=77.0.3865.75)
  (Driver info: chromedriver=2.35.528161 (5b82f2d2aae0ca24b877009200ced9065a772e73),platform=Windows NT 10.0.17763 x86_64) (WARNING: The server did not provide any stacktrace information)
Command duration or timeout: 0 milliseconds
For documentation on this error, please visit: http://seleniumhq.org/exceptions/no_such_element.html
Build info: version: &#039;3.8.1&#039;, revision: &#039;6e95a6684b&#039;, time: &#039;2017-12-01T18:33:54.468Z&#039;
System info: host: &#039;L33986WUS&#039;, ip: &#039;55.55.55.1&#039;, os.name: &#039;Windows 10&#039;, os.arch: &#039;amd64&#039;, os.version: &#039;10.0&#039;, java.version: &#039;1.8.0_202&#039;
Driver info: org.openqa.selenium.chrome.ChromeDriver
Capabilities {acceptInsecureCerts: true, acceptSslCerts: true, applicationCacheEnabled: false, browserConnectionEnabled: false, browserName: chrome, chrome: {chromedriverVersion: 2.35.528161 (5b82f2d2aae0ca..., userDataDir: C:\Users\rathr1\AppData\Loc...}, cssSelectorsEnabled: true, databaseEnabled: false, handlesAlerts: true, hasTouchScreen: false, javascriptEnabled: true, locationContextEnabled: true, mobileEmulationEnabled: false, nativeEvents: true, networkConnectionEnabled: false, pageLoadStrategy: normal, platform: XP, platformName: XP, rotatable: false, setWindowRect: true, takesHeapSnapshot: true, takesScreenshot: true, unexpectedAlertBehaviour: , unhandledPromptBehavior: , version: 77.0.3865.75, webStorageEnabled: true}
Session ID: 80069875df655558231822ff116e2141
*** Element info: {Using=css selector, value=#month}">
      <![CDATA[org.openqa.selenium.NoSuchElementException: no such element: Unable to locate element: {"method":"css selector","selector":"#month"}  (Session info: chrome=77.0.3865.75)  (Driver info: chromedriver=2.35.528161 (5b82f2d2aae0ca24b877009200ced9065a772e73),platform=Windows NT 10.0.17763 x86_64) (WARNING: The server did not provide any stacktrace information)Command duration or timeout: 0 millisecondsFor documentation on this error, please visit: http://seleniumhq.org/exceptions/no_such_element.htmlBuild info: version: '3.8.1', revision: '6e95a6684b', time: '2017-12-01T18:33:54.468Z'System info: host: 'L33986WUS', ip: '55.55.55.1', os.name: 'Windows 10', os.arch: 'amd64', os.version: '10.0', java.version: '1.8.0_202'Driver info: org.openqa.selenium.chrome.ChromeDriverCapabilities {acceptInsecureCerts: true, acceptSslCerts: true, applicationCacheEnabled: false, browserConnectionEnabled: false, browserName: chrome, chrome: {chromedriverVersion: 2.35.528161 (5b82f2d2aae0ca..., userDataDir: C:\Users\rathr1\AppData\Loc...}, cssSelectorsEnabled: true, databaseEnabled: false, handlesAlerts: true, hasTouchScreen: false, javascriptEnabled: true, locationContextEnabled: true, mobileEmulationEnabled: false, nativeEvents: true, networkConnectionEnabled: false, pageLoadStrategy: normal, platform: XP, platformName: XP, rotatable: false, setWindowRect: true, takesHeapSnapshot: true, takesScreenshot: true, unexpectedAlertBehaviour: , unhandledPromptBehavior: , version: 77.0.3865.75, webStorageEnabled: true}Session ID: 80069875df655558231822ff116e2141*** Element info: {Using=css selector, value=#month}at sun.reflect.NativeConstructorAccessorImpl.newInstance0(Native Method)at sun.reflect.NativeConstructorAccessorImpl.newInstance(NativeConstructorAccessorImpl.java:62)at sun.reflect.DelegatingConstructorAccessorImpl.newInstance(DelegatingConstructorAccessorImpl.java:45)at java.lang.reflect.Constructor.newInstance(Constructor.java:423)at org.openqa.selenium.remote.ErrorHandler.createThrowable(ErrorHandler.java:214)at org.openqa.selenium.remote.ErrorHandler.throwIfResponseFailed(ErrorHandler.java:166)at org.openqa.selenium.remote.http.JsonHttpResponseCodec.reconstructValue(JsonHttpResponseCodec.java:40)at org.openqa.selenium.remote.http.AbstractHttpResponseCodec.decode(AbstractHttpResponseCodec.java:80)at org.openqa.selenium.remote.http.AbstractHttpResponseCodec.decode(AbstractHttpResponseCodec.java:44)at org.openqa.selenium.remote.HttpCommandExecutor.execute(HttpCommandExecutor.java:164)at org.openqa.selenium.remote.service.DriverCommandExecutor.execute(DriverCommandExecutor.java:83)at org.openqa.selenium.remote.RemoteWebDriver.execute(RemoteWebDriver.java:601)at org.openqa.selenium.remote.RemoteWebDriver.findElement(RemoteWebDriver.java:371)at org.openqa.selenium.remote.RemoteWebDriver.findElementByCssSelector(RemoteWebDriver.java:465)at org.openqa.selenium.By$ByCssSelector.findElement(By.java:430)at org.openqa.selenium.remote.RemoteWebDriver.findElement(RemoteWebDriver.java:363)at com.webdriver.helper.DropdownHelper.selectByVisibleText(DropdownHelper.java:30)at com.webdriver.webelementfunction.WebElementStepDfn.webelementfunction_i_call_select_by_visible_text_on_dropdown_it_should_select_the_value_based_on_ui(WebElementStepDfn.java:133)at ✽.WebElementFunction_I call select by visible text on dropdown it should select the value based on ui(file:src/main/java/com/webdriver/webelementfunction/WebelementFunction.feature:32)]]>
    </error>
  </testcase> <!-- runScenario -->
  <testcase name="runScenario" time="14.560" classname="com.webdriver.runner.CustomGenericRunner"/>
  <testcase name="runScenario" time="13.125" classname="com.webdriver.runner.CustomGenericRunner"/>
  <testcase name="runScenario" time="7.750" classname="com.webdriver.runner.CustomGenericRunner"/>
  <testcase name="runScenario" time="14.520" classname="com.webdriver.runner.CustomGenericRunner"/>
  <testcase name="runScenario" time="10.800" classname="com.webdriver.runner.CustomGenericRunner"/>
  <testcase name="runScenario" time="13.927" classname="com.webdriver.runner.CustomGenericRunner"/>
  <testcase name="runScenario" time="7.590" classname="com.webdriver.runner.CustomGenericRunner"/>
</testsuite> <!-- com.webdriver.runner.CustomGenericRunner -->
