<?xml version="1.0" encoding="UTF-8"?>
<!-- Generated by org.testng.reporters.JUnitReportReporter -->
<testsuite skipped="0" hostname="L33986WUS" name="com.webdriver.page.BugCreationRunner" tests="3" failures="1" timestamp="30 Apr 2020 03:47:25 GMT" time="32.585" errors="0">
  <testcase name="runScenario" time="13.489" classname="com.webdriver.page.BugCreationRunner"/>
  <testcase name="runScenario" time="6.939" classname="com.webdriver.page.BugCreationRunner">
    <failure type="java.lang.AssertionError" message="To Take the Screen Shot">
      <![CDATA[java.lang.AssertionError: To Take the Screen Shotat org.testng.Assert.fail(Assert.java:96)at com.webdriver.page.BugCreationStepDfn.bugzilla_the_title_of_login_page_should_be(BugCreationStepDfn.java:58)at ✽.Bugzilla_The title of login page should be "Log in to Bugzilla"(file:src/main/java/com/webdriver/page/BugCreation.feature:6)]]>
    </failure>
  </testcase> <!-- runScenario -->
  <testcase name="runScenario" time="12.157" classname="com.webdriver.page.BugCreationRunner"/>
</testsuite> <!-- com.webdriver.page.BugCreationRunner -->
