<?xml version="1.0" encoding="UTF-8"?>
<!-- Generated by org.testng.reporters.JUnitReportReporter -->
<testsuite skipped="0" hostname="L33986WUS" name="com.webdriver.runner.BugCreationRunner" tests="3" failures="1" timestamp="13 Oct 2019 05:57:01 GMT" time="45.926" errors="0">
  <testcase name="runScenario" time="17.558" classname="com.webdriver.runner.BugCreationRunner"/>
  <testcase name="runScenario" time="19.776" classname="com.webdriver.runner.BugCreationRunner"/>
  <testcase name="runScenario" time="8.592" classname="com.webdriver.runner.BugCreationRunner">
    <failure type="java.lang.AssertionError" message="To Take the Screen Shot">
      <![CDATA[java.lang.AssertionError: To Take the Screen Shotat org.testng.Assert.fail(Assert.java:96)at com.webdriver.page.BugCreationStepDfn.bugzilla_the_title_of_login_page_should_be(BugCreationStepDfn.java:58)at ✽.Bugzilla_The title of login page should be "Log in to Bugzilla"(file:src/main/java/com/webdriver/page/BugCreation.feature:6)]]>
    </failure>
  </testcase> <!-- runScenario -->
</testsuite> <!-- com.webdriver.runner.BugCreationRunner -->
